******************************************************************
*       Bio++ Maximum Likelihood Computation, version 3.0.0      *
*                                                                *
* Authors: J. Dutheil                       Last Modif. (prerelease) *
*          B. Boussau                                            *
*          L. Guéguen                                            *
*          M. Groussin                                           *
******************************************************************

Parsing options:
Parsing file ML.bpp for options.
Alphabet type .........................: Codon(letter=DNA)
Genetic Code...........................: InvertebrateMitochondrial
Sequence file .........................: PalandAndLynch28Concatenate.fasta
Sequence format .......................: FASTA file

Data 1
Sites to use...........................: all
Remove Stop Codons.....................: yes
Number of sites........................: 3681

Tree 1
Number of trees in file................: 1
Number of leaves.......................: 28
Branch lengths.........................: Input

Rate 1
Distribution...........................: Constant
Number of classes......................: 1
- Category 0 (Pr = 1) rate.............: 1

Model 1
Substitution model.....................: YN98
External model frequencies init........: observed
Parameter found........................: YN98.kappa=2
Parameter found........................: YN98.omega=0.5
Parameter found........................: YN98.1_Full.theta=0.446972
Parameter found........................: YN98.1_Full.theta1=0.469903
Parameter found........................: YN98.1_Full.theta2=0.567161
Parameter found........................: YN98.2_Full.theta=0.375437
Parameter found........................: YN98.2_Full.theta1=0.278943
Parameter found........................: YN98.2_Full.theta2=0.440704
Parameter found........................: YN98.3_Full.theta=0.367578
Parameter found........................: YN98.3_Full.theta1=0.422126
Parameter found........................: YN98.3_Full.theta2=0.444134
Data used .............................: 1

Process 1
Process type...........................: Homogeneous
 Model number..........................: 1
 Tree number...........................: 1
 Rate number...........................: 1
 Stationarity assumed.

Phylolikelihood 1
 Data used ............................: 1
 Process ..............................: 1

Result Phylolikelihood 
WARNING!!! Parameter result not specified. Default used instead: phylo1
 Result................................: phylo1


Initial log likelihood.................: -20075.7241786695
Message handler........................: PalandAndLynch28_h.messages
Profiler...............................: PalandAndLynch28_h.profile
Parameter ignored......................: YN98.1_Full.theta_1
Parameter ignored......................: YN98.1_Full.theta1_1
Parameter ignored......................: YN98.1_Full.theta2_1
Parameter ignored......................: YN98.2_Full.theta_1
Parameter ignored......................: YN98.2_Full.theta1_1
Parameter ignored......................: YN98.2_Full.theta2_1
Parameter ignored......................: YN98.3_Full.theta_1
Parameter ignored......................: YN98.3_Full.theta1_1
Parameter ignored......................: YN98.3_Full.theta2_1
Max # ML evaluations...................: 10000
Tolerance..............................: 1e-06
Optimization method....................: FullD
Algorithm used for derivable parameters: Newton
Reparametrization......................: no
Molecular clock........................: None
************

Performed..............................: 13 function evaluations.
Log likelihood.........................: -19466.2435871097
YN98.kappa_1...........................: 12.4975
YN98.omega_1...........................: 0.161335
YN98.1_Full.theta_1....................: 0.446972
YN98.1_Full.theta1_1...................: 0.469903
YN98.1_Full.theta2_1...................: 0.567161
YN98.2_Full.theta_1....................: 0.375437
YN98.2_Full.theta1_1...................: 0.278943
YN98.2_Full.theta2_1...................: 0.440704
YN98.3_Full.theta_1....................: 0.367578
YN98.3_Full.theta1_1...................: 0.422126
YN98.3_Full.theta2_1...................: 0.444134
WARNING!!! This parameter has a value close to the boundary: BrLen11_1(1e-12).
WARNING!!! This parameter has a value close to the boundary: BrLen3_1(1e-12).
WARNING!!! This parameter has a value close to the boundary: BrLen23_1(1e-12).
WARNING!!! This parameter has a value close to the boundary: BrLen21_1(1e-12).
WARNING!!! This parameter has a value close to the boundary: BrLen43_1(1e-12).
WARNING!!! This parameter has a value close to the boundary: BrLen27_1(1e-12).
WARNING!!! This parameter has a value close to the boundary: BrLen34_1(1e-12).
WARNING!!! This parameter has a value close to the boundary: BrLen42_1(1e-12).
output.estimates.......................: PalandAndLynch28.params_h.bpp
Wrote trees to files : ................: PalandAndLynch28.ml_h.dnd_...
Alignment information logfile..........: PalandAndLynch28_h.infos
bppml's done. Bye.
Total execution time: 0.000000d, 0.000000h, 0.000000m, 22.000000s.
