******************************************************************
*                     PartNH, version 1.3.0                      *
* Authors: J. Dutheil                       Created on  09/12/10 *
*          B. Boussau                       Last Modif. 24/11/14 *
******************************************************************

Parsing options:
Parsing file PartNH.bpp for options.
Input cluster tree.....................: PalandAndLynch.cluster_free.dnd
Input tree file........................: PalandAndLynch28.nhx
Alphabet type .........................: Codon(letter=DNA)
Genetic Code...........................: InvertebrateMitochondrial
Sequence file .........................: PalandAndLynch28Concatenate.fasta
Sequence format .......................: FASTA file
Sites to use...........................: all
Remove Stop Codons.....................: yes
Number of sequences....................: 28
Number of sites........................: 3681
StopCodon frequencies distribution ....: uniform
Substitution model.....................: YN98
External frequencies initialization for: observed
Parameter found........................: YN98.kappa=2
Parameter found........................: YN98.omega=0.5
Parameter found........................: YN98.1_Full.theta=0.446594
Parameter found........................: YN98.1_Full.theta1=0.46971
Parameter found........................: YN98.1_Full.theta2=0.567696
Parameter found........................: YN98.2_Full.theta=0.374549
Parameter found........................: YN98.2_Full.theta1=0.277684
Parameter found........................: YN98.2_Full.theta2=0.44014
Parameter found........................: YN98.3_Full.theta=0.366634
Parameter found........................: YN98.3_Full.theta1=0.421688
Parameter found........................: YN98.3_Full.theta2=0.443592
Distribution...........................: Constant
Number of classes......................: 1
- Category 0 (Pr = 1) rate.............: 1
Rate distribution......................: Constant
Number of classes......................: 1
Initializing data structure............: Done.
Number of distinct sites...............: 773
Log-Likelihood.........................: -19764.2
Output intermediate models.............: yes
Output log to..........................: PalandAndLynch28.model_free_BIC.log.txt
Message handler........................: PalandAndLynch28.free_BIC.message*
Profiler...............................: PalandAndLynch28.free_BIC.profile*
Parameter ignored......................: YN98.1_Full.theta
Parameter ignored......................: YN98.1_Full.theta1
Parameter ignored......................: YN98.1_Full.theta2
Parameter ignored......................: YN98.2_Full.theta
Parameter ignored......................: YN98.2_Full.theta1
Parameter ignored......................: YN98.2_Full.theta2
Parameter ignored......................: YN98.3_Full.theta
Parameter ignored......................: YN98.3_Full.theta1
Parameter ignored......................: YN98.3_Full.theta2
Max # ML evaluations...................: 1000
Tolerance..............................: 1e-06
Reparametrization......................: no
WARNING!!! Parameter optimization.clock not specified. Default used instead: None
Molecular clock........................: None
************

* Homogeneous model - LogL.............: -19467.6
                    - df...............: 64
WARNING!!! Parameter nonhomogeneous.stationarity not specified. Default used instead: 0
Stationarity assumed...................: yes
Global parameter.......................: YN98.kappa
Global parameter.......................: YN98*theta*
AIC....................................: 39063.2
AICc...................................: 39065.5
BIC....................................: 39460.7
Likelihood comparison method...........: BIC
Stop condition.........................: test 10 nested models after local best
Current threshold......................: 0
Number of real partitions..............: 2
Partition 1............................: 37 element(s).
Partition 2............................: 16 element(s).
Parameter ignored......................: YN98.1_Full.theta_1
Parameter ignored......................: YN98.1_Full.theta1_1
Parameter ignored......................: YN98.1_Full.theta2_1
Parameter ignored......................: YN98.2_Full.theta_1
Parameter ignored......................: YN98.2_Full.theta1_1
Parameter ignored......................: YN98.2_Full.theta2_1
Parameter ignored......................: YN98.3_Full.theta_1
Parameter ignored......................: YN98.3_Full.theta1_1
Parameter ignored......................: YN98.3_Full.theta2_1
********

* New NH model - LogL..................: -19450.6
               - df....................: 65
               - LRT p-value...........: 5.49434e-09
               - AIC...................: 39031.2
               - AICc..................: 39033.6
               - BIC...................: 39434.9
Current threshold......................: 0.0011336
Number of real partitions..............: 3
Partition 1............................: 37 element(s).
Partition 2............................: 11 element(s).
Partition 3............................: 5 element(s).
Parameter ignored......................: YN98.1_Full.theta_1
Parameter ignored......................: YN98.1_Full.theta1_1
Parameter ignored......................: YN98.1_Full.theta2_1
Parameter ignored......................: YN98.2_Full.theta_1
Parameter ignored......................: YN98.2_Full.theta1_1
Parameter ignored......................: YN98.2_Full.theta2_1
Parameter ignored......................: YN98.3_Full.theta_1
Parameter ignored......................: YN98.3_Full.theta1_1
Parameter ignored......................: YN98.3_Full.theta2_1
*******

* New NH model - LogL..................: -19445.4
               - df....................: 66
               - LRT p-value...........: 0.00120376
               - AIC...................: 39022.7
               - AICc..................: 39025.2
               - BIC...................: 39432.6
Current threshold......................: 0.0130752
Number of real partitions..............: 4
Partition 1............................: 11 element(s).
Partition 2............................: 5 element(s).
Partition 3............................: 17 element(s).
Partition 4............................: 20 element(s).
Parameter ignored......................: YN98.1_Full.theta_1
Parameter ignored......................: YN98.1_Full.theta1_1
Parameter ignored......................: YN98.1_Full.theta2_1
Parameter ignored......................: YN98.2_Full.theta_1
Parameter ignored......................: YN98.2_Full.theta1_1
Parameter ignored......................: YN98.2_Full.theta2_1
Parameter ignored......................: YN98.3_Full.theta_1
Parameter ignored......................: YN98.3_Full.theta1_1
Parameter ignored......................: YN98.3_Full.theta2_1
******

* New NH model - LogL..................: -19442.4
               - df....................: 67
               - LRT p-value...........: 0.0147301
               - AIC...................: 39018.8
               - AICc..................: 39021.3
               - BIC...................: 39434.9
Current threshold......................: 0.147042
Number of real partitions..............: 5
Partition 1............................: 11 element(s).
Partition 2............................: 5 element(s).
Partition 3............................: 20 element(s).
Partition 4............................: 7 element(s).
Partition 5............................: 10 element(s).
Parameter ignored......................: YN98.1_Full.theta_1
Parameter ignored......................: YN98.1_Full.theta1_1
Parameter ignored......................: YN98.1_Full.theta2_1
Parameter ignored......................: YN98.2_Full.theta_1
Parameter ignored......................: YN98.2_Full.theta1_1
Parameter ignored......................: YN98.2_Full.theta2_1
Parameter ignored......................: YN98.3_Full.theta_1
Parameter ignored......................: YN98.3_Full.theta1_1
Parameter ignored......................: YN98.3_Full.theta2_1
*****

* New NH model - LogL..................: -19441.3
               - df....................: 68
               - LRT p-value...........: 0.135684
               - AIC...................: 39018.6
               - AICc..................: 39021.2
               - BIC...................: 39440.9
Current threshold......................: 0.426119
Number of real partitions..............: 6
Partition 1............................: 11 element(s).
Partition 2............................: 5 element(s).
Partition 3............................: 7 element(s).
Partition 4............................: 10 element(s).
Partition 5............................: 10 element(s).
Partition 6............................: 10 element(s).
Parameter ignored......................: YN98.1_Full.theta_1
Parameter ignored......................: YN98.1_Full.theta1_1
Parameter ignored......................: YN98.1_Full.theta2_1
Parameter ignored......................: YN98.2_Full.theta_1
Parameter ignored......................: YN98.2_Full.theta1_1
Parameter ignored......................: YN98.2_Full.theta2_1
Parameter ignored......................: YN98.3_Full.theta_1
Parameter ignored......................: YN98.3_Full.theta1_1
Parameter ignored......................: YN98.3_Full.theta2_1
*****

* New NH model - LogL..................: -19441
               - df....................: 69
               - LRT p-value...........: 0.449273
               - AIC...................: 39020
               - AICc..................: 39022.7
               - BIC...................: 39448.5
Current threshold......................: 0.49472
Number of real partitions..............: 7
Partition 1............................: 5 element(s).
Partition 2............................: 7 element(s).
Partition 3............................: 10 element(s).
Partition 4............................: 10 element(s).
Partition 5............................: 10 element(s).
Partition 6............................: 7 element(s).
Partition 7............................: 4 element(s).
Parameter ignored......................: YN98.1_Full.theta_1
Parameter ignored......................: YN98.1_Full.theta1_1
Parameter ignored......................: YN98.1_Full.theta2_1
Parameter ignored......................: YN98.2_Full.theta_1
Parameter ignored......................: YN98.2_Full.theta1_1
Parameter ignored......................: YN98.2_Full.theta2_1
Parameter ignored......................: YN98.3_Full.theta_1
Parameter ignored......................: YN98.3_Full.theta1_1
Parameter ignored......................: YN98.3_Full.theta2_1
*****

* New NH model - LogL..................: -19440.7
               - df....................: 70
               - LRT p-value...........: 0.476844
               - AIC...................: 39021.5
               - AICc..................: 39024.2
               - BIC...................: 39456.2
Current threshold......................: 0.659182
Number of real partitions..............: 8
Partition 1............................: 5 element(s).
Partition 2............................: 7 element(s).
Partition 3............................: 10 element(s).
Partition 4............................: 10 element(s).
Partition 5............................: 10 element(s).
Partition 6............................: 4 element(s).
Partition 7............................: 6 element(s).
Partition 8............................: 1 element(s).
Parameter ignored......................: YN98.1_Full.theta_1
Parameter ignored......................: YN98.1_Full.theta1_1
Parameter ignored......................: YN98.1_Full.theta2_1
Parameter ignored......................: YN98.2_Full.theta_1
Parameter ignored......................: YN98.2_Full.theta1_1
Parameter ignored......................: YN98.2_Full.theta2_1
Parameter ignored......................: YN98.3_Full.theta_1
Parameter ignored......................: YN98.3_Full.theta1_1
Parameter ignored......................: YN98.3_Full.theta2_1
****

* New NH model - LogL..................: -19440.6
               - df....................: 71
               - LRT p-value...........: 0.670275
               - AIC...................: 39023.3
               - AICc..................: 39026.1
               - BIC...................: 39464.3
Current threshold......................: 0.659778
Number of real partitions..............: 9
Partition 1............................: 5 element(s).
Partition 2............................: 10 element(s).
Partition 3............................: 10 element(s).
Partition 4............................: 10 element(s).
Partition 5............................: 4 element(s).
Partition 6............................: 6 element(s).
Partition 7............................: 1 element(s).
Partition 8............................: 6 element(s).
Partition 9............................: 1 element(s).
Parameter ignored......................: YN98.1_Full.theta_1
Parameter ignored......................: YN98.1_Full.theta1_1
Parameter ignored......................: YN98.1_Full.theta2_1
Parameter ignored......................: YN98.2_Full.theta_1
Parameter ignored......................: YN98.2_Full.theta1_1
Parameter ignored......................: YN98.2_Full.theta2_1
Parameter ignored......................: YN98.3_Full.theta_1
Parameter ignored......................: YN98.3_Full.theta1_1
Parameter ignored......................: YN98.3_Full.theta2_1
****

* New NH model - LogL..................: -19440.6
               - df....................: 72
               - LRT p-value...........: 0.732757
               - AIC...................: 39025.2
               - AICc..................: 39028.1
               - BIC...................: 39472.4
Current threshold......................: 0.697329
Number of real partitions..............: 10
Partition 1............................: 10 element(s).
Partition 2............................: 10 element(s).
Partition 3............................: 10 element(s).
Partition 4............................: 4 element(s).
Partition 5............................: 6 element(s).
Partition 6............................: 1 element(s).
Partition 7............................: 6 element(s).
Partition 8............................: 1 element(s).
Partition 9............................: 3 element(s).
Partition 10...........................: 2 element(s).
Parameter ignored......................: YN98.1_Full.theta_1
Parameter ignored......................: YN98.1_Full.theta1_1
Parameter ignored......................: YN98.1_Full.theta2_1
Parameter ignored......................: YN98.2_Full.theta_1
Parameter ignored......................: YN98.2_Full.theta1_1
Parameter ignored......................: YN98.2_Full.theta2_1
Parameter ignored......................: YN98.3_Full.theta_1
Parameter ignored......................: YN98.3_Full.theta1_1
Parameter ignored......................: YN98.3_Full.theta2_1
****

* New NH model - LogL..................: -19440.5
               - df....................: 73
               - LRT p-value...........: 0.699429
               - AIC...................: 39027
               - AICc..................: 39030
               - BIC...................: 39480.4
Current threshold......................: 0.74055
Number of real partitions..............: 11
Partition 1............................: 10 element(s).
Partition 2............................: 10 element(s).
Partition 3............................: 4 element(s).
Partition 4............................: 6 element(s).
Partition 5............................: 1 element(s).
Partition 6............................: 6 element(s).
Partition 7............................: 1 element(s).
Partition 8............................: 3 element(s).
Partition 9............................: 2 element(s).
Partition 10...........................: 7 element(s).
Partition 11...........................: 3 element(s).
Parameter ignored......................: YN98.1_Full.theta_1
Parameter ignored......................: YN98.1_Full.theta1_1
Parameter ignored......................: YN98.1_Full.theta2_1
Parameter ignored......................: YN98.2_Full.theta_1
Parameter ignored......................: YN98.2_Full.theta1_1
Parameter ignored......................: YN98.2_Full.theta2_1
Parameter ignored......................: YN98.3_Full.theta_1
Parameter ignored......................: YN98.3_Full.theta1_1
Parameter ignored......................: YN98.3_Full.theta2_1
****

* New NH model - LogL..................: -19440.5
               - df....................: 74
               - LRT p-value...........: 0.742962
               - AIC...................: 39028.9
               - AICc..................: 39032
               - BIC...................: 39488.5
Current threshold......................: 0.748495
Number of real partitions..............: 12
Partition 1............................: 10 element(s).
Partition 2............................: 4 element(s).
Partition 3............................: 6 element(s).
Partition 4............................: 1 element(s).
Partition 5............................: 6 element(s).
Partition 6............................: 1 element(s).
Partition 7............................: 3 element(s).
Partition 8............................: 2 element(s).
Partition 9............................: 7 element(s).
Partition 10...........................: 3 element(s).
Partition 11...........................: 3 element(s).
Partition 12...........................: 7 element(s).
Parameter ignored......................: YN98.1_Full.theta_1
Parameter ignored......................: YN98.1_Full.theta1_1
Parameter ignored......................: YN98.1_Full.theta2_1
Parameter ignored......................: YN98.2_Full.theta_1
Parameter ignored......................: YN98.2_Full.theta1_1
Parameter ignored......................: YN98.2_Full.theta2_1
Parameter ignored......................: YN98.3_Full.theta_1
Parameter ignored......................: YN98.3_Full.theta1_1
Parameter ignored......................: YN98.3_Full.theta2_1
****

* New NH model - LogL..................: -19440.4
               - df....................: 75
               - LRT p-value...........: 0.754554
               - AIC...................: 39030.8
               - AICc..................: 39034
               - BIC...................: 39496.6
Current threshold......................: 0.786934
Number of real partitions..............: 13
Partition 1............................: 10 element(s).
Partition 2............................: 4 element(s).
Partition 3............................: 6 element(s).
Partition 4............................: 1 element(s).
Partition 5............................: 1 element(s).
Partition 6............................: 3 element(s).
Partition 7............................: 2 element(s).
Partition 8............................: 7 element(s).
Partition 9............................: 3 element(s).
Partition 10...........................: 3 element(s).
Partition 11...........................: 7 element(s).
Partition 12...........................: 5 element(s).
Partition 13...........................: 1 element(s).
Parameter ignored......................: YN98.1_Full.theta_1
Parameter ignored......................: YN98.1_Full.theta1_1
Parameter ignored......................: YN98.1_Full.theta2_1
Parameter ignored......................: YN98.2_Full.theta_1
Parameter ignored......................: YN98.2_Full.theta1_1
Parameter ignored......................: YN98.2_Full.theta2_1
Parameter ignored......................: YN98.3_Full.theta_1
Parameter ignored......................: YN98.3_Full.theta1_1
Parameter ignored......................: YN98.3_Full.theta2_1
****

* New NH model - LogL..................: -19440.4
               - df....................: 76
               - LRT p-value...........: 0.753218
               - AIC...................: 39032.7
               - AICc..................: 39036
               - BIC...................: 39504.8
Model description output to file.......: PalandAndLynch28.model_free_BIC.bpp
Output parameter table to..............: PalandAndLynch28.ml_nh_free_BIC.parameters.csv
Output partitions record to............: PalandAndLynch28.partitions_record_free_BIC.txt
Output tree file ......................: PalandAndLynch28.ml_nh_free_BIC.nhx
Output tree format ....................: Nhx
Partitions output to file..............: PalandAndLynch28.partitions_free_BIC.dnd
PartNH's done. Bye.
Total execution time: 0.000000d, 0.000000h, 29.000000m, 19.000000s.
