******************************************************************
*                     PartNH, version 1.3.0                      *
* Authors: J. Dutheil                       Created on  09/12/10 *
*          B. Boussau                       Last Modif. 24/11/14 *
******************************************************************

Parsing options:
Parsing file PartNH.bpp for options.
Input cluster tree.....................: PalandAndLynch.cluster_equilibrium_free_post.dnd
Input tree file........................: PalandAndLynch28.nhx
Alphabet type .........................: Codon(letter=DNA)
Genetic Code...........................: InvertebrateMitochondrial
Sequence file .........................: PalandAndLynch28Concatenate.fasta
Sequence format .......................: FASTA file
Sites to use...........................: all
Remove Stop Codons.....................: yes
Number of sequences....................: 28
Number of sites........................: 3681
StopCodon frequencies distribution ....: uniform
Substitution model.....................: YN98
External frequencies initialization for: observed
Parameter found........................: YN98.kappa=2
Parameter found........................: YN98.omega=0.5
Parameter found........................: YN98.1_Full.theta=0.446594
Parameter found........................: YN98.1_Full.theta1=0.46971
Parameter found........................: YN98.1_Full.theta2=0.567696
Parameter found........................: YN98.2_Full.theta=0.374549
Parameter found........................: YN98.2_Full.theta1=0.277684
Parameter found........................: YN98.2_Full.theta2=0.44014
Parameter found........................: YN98.3_Full.theta=0.366634
Parameter found........................: YN98.3_Full.theta1=0.421688
Parameter found........................: YN98.3_Full.theta2=0.443592
Distribution...........................: Constant
Number of classes......................: 1
- Category 0 (Pr = 1) rate.............: 1
Rate distribution......................: Constant
Number of classes......................: 1
Initializing data structure............: Done.
Number of distinct sites...............: 773
Log-Likelihood.........................: -19764.2
Output intermediate models.............: yes
Output log to..........................: PalandAndLynch28.model_free_BIC_post.log.txt
Message handler........................: PalandAndLynch28.free_BIC_post.message*
Profiler...............................: PalandAndLynch28.free_BIC_post.profile*
Parameter ignored......................: YN98.1_Full.theta
Parameter ignored......................: YN98.1_Full.theta1
Parameter ignored......................: YN98.1_Full.theta2
Parameter ignored......................: YN98.2_Full.theta
Parameter ignored......................: YN98.2_Full.theta1
Parameter ignored......................: YN98.2_Full.theta2
Parameter ignored......................: YN98.3_Full.theta
Parameter ignored......................: YN98.3_Full.theta1
Parameter ignored......................: YN98.3_Full.theta2
Max # ML evaluations...................: 1000
Tolerance..............................: 1e-06
Reparametrization......................: no
WARNING!!! Parameter optimization.clock not specified. Default used instead: None
Molecular clock........................: None
************

* Homogeneous model - LogL.............: -19467.6
                    - df...............: 64
WARNING!!! Parameter nonhomogeneous.stationarity not specified. Default used instead: 0
Stationarity assumed...................: yes
Global parameter.......................: YN98.kappa
Global parameter.......................: YN98*theta*
AIC....................................: 39063.2
AICc...................................: 39065.5
BIC....................................: 39460.7
Likelihood comparison method...........: BIC
Stop condition.........................: test 3 nested models after local best
Current threshold......................: 0
Number of real partitions..............: 2
Partition 1............................: 26 element(s).
Partition 2............................: 27 element(s).
Parameter ignored......................: YN98.1_Full.theta_1
Parameter ignored......................: YN98.1_Full.theta1_1
Parameter ignored......................: YN98.1_Full.theta2_1
Parameter ignored......................: YN98.2_Full.theta_1
Parameter ignored......................: YN98.2_Full.theta1_1
Parameter ignored......................: YN98.2_Full.theta2_1
Parameter ignored......................: YN98.3_Full.theta_1
Parameter ignored......................: YN98.3_Full.theta1_1
Parameter ignored......................: YN98.3_Full.theta2_1
*******

* New NH model - LogL..................: -19451.8
               - df....................: 65
               - LRT p-value...........: 1.97332e-08
               - AIC...................: 39033.7
               - AICc..................: 39036.1
               - BIC...................: 39437.4
Current threshold......................: 0.0001022
Number of real partitions..............: 3
Partition 1............................: 26 element(s).
Partition 2............................: 22 element(s).
Partition 3............................: 5 element(s).
Parameter ignored......................: YN98.1_Full.theta_1
Parameter ignored......................: YN98.1_Full.theta1_1
Parameter ignored......................: YN98.1_Full.theta2_1
Parameter ignored......................: YN98.2_Full.theta_1
Parameter ignored......................: YN98.2_Full.theta1_1
Parameter ignored......................: YN98.2_Full.theta2_1
Parameter ignored......................: YN98.3_Full.theta_1
Parameter ignored......................: YN98.3_Full.theta1_1
Parameter ignored......................: YN98.3_Full.theta2_1
*******

* New NH model - LogL..................: -19444.3
               - df....................: 66
               - LRT p-value...........: 9.92412e-05
               - AIC...................: 39020.5
               - AICc..................: 39023
               - BIC...................: 39430.5
Current threshold......................: 0.0460408
Number of real partitions..............: 4
Partition 1............................: 26 element(s).
Partition 2............................: 5 element(s).
Partition 3............................: 11 element(s).
Partition 4............................: 11 element(s).
Parameter ignored......................: YN98.1_Full.theta_1
Parameter ignored......................: YN98.1_Full.theta1_1
Parameter ignored......................: YN98.1_Full.theta2_1
Parameter ignored......................: YN98.2_Full.theta_1
Parameter ignored......................: YN98.2_Full.theta1_1
Parameter ignored......................: YN98.2_Full.theta2_1
Parameter ignored......................: YN98.3_Full.theta_1
Parameter ignored......................: YN98.3_Full.theta1_1
Parameter ignored......................: YN98.3_Full.theta2_1
******

* New NH model - LogL..................: -19442.2
               - df....................: 67
               - LRT p-value...........: 0.0441006
               - AIC...................: 39018.5
               - AICc..................: 39021
               - BIC...................: 39434.6
Current threshold......................: 0.133781
Number of real partitions..............: 5
Partition 1............................: 5 element(s).
Partition 2............................: 11 element(s).
Partition 3............................: 11 element(s).
Partition 4............................: 8 element(s).
Partition 5............................: 18 element(s).
Parameter ignored......................: YN98.1_Full.theta_1
Parameter ignored......................: YN98.1_Full.theta1_1
Parameter ignored......................: YN98.1_Full.theta2_1
Parameter ignored......................: YN98.2_Full.theta_1
Parameter ignored......................: YN98.2_Full.theta1_1
Parameter ignored......................: YN98.2_Full.theta2_1
Parameter ignored......................: YN98.3_Full.theta_1
Parameter ignored......................: YN98.3_Full.theta1_1
Parameter ignored......................: YN98.3_Full.theta2_1
******

* New NH model - LogL..................: -19441.2
               - df....................: 68
               - LRT p-value...........: 0.156427
               - AIC...................: 39018.5
               - AICc..................: 39021.1
               - BIC...................: 39440.8
Current threshold......................: 0.47545
Number of real partitions..............: 6
Partition 1............................: 5 element(s).
Partition 2............................: 11 element(s).
Partition 3............................: 8 element(s).
Partition 4............................: 18 element(s).
Partition 5............................: 7 element(s).
Partition 6............................: 4 element(s).
Parameter ignored......................: YN98.1_Full.theta_1
Parameter ignored......................: YN98.1_Full.theta1_1
Parameter ignored......................: YN98.1_Full.theta2_1
Parameter ignored......................: YN98.2_Full.theta_1
Parameter ignored......................: YN98.2_Full.theta1_1
Parameter ignored......................: YN98.2_Full.theta2_1
Parameter ignored......................: YN98.3_Full.theta_1
Parameter ignored......................: YN98.3_Full.theta1_1
Parameter ignored......................: YN98.3_Full.theta2_1
*****

* New NH model - LogL..................: -19441
               - df....................: 69
               - LRT p-value...........: 0.476721
               - AIC...................: 39020
               - AICc..................: 39022.7
               - BIC...................: 39448.5
Model description output to file.......: PalandAndLynch28.model_free_BIC_post.bpp
Output parameter table to..............: PalandAndLynch28.ml_nh_free_BIC_post.parameters.csv
Output partitions record to............: PalandAndLynch28.partitions_record_free_BIC_post.txt
Output tree file ......................: PalandAndLynch28.ml_nh_free_BIC_post.nhx
Output tree format ....................: Nhx
Partitions output to file..............: PalandAndLynch28.partitions_free_BIC_post.dnd
PartNH's done. Bye.
Total execution time: 0.000000d, 0.000000h, 11.000000m, 55.000000s.
