******************************************************************
*       Bio++ Maximum Likelihood Computation, version 3.0.0      *
*                                                                *
* Authors: J. Dutheil                       Last Modif. (prerelease) *
*          B. Boussau                                            *
*          L. Guéguen                                            *
*          M. Groussin                                           *
******************************************************************

Parsing options:
Parsing file ML.bpp for options.
Alphabet type .........................: Codon(letter=DNA)
Genetic Code...........................: Standard
Sequence file .........................: lysozymeSmall.fasta
Sequence format .......................: FASTA file

Data 1
Sites to use...........................: complete
Complete sites.........................: 130
Remove Stop Codons.....................: yes
Number of sites........................: 130

Tree 1
Number of trees in file................: 1
Number of leaves.......................: 6
Branch lengths.........................: Input

Rate 1
Distribution...........................: Constant
Number of classes......................: 1
- Category 0 (Pr = 1) rate.............: 1

Model 1
Substitution model.....................: YN98
External model frequencies init........: observed
Parameter found........................: YN98.kappa=1
Parameter found........................: YN98.omega=1
Parameter found........................: YN98.1_Full.theta=0.475824
Parameter found........................: YN98.1_Full.theta1=0.616352
Parameter found........................: YN98.1_Full.theta2=0.711316
Parameter found........................: YN98.2_Full.theta=0.469231
Parameter found........................: YN98.2_Full.theta1=0.623188
Parameter found........................: YN98.2_Full.theta2=0.63466
Parameter found........................: YN98.3_Full.theta=0.420879
Parameter found........................: YN98.3_Full.theta1=0.434535
Parameter found........................: YN98.3_Full.theta2=0.456919
Data used .............................: 1

Process 1
Process type...........................: Homogeneous
 Model number..........................: 1
 Tree number...........................: 1
 Rate number...........................: 1
 Stationarity assumed.

Phylolikelihood 1
 Data used ............................: 1
 Process ..............................: 1

Result Phylolikelihood 
WARNING!!! Parameter result not specified. Default used instead: phylo1
 Result................................: phylo1


Initial log likelihood.................: -890.8630295249
Message handler........................: lysozymeSmall.messages
Profiler...............................: lysozymeSmall.profile
Parameter ignored......................: YN98.1_Full.theta_1
Parameter ignored......................: YN98.1_Full.theta1_1
Parameter ignored......................: YN98.1_Full.theta2_1
Parameter ignored......................: YN98.2_Full.theta_1
Parameter ignored......................: YN98.2_Full.theta1_1
Parameter ignored......................: YN98.2_Full.theta2_1
Parameter ignored......................: YN98.3_Full.theta_1
Parameter ignored......................: YN98.3_Full.theta1_1
Parameter ignored......................: YN98.3_Full.theta2_1
Max # ML evaluations...................: 10000
Tolerance..............................: 1e-06
Optimization method....................: FullD
Algorithm used for derivable parameters: Newton
Reparametrization......................: no
Molecular clock........................: None
**********

Performed..............................: 11 function evaluations.
Log likelihood.........................: -872.952247981259
YN98.kappa_1...........................: 4.55399
YN98.omega_1...........................: 0.844851
YN98.1_Full.theta_1....................: 0.475824
YN98.1_Full.theta1_1...................: 0.616352
YN98.1_Full.theta2_1...................: 0.711316
YN98.2_Full.theta_1....................: 0.469231
YN98.2_Full.theta1_1...................: 0.623188
YN98.2_Full.theta2_1...................: 0.63466
YN98.3_Full.theta_1....................: 0.420879
YN98.3_Full.theta1_1...................: 0.434535
YN98.3_Full.theta2_1...................: 0.456919
output.estimates.......................: lysozymeSmall.ml_h.params.bpp
Wrote trees to files : ................: lysozymeSmall.ml_h.dnd_...
Alignment information logfile..........: lysozymeSmall.infos
bppml's done. Bye.
Total execution time: 0.000000d, 0.000000h, 0.000000m, 2.000000s.
