******************************************************************
*                     PartNH, version 1.3.0                      *
* Authors: J. Dutheil                       Created on  09/12/10 *
*          B. Boussau                       Last Modif. 24/11/14 *
******************************************************************

Parsing options:
Parsing file PartNH.bpp for options.
Input cluster tree.....................: lysozymeSmall.cluster_free.dnd
Input tree file........................: lysozymeSmall.nhx
Alphabet type .........................: Codon(letter=DNA)
Genetic Code...........................: Standard
Sequence file .........................: lysozymeSmall.fasta
Sequence format .......................: FASTA file
Sites to use...........................: complete
Complete sites.........................: 130
Remove Stop Codons.....................: yes
Number of sites........................: 130
Number of sequences....................: 7
Number of sites........................: 130
Substitution model.....................: YN98
External model frequencies init........: observed
Parameter found........................: YN98.kappa=2
Parameter found........................: YN98.omega=0.5
Parameter found........................: YN98.1_Full.theta=0.475824
Parameter found........................: YN98.1_Full.theta1=0.616352
Parameter found........................: YN98.1_Full.theta2=0.711316
Parameter found........................: YN98.2_Full.theta=0.469231
Parameter found........................: YN98.2_Full.theta1=0.623188
Parameter found........................: YN98.2_Full.theta2=0.63466
Parameter found........................: YN98.3_Full.theta=0.420879
Parameter found........................: YN98.3_Full.theta1=0.434535
Parameter found........................: YN98.3_Full.theta2=0.456919
Distribution...........................: Constant
Number of classes......................: 1
- Category 0 (Pr = 1) rate.............: 1
Rate distribution......................: Constant
Number of classes......................: 1
Initializing data structure............: Done.
Number of distinct sites...............: 80
Log-Likelihood.........................: -878.15
Output intermediate models.............: yes
Output log to..........................: lysozymeSmall.model_free_AIC.log.txt
Message handler........................: lysozymeSmall.free_AIC.message*
Profiler...............................: lysozymeSmall.free_AIC.profile*
Parameter ignored......................: YN98.1_Full.theta
Parameter ignored......................: YN98.1_Full.theta1
Parameter ignored......................: YN98.1_Full.theta2
Parameter ignored......................: YN98.2_Full.theta
Parameter ignored......................: YN98.2_Full.theta1
Parameter ignored......................: YN98.2_Full.theta2
Parameter ignored......................: YN98.3_Full.theta
Parameter ignored......................: YN98.3_Full.theta1
Parameter ignored......................: YN98.3_Full.theta2
Max # ML evaluations...................: 1000
Tolerance..............................: 1e-06
Reparametrization......................: no
WARNING!!! Parameter optimization.clock not specified. Default used instead: None
Molecular clock........................: None
********

* Homogeneous model - LogL.............: -872.952
                    - df...............: 20
Stationarity assumed...................: yes
Global parameter.......................: YN98.kappa
Global parameter.......................: YN98.*Full.theta*
AIC....................................: 1785.9
AICc...................................: 1793.61
BIC....................................: 1843.26
Likelihood comparison method...........: AIC
Stop condition.........................: test 10 nested models after local best
Current threshold......................: 0.0128178
Number of real partitions..............: 2
Partition 1............................: 3 element(s).
Partition 2............................: 6 element(s).
Parameter ignored......................: YN98.1_Full.theta_1
Parameter ignored......................: YN98.1_Full.theta1_1
Parameter ignored......................: YN98.1_Full.theta2_1
Parameter ignored......................: YN98.2_Full.theta_1
Parameter ignored......................: YN98.2_Full.theta1_1
Parameter ignored......................: YN98.2_Full.theta2_1
Parameter ignored......................: YN98.3_Full.theta_1
Parameter ignored......................: YN98.3_Full.theta1_1
Parameter ignored......................: YN98.3_Full.theta2_1
**********

* New NH model - LogL..................: -868.851
               - df....................: 21
               - LRT p-value...........: 0.0041831
               - AIC...................: 1779.7
               - AICc..................: 1788.26
               - BIC...................: 1839.92
Current threshold......................: 0.0523
Number of real partitions..............: 3
Partition 1............................: 3 element(s).
Partition 2............................: 5 element(s).
Partition 3............................: 1 element(s).
Parameter ignored......................: YN98.1_Full.theta_1
Parameter ignored......................: YN98.1_Full.theta1_1
Parameter ignored......................: YN98.1_Full.theta2_1
Parameter ignored......................: YN98.2_Full.theta_1
Parameter ignored......................: YN98.2_Full.theta1_1
Parameter ignored......................: YN98.2_Full.theta2_1
Parameter ignored......................: YN98.3_Full.theta_1
Parameter ignored......................: YN98.3_Full.theta1_1
Parameter ignored......................: YN98.3_Full.theta2_1
*******

* New NH model - LogL..................: -867.215
               - df....................: 22
               - LRT p-value...........: 0.0704453
               - AIC...................: 1778.43
               - AICc..................: 1787.89
               - BIC...................: 1841.52
Current threshold......................: 0.45448
Number of real partitions..............: 4
Partition 1............................: 5 element(s).
Partition 2............................: 1 element(s).
Partition 3............................: 2 element(s).
Partition 4............................: 1 element(s).
Parameter ignored......................: YN98.1_Full.theta_1
Parameter ignored......................: YN98.1_Full.theta1_1
Parameter ignored......................: YN98.1_Full.theta2_1
Parameter ignored......................: YN98.2_Full.theta_1
Parameter ignored......................: YN98.2_Full.theta1_1
Parameter ignored......................: YN98.2_Full.theta2_1
Parameter ignored......................: YN98.3_Full.theta_1
Parameter ignored......................: YN98.3_Full.theta1_1
Parameter ignored......................: YN98.3_Full.theta2_1
***************

* New NH model - LogL..................: -867.057
               - df....................: 23
               - LRT p-value...........: 0.574681
               - AIC...................: 1780.11
               - AICc..................: 1790.53
               - BIC...................: 1846.07
Current threshold......................: 0.460766
Number of real partitions..............: 5
Partition 1............................: 1 element(s).
Partition 2............................: 2 element(s).
Partition 3............................: 1 element(s).
Partition 4............................: 3 element(s).
Partition 5............................: 2 element(s).
Parameter ignored......................: YN98.1_Full.theta_1
Parameter ignored......................: YN98.1_Full.theta1_1
Parameter ignored......................: YN98.1_Full.theta2_1
Parameter ignored......................: YN98.2_Full.theta_1
Parameter ignored......................: YN98.2_Full.theta1_1
Parameter ignored......................: YN98.2_Full.theta2_1
Parameter ignored......................: YN98.3_Full.theta_1
Parameter ignored......................: YN98.3_Full.theta1_1
Parameter ignored......................: YN98.3_Full.theta2_1
*****

* New NH model - LogL..................: -866.968
               - df....................: 24
               - LRT p-value...........: 0.672161
               - AIC...................: 1781.94
               - AICc..................: 1793.36
               - BIC...................: 1850.76
Current threshold......................: 0.646466
Number of real partitions..............: 6
Partition 1............................: 1 element(s).
Partition 2............................: 1 element(s).
Partition 3............................: 3 element(s).
Partition 4............................: 2 element(s).
Partition 5............................: 1 element(s).
Partition 6............................: 1 element(s).
Parameter ignored......................: YN98.1_Full.theta_1
Parameter ignored......................: YN98.1_Full.theta1_1
Parameter ignored......................: YN98.1_Full.theta2_1
Parameter ignored......................: YN98.2_Full.theta_1
Parameter ignored......................: YN98.2_Full.theta1_1
Parameter ignored......................: YN98.2_Full.theta2_1
Parameter ignored......................: YN98.3_Full.theta_1
Parameter ignored......................: YN98.3_Full.theta1_1
Parameter ignored......................: YN98.3_Full.theta2_1
****

* New NH model - LogL..................: -866.966
               - df....................: 25
               - LRT p-value...........: 0.951199
               - AIC...................: 1783.93
               - AICc..................: 1796.43
               - BIC...................: 1855.62
Current threshold......................: 0.67656
Number of real partitions..............: 7
Partition 1............................: 1 element(s).
Partition 2............................: 1 element(s).
Partition 3............................: 3 element(s).
Partition 4............................: 1 element(s).
Partition 5............................: 1 element(s).
Partition 6............................: 1 element(s).
Partition 7............................: 1 element(s).
Parameter ignored......................: YN98.1_Full.theta_1
Parameter ignored......................: YN98.1_Full.theta1_1
Parameter ignored......................: YN98.1_Full.theta2_1
Parameter ignored......................: YN98.2_Full.theta_1
Parameter ignored......................: YN98.2_Full.theta1_1
Parameter ignored......................: YN98.2_Full.theta2_1
Parameter ignored......................: YN98.3_Full.theta_1
Parameter ignored......................: YN98.3_Full.theta1_1
Parameter ignored......................: YN98.3_Full.theta2_1
*******

* New NH model - LogL..................: -866.876
               - df....................: 26
               - LRT p-value...........: 0.671847
               - AIC...................: 1785.75
               - AICc..................: 1799.38
               - BIC...................: 1860.31
Current threshold......................: 0.828782
Number of real partitions..............: 8
Partition 1............................: 1 element(s).
Partition 2............................: 1 element(s).
Partition 3............................: 1 element(s).
Partition 4............................: 1 element(s).
Partition 5............................: 1 element(s).
Partition 6............................: 1 element(s).
Partition 7............................: 2 element(s).
Partition 8............................: 1 element(s).
Parameter ignored......................: YN98.1_Full.theta_1
Parameter ignored......................: YN98.1_Full.theta1_1
Parameter ignored......................: YN98.1_Full.theta2_1
Parameter ignored......................: YN98.2_Full.theta_1
Parameter ignored......................: YN98.2_Full.theta1_1
Parameter ignored......................: YN98.2_Full.theta2_1
Parameter ignored......................: YN98.3_Full.theta_1
Parameter ignored......................: YN98.3_Full.theta1_1
Parameter ignored......................: YN98.3_Full.theta2_1
*****

* New NH model - LogL..................: -866.797
               - df....................: 27
               - LRT p-value...........: 0.691601
               - AIC...................: 1787.59
               - AICc..................: 1802.42
               - BIC...................: 1865.02
Current threshold......................: 1
Number of real partitions..............: 9
Partition 1............................: 1 element(s).
Partition 2............................: 1 element(s).
Partition 3............................: 1 element(s).
Partition 4............................: 1 element(s).
Partition 5............................: 1 element(s).
Partition 6............................: 1 element(s).
Partition 7............................: 1 element(s).
Partition 8............................: 1 element(s).
Partition 9............................: 1 element(s).
Parameter ignored......................: YN98.1_Full.theta_1
Parameter ignored......................: YN98.1_Full.theta1_1
Parameter ignored......................: YN98.1_Full.theta2_1
Parameter ignored......................: YN98.2_Full.theta_1
Parameter ignored......................: YN98.2_Full.theta1_1
Parameter ignored......................: YN98.2_Full.theta2_1
Parameter ignored......................: YN98.3_Full.theta_1
Parameter ignored......................: YN98.3_Full.theta1_1
Parameter ignored......................: YN98.3_Full.theta2_1
****

* New NH model - LogL..................: -866.782
               - df....................: 28
               - LRT p-value...........: 0.859641
               - AIC...................: 1789.56
               - AICc..................: 1805.64
               - BIC...................: 1869.85
Model description output to file.......: lysozymeSmall.model_free_AIC.bpp
Output parameter table to..............: lysozymeSmall.ml_nh_free_AIC.parameters.csv
Output partitions record to............: lysozymeSmall.partitions_record_free_AIC.txt
Wrote tree to file ....................: lysozymeSmall.ml_nh_free_AIC.nhx
Partitions output to file..............: lysozymeSmall.partitions_free_AIC.dnd
PartNH's done. Bye.
Total execution time: 0.000000d, 0.000000h, 0.000000m, 31.000000s.
