******************************************************************
*                     PartNH, version 0.1.0                      *
* Authors: J. Dutheil                       Created on  09/12/10 *
*          B. Boussau                       Last Modif. 08/04/11 *
******************************************************************

Parsing options:
Parsing file PartNH.bpp for options.
Input cluster tree.....................: lysozymeSmall.cluster_join.dnd
Input tree file........................: lysozymeSmall.nhx
Alphabet type .........................: Codon(DNA)
Sequence format .......................: Fasta
Sequence file .........................: lysozymeSmall.fasta
Sites to use...........................: all
WARNING!!! Parameter input.sequence.max_gap_allowed not specified. Default used instead: 100%
Remove Stop Codons.....................: yes
Number of sequences....................: 7
Number of sites........................: 130
Use observed frequencies for model.....: yes
WARNING!!! Parameter YN98.useObservedFreqs.pseudoCount not specified. Default used instead: 0
Parameter found........................: YN98.kappa=2
Parameter found........................: YN98.omega=0.5
Parameter found........................: YN98.freq_Codon.1_Full.theta=0.475824
Parameter found........................: YN98.freq_Codon.1_Full.theta1=0.616352
Parameter found........................: YN98.freq_Codon.1_Full.theta2=0.711316
Parameter found........................: YN98.freq_Codon.2_Full.theta=0.469231
Parameter found........................: YN98.freq_Codon.2_Full.theta1=0.623188
Parameter found........................: YN98.freq_Codon.2_Full.theta2=0.63466
Parameter found........................: YN98.freq_Codon.3_Full.theta=0.420879
Parameter found........................: YN98.freq_Codon.3_Full.theta1=0.434535
Parameter found........................: YN98.freq_Codon.3_Full.theta2=0.456919
Rate distribution......................: Uniform
Number of classes......................: 1
- Category 0 (Pr = 1) rate.............: 1
Initializing data structure............: Done.
Number of distinct sites...............: 80
Output intermediate models.............: yes
Output log to..........................: lysozymeSmall.model_join_BIC.log.txt
Message handler........................: lysozymeSmall.join_BIC.message*
Profiler...............................: lysozymeSmall.join_BIC.profile*
Parameter ignored......................: YN98.freq_Codon.1_Full.theta
Parameter ignored......................: YN98.freq_Codon.1_Full.theta1
Parameter ignored......................: YN98.freq_Codon.1_Full.theta2
Parameter ignored......................: YN98.freq_Codon.2_Full.theta
Parameter ignored......................: YN98.freq_Codon.2_Full.theta1
Parameter ignored......................: YN98.freq_Codon.2_Full.theta2
Parameter ignored......................: YN98.freq_Codon.3_Full.theta
Parameter ignored......................: YN98.freq_Codon.3_Full.theta1
Parameter ignored......................: YN98.freq_Codon.3_Full.theta2
Max # ML evaluations...................: 1000
Tolerance..............................: 1e-06
Reparametrization......................: no
********

* Homogeneous model - LogL.............: -873.521
                    - df...............: 20
Stationarity assumed...................: yes
Global parameter.......................: YN98.kappa
Global parameter.......................: YN98.freq*
AIC....................................: 1787.04
BIC....................................: 1844.39
Likelihood comparison method...........: BIC
Stop condition.........................: test 10 nested models after local best
Current threshold......................: 0.02426
Number of real partitions..............: 2
Partition 1............................: 8 element(s).
Partition 2............................: 1 element(s).
Parameter ignored......................: YN98.freq_Codon.1_Full.theta_1
Parameter ignored......................: YN98.freq_Codon.1_Full.theta1_1
Parameter ignored......................: YN98.freq_Codon.1_Full.theta2_1
Parameter ignored......................: YN98.freq_Codon.2_Full.theta_1
Parameter ignored......................: YN98.freq_Codon.2_Full.theta1_1
Parameter ignored......................: YN98.freq_Codon.2_Full.theta2_1
Parameter ignored......................: YN98.freq_Codon.3_Full.theta_1
Parameter ignored......................: YN98.freq_Codon.3_Full.theta1_1
Parameter ignored......................: YN98.freq_Codon.3_Full.theta2_1
********

* New NH model - LogL..................: -870.625
               - df....................: 21
               - LRT p-value...........: 0.0160998
               - AIC...................: 1783.25
               - BIC...................: 1843.47
Current threshold......................: 0.16347
Number of real partitions..............: 3
Partition 1............................: 1 element(s).
Partition 2............................: 7 element(s).
Partition 3............................: 1 element(s).
Parameter ignored......................: YN98.freq_Codon.1_Full.theta_1
Parameter ignored......................: YN98.freq_Codon.1_Full.theta1_1
Parameter ignored......................: YN98.freq_Codon.1_Full.theta2_1
Parameter ignored......................: YN98.freq_Codon.2_Full.theta_1
Parameter ignored......................: YN98.freq_Codon.2_Full.theta1_1
Parameter ignored......................: YN98.freq_Codon.2_Full.theta2_1
Parameter ignored......................: YN98.freq_Codon.3_Full.theta_1
Parameter ignored......................: YN98.freq_Codon.3_Full.theta1_1
Parameter ignored......................: YN98.freq_Codon.3_Full.theta2_1
**************

* New NH model - LogL..................: -870.125
               - df....................: 22
               - LRT p-value...........: 0.317103
               - AIC...................: 1784.25
               - BIC...................: 1847.34
Current threshold......................: 0.237466
Number of real partitions..............: 5
Partition 1............................: 1 element(s).
Partition 2............................: 1 element(s).
Partition 3............................: 3 element(s).
Partition 4............................: 3 element(s).
Partition 5............................: 1 element(s).
Parameter ignored......................: YN98.freq_Codon.1_Full.theta_1
Parameter ignored......................: YN98.freq_Codon.1_Full.theta1_1
Parameter ignored......................: YN98.freq_Codon.1_Full.theta2_1
Parameter ignored......................: YN98.freq_Codon.2_Full.theta_1
Parameter ignored......................: YN98.freq_Codon.2_Full.theta1_1
Parameter ignored......................: YN98.freq_Codon.2_Full.theta2_1
Parameter ignored......................: YN98.freq_Codon.3_Full.theta_1
Parameter ignored......................: YN98.freq_Codon.3_Full.theta1_1
Parameter ignored......................: YN98.freq_Codon.3_Full.theta2_1
**********

* New NH model - LogL..................: -868.353
               - df....................: 24
               - LRT p-value...........: 0.170074
               - AIC...................: 1784.71
               - BIC...................: 1853.53
Current threshold......................: 0.374788
Number of real partitions..............: 7
Partition 1............................: 1 element(s).
Partition 2............................: 1 element(s).
Partition 3............................: 3 element(s).
Partition 4............................: 1 element(s).
Partition 5............................: 1 element(s).
Partition 6............................: 1 element(s).
Partition 7............................: 1 element(s).
Parameter ignored......................: YN98.freq_Codon.1_Full.theta_1
Parameter ignored......................: YN98.freq_Codon.1_Full.theta1_1
Parameter ignored......................: YN98.freq_Codon.1_Full.theta2_1
Parameter ignored......................: YN98.freq_Codon.2_Full.theta_1
Parameter ignored......................: YN98.freq_Codon.2_Full.theta1_1
Parameter ignored......................: YN98.freq_Codon.2_Full.theta2_1
Parameter ignored......................: YN98.freq_Codon.3_Full.theta_1
Parameter ignored......................: YN98.freq_Codon.3_Full.theta1_1
Parameter ignored......................: YN98.freq_Codon.3_Full.theta2_1
*******

* New NH model - LogL..................: -867.457
               - df....................: 26
               - LRT p-value...........: 0.408074
               - AIC...................: 1786.91
               - BIC...................: 1861.47
Current threshold......................: 0.511574
Number of real partitions..............: 8
Partition 1............................: 1 element(s).
Partition 2............................: 1 element(s).
Partition 3............................: 1 element(s).
Partition 4............................: 1 element(s).
Partition 5............................: 1 element(s).
Partition 6............................: 1 element(s).
Partition 7............................: 2 element(s).
Partition 8............................: 1 element(s).
Parameter ignored......................: YN98.freq_Codon.1_Full.theta_1
Parameter ignored......................: YN98.freq_Codon.1_Full.theta1_1
Parameter ignored......................: YN98.freq_Codon.1_Full.theta2_1
Parameter ignored......................: YN98.freq_Codon.2_Full.theta_1
Parameter ignored......................: YN98.freq_Codon.2_Full.theta1_1
Parameter ignored......................: YN98.freq_Codon.2_Full.theta2_1
Parameter ignored......................: YN98.freq_Codon.3_Full.theta_1
Parameter ignored......................: YN98.freq_Codon.3_Full.theta1_1
Parameter ignored......................: YN98.freq_Codon.3_Full.theta2_1
*****

* New NH model - LogL..................: -867.364
               - df....................: 27
               - LRT p-value...........: 0.666838
               - AIC...................: 1788.73
               - BIC...................: 1866.15
Current threshold......................: 0.918338
Number of real partitions..............: 9
Partition 1............................: 1 element(s).
Partition 2............................: 1 element(s).
Partition 3............................: 1 element(s).
Partition 4............................: 1 element(s).
Partition 5............................: 1 element(s).
Partition 6............................: 1 element(s).
Partition 7............................: 1 element(s).
Partition 8............................: 1 element(s).
Partition 9............................: 1 element(s).
Parameter ignored......................: YN98.freq_Codon.1_Full.theta_1
Parameter ignored......................: YN98.freq_Codon.1_Full.theta1_1
Parameter ignored......................: YN98.freq_Codon.1_Full.theta2_1
Parameter ignored......................: YN98.freq_Codon.2_Full.theta_1
Parameter ignored......................: YN98.freq_Codon.2_Full.theta1_1
Parameter ignored......................: YN98.freq_Codon.2_Full.theta2_1
Parameter ignored......................: YN98.freq_Codon.3_Full.theta_1
Parameter ignored......................: YN98.freq_Codon.3_Full.theta1_1
Parameter ignored......................: YN98.freq_Codon.3_Full.theta2_1
**

* New NH model - LogL..................: -867.363
               - df....................: 28
               - LRT p-value...........: 0.956805
               - AIC...................: 1790.73
               - BIC...................: 1871.02
Current threshold......................: 1
Number of real partitions..............: 9
Partition 1............................: 1 element(s).
Partition 2............................: 1 element(s).
Partition 3............................: 1 element(s).
Partition 4............................: 1 element(s).
Partition 5............................: 1 element(s).
Partition 6............................: 1 element(s).
Partition 7............................: 1 element(s).
Partition 8............................: 1 element(s).
Partition 9............................: 1 element(s).
Parameter ignored......................: YN98.freq_Codon.1_Full.theta_1
Parameter ignored......................: YN98.freq_Codon.1_Full.theta1_1
Parameter ignored......................: YN98.freq_Codon.1_Full.theta2_1
Parameter ignored......................: YN98.freq_Codon.2_Full.theta_1
Parameter ignored......................: YN98.freq_Codon.2_Full.theta1_1
Parameter ignored......................: YN98.freq_Codon.2_Full.theta2_1
Parameter ignored......................: YN98.freq_Codon.3_Full.theta_1
Parameter ignored......................: YN98.freq_Codon.3_Full.theta1_1
Parameter ignored......................: YN98.freq_Codon.3_Full.theta2_1
*****

* New NH model - LogL..................: -867.36
               - df....................: 28
               - LRT p-value...........: 0
               - AIC...................: 1790.72
               - BIC...................: 1871.01
Model description output to file.......: lysozymeSmall.model_join_BIC.bpp
Output parameter table to..............: lysozymeSmall.ml_nh_join_BIC.parameters.csv
Output partitions record to............: lysozymeSmall.partitions_record_join_BIC.txt
Wrote tree to file ....................: lysozymeSmall.ml_nh_join_BIC.nhx
Partitions output to file..............: lysozymeSmall.partitions_join_BIC.dnd
PartNH's done. Bye.
Total execution time: 0.000000d, 0.000000h, 25.000000m, 53.000000s.
