******************************************************************
*                     PartNH, version 0.1.0                      *
* Authors: J. Dutheil                       Created on  09/12/10 *
*          B. Boussau                       Last Modif. 08/04/11 *
******************************************************************

Parsing options:
Parsing file PartNH.bpp for options.
Variable 'METHOD' is undefined and was ignored.
Variable 'METHOD' is undefined and was ignored.
Input cluster tree.....................: lysozymeLarge.cluster_free.dnd
Input tree file........................: lysozymeSmall.nhx
Alphabet type .........................: Codon(DNA)
Sequence format .......................: Fasta
Sequence file .........................: lysozymeSmall.fasta
Sites to use...........................: complete
Complete sites.........................: 130
Remove Stop Codons.....................: yes
Number of sequences....................: 7
Number of sites........................: 130
Use observed frequencies for model.....: yes
WARNING!!! Parameter YN98.useObservedFreqs.pseudoCount not specified. Default used instead: 0
Parameter found........................: YN98.kappa=2
Parameter found........................: YN98.omega=0.5
Parameter found........................: YN98.freq_Codon.1_Full.theta=0.475824
Parameter found........................: YN98.freq_Codon.1_Full.theta1=0.616352
Parameter found........................: YN98.freq_Codon.1_Full.theta2=0.711316
Parameter found........................: YN98.freq_Codon.2_Full.theta=0.469231
Parameter found........................: YN98.freq_Codon.2_Full.theta1=0.623188
Parameter found........................: YN98.freq_Codon.2_Full.theta2=0.63466
Parameter found........................: YN98.freq_Codon.3_Full.theta=0.420879
Parameter found........................: YN98.freq_Codon.3_Full.theta1=0.434535
Parameter found........................: YN98.freq_Codon.3_Full.theta2=0.456919
Rate distribution......................: Uniform
Number of classes......................: 1
- Category 0 (Pr = 1) rate.............: 1
Initializing data structure............: Done.
Number of distinct sites...............: 81
WARNING!!! Parameter output.intermediate.models not specified. Default used instead: 0
Output intermediate models.............: no
Output log to..........................: Model_free_BIC.log.txt
Message handler........................: lysozymeSmall..message*
Profiler...............................: lysozymeSmall..profile*
Parameter ignored......................: YN98.freq_Codon.1_Full.theta
Parameter ignored......................: YN98.freq_Codon.1_Full.theta1
Parameter ignored......................: YN98.freq_Codon.1_Full.theta2
Parameter ignored......................: YN98.freq_Codon.2_Full.theta
Parameter ignored......................: YN98.freq_Codon.2_Full.theta1
Parameter ignored......................: YN98.freq_Codon.2_Full.theta2
Parameter ignored......................: YN98.freq_Codon.3_Full.theta
Parameter ignored......................: YN98.freq_Codon.3_Full.theta1
Parameter ignored......................: YN98.freq_Codon.3_Full.theta2
Max # ML evaluations...................: 1000
Tolerance..............................: 1e-06
Reparametrization......................: no
********

* Homogeneous model - LogL.............: -906.017
                    - df...............: 22
Stationarity assumed...................: yes
Global parameter.......................: YN98.kappa
Global parameter.......................: YN98.freq*
AIC....................................: 1856.03
BIC....................................: 1919.12
Likelihood comparison method...........: BIC
Stop condition.........................: test 10 nested models after local best
Current threshold......................: 0.00560252
Number of real partitions..............: 2
Partition 1............................: 8 element(s).
Partition 2............................: 3 element(s).
Parameter ignored......................: YN98.freq_Codon.1_Full.theta_1
Parameter ignored......................: YN98.freq_Codon.1_Full.theta1_1
Parameter ignored......................: YN98.freq_Codon.1_Full.theta2_1
Parameter ignored......................: YN98.freq_Codon.2_Full.theta_1
Parameter ignored......................: YN98.freq_Codon.2_Full.theta1_1
Parameter ignored......................: YN98.freq_Codon.2_Full.theta2_1
Parameter ignored......................: YN98.freq_Codon.3_Full.theta_1
Parameter ignored......................: YN98.freq_Codon.3_Full.theta1_1
Parameter ignored......................: YN98.freq_Codon.3_Full.theta2_1
***********

* New NH model - LogL..................: -900.569
               - df....................: 23
               - LRT p-value...........: 0.00096342
               - AIC...................: 1847.14
               - BIC...................: 1913.09
Current threshold......................: 0.017322
Number of real partitions..............: 3
Partition 1............................: 3 element(s).
Partition 2............................: 7 element(s).
Partition 3............................: 1 element(s).
Parameter ignored......................: YN98.freq_Codon.1_Full.theta_1
Parameter ignored......................: YN98.freq_Codon.1_Full.theta1_1
Parameter ignored......................: YN98.freq_Codon.1_Full.theta2_1
Parameter ignored......................: YN98.freq_Codon.2_Full.theta_1
Parameter ignored......................: YN98.freq_Codon.2_Full.theta1_1
Parameter ignored......................: YN98.freq_Codon.2_Full.theta2_1
Parameter ignored......................: YN98.freq_Codon.3_Full.theta_1
Parameter ignored......................: YN98.freq_Codon.3_Full.theta1_1
Parameter ignored......................: YN98.freq_Codon.3_Full.theta2_1
*******

* New NH model - LogL..................: -898.024
               - df....................: 24
               - LRT p-value...........: 0.0240635
               - AIC...................: 1844.05
               - BIC...................: 1912.87
Current threshold......................: 0.267724
Number of real partitions..............: 4
Partition 1............................: 3 element(s).
Partition 2............................: 1 element(s).
Partition 3............................: 6 element(s).
Partition 4............................: 1 element(s).
Parameter ignored......................: YN98.freq_Codon.1_Full.theta_1
Parameter ignored......................: YN98.freq_Codon.1_Full.theta1_1
Parameter ignored......................: YN98.freq_Codon.1_Full.theta2_1
Parameter ignored......................: YN98.freq_Codon.2_Full.theta_1
Parameter ignored......................: YN98.freq_Codon.2_Full.theta1_1
Parameter ignored......................: YN98.freq_Codon.2_Full.theta2_1
Parameter ignored......................: YN98.freq_Codon.3_Full.theta_1
Parameter ignored......................: YN98.freq_Codon.3_Full.theta1_1
Parameter ignored......................: YN98.freq_Codon.3_Full.theta2_1
******

* New NH model - LogL..................: -897.561
               - df....................: 25
               - LRT p-value...........: 0.335604
               - AIC...................: 1845.12
               - BIC...................: 1916.81
Current threshold......................: 0.419856
Number of real partitions..............: 5
Partition 1............................: 1 element(s).
Partition 2............................: 6 element(s).
Partition 3............................: 1 element(s).
Partition 4............................: 2 element(s).
Partition 5............................: 1 element(s).
Parameter ignored......................: YN98.freq_Codon.1_Full.theta_1
Parameter ignored......................: YN98.freq_Codon.1_Full.theta1_1
Parameter ignored......................: YN98.freq_Codon.1_Full.theta2_1
Parameter ignored......................: YN98.freq_Codon.2_Full.theta_1
Parameter ignored......................: YN98.freq_Codon.2_Full.theta1_1
Parameter ignored......................: YN98.freq_Codon.2_Full.theta2_1
Parameter ignored......................: YN98.freq_Codon.3_Full.theta_1
Parameter ignored......................: YN98.freq_Codon.3_Full.theta1_1
Parameter ignored......................: YN98.freq_Codon.3_Full.theta2_1
**************

* New NH model - LogL..................: -897.443
               - df....................: 26
               - LRT p-value...........: 0.628178
               - AIC...................: 1846.89
               - BIC...................: 1921.44
Current threshold......................: 0.439983
Number of real partitions..............: 6
Partition 1............................: 1 element(s).
Partition 2............................: 1 element(s).
Partition 3............................: 2 element(s).
Partition 4............................: 1 element(s).
Partition 5............................: 4 element(s).
Partition 6............................: 2 element(s).
Parameter ignored......................: YN98.freq_Codon.1_Full.theta_1
Parameter ignored......................: YN98.freq_Codon.1_Full.theta1_1
Parameter ignored......................: YN98.freq_Codon.1_Full.theta2_1
Parameter ignored......................: YN98.freq_Codon.2_Full.theta_1
Parameter ignored......................: YN98.freq_Codon.2_Full.theta1_1
Parameter ignored......................: YN98.freq_Codon.2_Full.theta2_1
Parameter ignored......................: YN98.freq_Codon.3_Full.theta_1
Parameter ignored......................: YN98.freq_Codon.3_Full.theta1_1
Parameter ignored......................: YN98.freq_Codon.3_Full.theta2_1
********

* New NH model - LogL..................: -897.141
               - df....................: 27
               - LRT p-value...........: 0.43661
               - AIC...................: 1848.28
               - BIC...................: 1925.7
Current threshold......................: 0.618108
Number of real partitions..............: 7
Partition 1............................: 1 element(s).
Partition 2............................: 1 element(s).
Partition 3............................: 2 element(s).
Partition 4............................: 1 element(s).
Partition 5............................: 2 element(s).
Partition 6............................: 3 element(s).
Partition 7............................: 1 element(s).
Parameter ignored......................: YN98.freq_Codon.1_Full.theta_1
Parameter ignored......................: YN98.freq_Codon.1_Full.theta1_1
Parameter ignored......................: YN98.freq_Codon.1_Full.theta2_1
Parameter ignored......................: YN98.freq_Codon.2_Full.theta_1
Parameter ignored......................: YN98.freq_Codon.2_Full.theta1_1
Parameter ignored......................: YN98.freq_Codon.2_Full.theta2_1
Parameter ignored......................: YN98.freq_Codon.3_Full.theta_1
Parameter ignored......................: YN98.freq_Codon.3_Full.theta1_1
Parameter ignored......................: YN98.freq_Codon.3_Full.theta2_1
******

* New NH model - LogL..................: -896.971
               - df....................: 28
               - LRT p-value...........: 0.560369
               - AIC...................: 1849.94
               - BIC...................: 1930.23
Current threshold......................: 0.838126
Number of real partitions..............: 8
Partition 1............................: 1 element(s).
Partition 2............................: 1 element(s).
Partition 3............................: 2 element(s).
Partition 4............................: 1 element(s).
Partition 5............................: 2 element(s).
Partition 6............................: 1 element(s).
Partition 7............................: 2 element(s).
Partition 8............................: 1 element(s).
Parameter ignored......................: YN98.freq_Codon.1_Full.theta_1
Parameter ignored......................: YN98.freq_Codon.1_Full.theta1_1
Parameter ignored......................: YN98.freq_Codon.1_Full.theta2_1
Parameter ignored......................: YN98.freq_Codon.2_Full.theta_1
Parameter ignored......................: YN98.freq_Codon.2_Full.theta1_1
Parameter ignored......................: YN98.freq_Codon.2_Full.theta2_1
Parameter ignored......................: YN98.freq_Codon.3_Full.theta_1
Parameter ignored......................: YN98.freq_Codon.3_Full.theta1_1
Parameter ignored......................: YN98.freq_Codon.3_Full.theta2_1
**********

* New NH model - LogL..................: -896.947
               - df....................: 29
               - LRT p-value...........: 0.827456
               - AIC...................: 1851.89
               - BIC...................: 1935.05
Current threshold......................: 1
Number of real partitions..............: 9
Partition 1............................: 1 element(s).
Partition 2............................: 1 element(s).
Partition 3............................: 2 element(s).
Partition 4............................: 1 element(s).
Partition 5............................: 1 element(s).
Partition 6............................: 2 element(s).
Partition 7............................: 1 element(s).
Partition 8............................: 1 element(s).
Partition 9............................: 1 element(s).
Parameter ignored......................: YN98.freq_Codon.1_Full.theta_1
Parameter ignored......................: YN98.freq_Codon.1_Full.theta1_1
Parameter ignored......................: YN98.freq_Codon.1_Full.theta2_1
Parameter ignored......................: YN98.freq_Codon.2_Full.theta_1
Parameter ignored......................: YN98.freq_Codon.2_Full.theta1_1
Parameter ignored......................: YN98.freq_Codon.2_Full.theta2_1
Parameter ignored......................: YN98.freq_Codon.3_Full.theta_1
Parameter ignored......................: YN98.freq_Codon.3_Full.theta1_1
Parameter ignored......................: YN98.freq_Codon.3_Full.theta2_1
****

* New NH model - LogL..................: -896.943
               - df....................: 30
               - LRT p-value...........: 0.926893
               - AIC...................: 1853.89
               - BIC...................: 1939.91
Current threshold......................: 1
Number of real partitions..............: 11
Partition 1............................: 1 element(s).
Partition 2............................: 1 element(s).
Partition 3............................: 1 element(s).
Partition 4............................: 1 element(s).
Partition 5............................: 1 element(s).
Partition 6............................: 1 element(s).
Partition 7............................: 1 element(s).
Partition 8............................: 1 element(s).
Partition 9............................: 1 element(s).
Partition 10...........................: 1 element(s).
Partition 11...........................: 1 element(s).
Parameter ignored......................: YN98.freq_Codon.1_Full.theta_1
Parameter ignored......................: YN98.freq_Codon.1_Full.theta1_1
Parameter ignored......................: YN98.freq_Codon.1_Full.theta2_1
Parameter ignored......................: YN98.freq_Codon.2_Full.theta_1
Parameter ignored......................: YN98.freq_Codon.2_Full.theta1_1
Parameter ignored......................: YN98.freq_Codon.2_Full.theta2_1
Parameter ignored......................: YN98.freq_Codon.3_Full.theta_1
Parameter ignored......................: YN98.freq_Codon.3_Full.theta1_1
Parameter ignored......................: YN98.freq_Codon.3_Full.theta2_1
****************

* New NH model - LogL..................: -896.409
               - df....................: 32
               - LRT p-value...........: 0.58591
               - AIC...................: 1856.82
               - BIC...................: 1948.58
Model description output to file.......: Model_free_BIC.bpp
Output parameter table to..............: none
Output partitions record to............: none
Wrote tree to file ....................: lysozymeLarge.ml_nh_free_BIC.nhx
Partitions output to file..............: Partitions_free_BIC.dnd
PartNH's done. Bye.
Total execution time: 0.000000d, 0.000000h, 49.000000m, 0.000000s.
