******************************************************************
*                     Map NH, version 0.1.0                      *
* Authors: J. Dutheil                       Created on  09/12/10 *
*          B. Boussau                       Last Modif. 17/12/11 *
******************************************************************

Parsing options:
Parsing file MapNH.bpp for options.
Parsing file Life_Alignment.model_join_BIC.bpp for options.
Alphabet type .........................: RNA
Sequence format .......................: Mase
Sequence file .........................: Life_Alignment.mase
Sites to use...........................: complete
Complete sites.........................: 527
Number of sequences....................: 92
Number of sites........................: 527
Tree file..............................: Life_Alignment.ml_nh_join_BIC.nhx
Number of leaves.......................: 92
Heterogeneous model....................: general
Number of distinct models..............: 14
Parameter found........................: GC.theta=0.465684
Root frequencies ......................: GC
Stationarity assumed...................: no
Substitution model.....................: T92
Frequencies Initialization for model...: None
Parameter found........................: model1.T92.kappa=3.17302
Parameter found........................: model1.T92.theta=0.790273
Model1 is associated to................: 22 node(s).
Substitution model.....................: T92
Frequencies Initialization for model...: None
Parameter found........................: model2.T92.kappa=3.17302
Parameter found........................: model2.T92.theta=0.603601
Model2 is associated to................: 5 node(s).
Substitution model.....................: T92
Frequencies Initialization for model...: None
Parameter found........................: model3.T92.kappa=3.17302
Parameter found........................: model3.T92.theta=0.506731
Model3 is associated to................: 10 node(s).
Substitution model.....................: T92
Frequencies Initialization for model...: None
Parameter found........................: model4.T92.kappa=3.17302
Parameter found........................: model4.T92.theta=0.696073
Model4 is associated to................: 1 node(s).
Substitution model.....................: T92
Frequencies Initialization for model...: None
Parameter found........................: model5.T92.kappa=3.17302
Parameter found........................: model5.T92.theta=0.563026
Model5 is associated to................: 9 node(s).
Substitution model.....................: T92
Frequencies Initialization for model...: None
Parameter found........................: model6.T92.kappa=3.17302
Parameter found........................: model6.T92.theta=0.438576
Model6 is associated to................: 32 node(s).
Substitution model.....................: T92
Frequencies Initialization for model...: None
Parameter found........................: model7.T92.kappa=3.17302
Parameter found........................: model7.T92.theta=0.46623
Model7 is associated to................: 23 node(s).
Substitution model.....................: T92
Frequencies Initialization for model...: None
Parameter found........................: model8.T92.kappa=3.17302
Parameter found........................: model8.T92.theta=0.538471
Model8 is associated to................: 18 node(s).
Substitution model.....................: T92
Frequencies Initialization for model...: None
Parameter found........................: model9.T92.kappa=3.17302
Parameter found........................: model9.T92.theta=0.175031
Model9 is associated to................: 1 node(s).
Substitution model.....................: T92
Frequencies Initialization for model...: None
Parameter found........................: model10.T92.kappa=3.17302
Parameter found........................: model10.T92.theta=0.904306
Model10 is associated to...............: 3 node(s).
Substitution model.....................: T92
Frequencies Initialization for model...: None
Parameter found........................: model11.T92.kappa=3.17302
Parameter found........................: model11.T92.theta=0.664317
Model11 is associated to...............: 1 node(s).
Substitution model.....................: T92
Frequencies Initialization for model...: None
Parameter found........................: model12.T92.kappa=3.17302
Parameter found........................: model12.T92.theta=0.410714
Model12 is associated to...............: 51 node(s).
Substitution model.....................: T92
Frequencies Initialization for model...: None
Parameter found........................: model13.T92.kappa=3.17302
Parameter found........................: model13.T92.theta=0.795286
Model13 is associated to...............: 5 node(s).
Substitution model.....................: T92
Frequencies Initialization for model...: None
Parameter found........................: model14.T92.kappa=3.17302
Parameter found........................: model14.T92.theta=0.814386
Model14 is associated to...............: 1 node(s).
WARNING!!! Parameter nonhomogeneous.alias not specified. Default used instead: 
Rate distribution......................: Gamma
Number of classes......................: 4
Parameter found........................: Gamma.alpha=0.62513
- Category 0 (Pr = 0.25) rate..........: 0.058329
- Category 1 (Pr = 0.25) rate..........: 0.325956
- Category 2 (Pr = 0.25) rate..........: 0.893617
- Category 3 (Pr = 0.25) rate..........: 2.7221
WARNING!!! Parameter count.max not specified. Default used instead: -1
Output counts of type 1 to file........: Life_Alignment.counts_post1.dnd
Output counts of type 2 to file........: Life_Alignment.counts_post2.dnd
Perform branch clustering..............: yes
Cluster only neighbor nodes............: yes
Allow len < 0 in clustering............: no
Auto-clustering........................: Marginal
Auto-clutering threshold...............: 1
[Automatically cluster node.............: 1 with 3
Automatically cluster node.............: 2 with 3
Automatically cluster node.............: 3 with 5
=Automatically cluster node.............: 8 with 10
=Automatically cluster node.............: 12 with 42
Automatically cluster node.............: 13 with 17
Automatically cluster node.............: 14 with 16
=Automatically cluster node.............: 15 with 16
Automatically cluster node.............: 16 with 17
Automatically cluster node.............: 17 with 19
Automatically cluster node.............: 18 with 19
=Automatically cluster node.............: 21 with 41
=Automatically cluster node.............: 25 with 29
Automatically cluster node.............: 28 with 29
=Automatically cluster node.............: 32 with 34
Automatically cluster node.............: 34 with 38
=Automatically cluster node.............: 38 with 40
=Automatically cluster node.............: 41 with 42
=Automatically cluster node.............: 45 with 46
Automatically cluster node.............: 47 with 49
Automatically cluster node.............: 48 with 49
==Automatically cluster node.............: 58 with 60
=Automatically cluster node.............: 60 with 62
Automatically cluster node.............: 62 with 64
===Automatically cluster node.............: 79 with 83
=Automatically cluster node.............: 83 with 87
=Automatically cluster node.............: 87 with 89
=Automatically cluster node.............: 93 with 94
Automatically cluster node.............: 94 with 96
=Automatically cluster node.............: 96 with 98
=Automatically cluster node.............: 101 with 105
==Automatically cluster node.............: 113 with 119
=Automatically cluster node.............: 115 with 117
Automatically cluster node.............: 116 with 117
Automatically cluster node.............: 119 with 123
=Automatically cluster node.............: 123 with 135
Automatically cluster node.............: 124 with 126
=Automatically cluster node.............: 125 with 126
Automatically cluster node.............: 126 with 128
Automatically cluster node.............: 127 with 128
Automatically cluster node.............: 128 with 132
Automatically cluster node.............: 129 with 131
=Automatically cluster node.............: 130 with 131
Automatically cluster node.............: 131 with 132
Automatically cluster node.............: 132 with 134
=Automatically cluster node.............: 135 with 143
Automatically cluster node.............: 136 with 138
Automatically cluster node.............: 138 with 140
=Automatically cluster node.............: 140 with 142
Automatically cluster node.............: 143 with 159
=Automatically cluster node.............: 148 with 158
=Automatically cluster node.............: 151 with 152
Automatically cluster node.............: 152 with 154
Automatically cluster node.............: 153 with 154
=Automatically cluster node.............: 155 with 157
Automatically cluster node.............: 157 with 158
=Automatically cluster node.............: 161 with 167
Automatically cluster node.............: 162 with 164
Automatically cluster node.............: 163 with 164
Automatically cluster node.............: 164 with 166
=Automatically cluster node.............: 165 with 166
Automatically cluster node.............: 168 with 170
=Automatically cluster node.............: 171 with 177
Automatically cluster node.............: 172 with 174
Automatically cluster node.............: 173 with 174
==Automatically cluster node.............: 180 with 181
==]Done.
[>>>>>>>>>>>>>>>>>>>>>>>>>>>>>>>>>>>>>>]Done.
P-value at root node...................: 2.09255e-11
Number of tests performed..............: 760
Output cluster tree to.................: Life_Alignment.cluster_equilibrium_join_post.dnd
MapNH's done. Bye.
Total execution time: 0.000000d, 0.000000h, 0.000000m, 1.000000s.
