******************************************************************
*                     Map NH, version 1.3.0                      *
* Authors: J. Dutheil                       Created on  09/12/10 *
*          B. Boussau                       Modif. 17/12/11      *
*          L. Guéguen                       Last Modif. 24/11/14 *
******************************************************************

Parsing options:
Parsing file MapNH.bpp for options.
Alphabet type .........................: RNA
Sequence file .........................: Life_Alignment.mase
Sequence format .......................: MASE file
Sites to use...........................: complete
Complete sites.........................: 527
Number of sequences....................: 92
Number of sites........................: 527
Input tree file .......................: Life_Alignment.ml_h.rooted.dnd
Input tree format .....................: Newick
Number of leaves.......................: 92
Heterogeneous model....................: no
Substitution model.....................: JC69
External frequencies initialization for: None
WARNING!!! Parameter rate_distribution not specified. Default used instead: Constant()
Distribution...........................: Constant
Number of classes......................: 1
- Category 0 (Pr = 1) rate.............: 1
Rate distribution......................: Constant
Number of classes......................: 1
Log-Likelihood.........................: -15736.4
Substitution Register..................: GC
  * Count type 1.......................: AU->CG
  * Count type 2.......................: CG->AU
WARNING!!! Parameter output.counts not specified. Default used instead: PerType(prefix=)
Output counts of type 1 to file........: mapping_counts_per_type_AU->CG.dnd
Output counts of type 2 to file........: mapping_counts_per_type_CG->AU.dnd
Perform branch clustering..............: yes
Cluster only neighbor nodes............: no
Allow len < 0 in clustering............: no
Auto-clustering........................: Marginal
Auto-clutering threshold...............: 1
[Automatically cluster node.............: 1 with 3
Automatically cluster node.............: 2 with 3
Automatically cluster node.............: 3 with 5
==Automatically cluster node.............: 12 with 42
Automatically cluster node.............: 13 with 17
Automatically cluster node.............: 14 with 16
=Automatically cluster node.............: 15 with 16
Automatically cluster node.............: 16 with 17
Automatically cluster node.............: 17 with 19
Automatically cluster node.............: 18 with 19
=Automatically cluster node.............: 21 with 41
=Automatically cluster node.............: 25 with 29
Automatically cluster node.............: 28 with 29
=Automatically cluster node.............: 32 with 34
Automatically cluster node.............: 34 with 38
=Automatically cluster node.............: 38 with 40
==Automatically cluster node.............: 45 with 46
Automatically cluster node.............: 47 with 49
Automatically cluster node.............: 48 with 49
===Automatically cluster node.............: 60 with 62
===Automatically cluster node.............: 79 with 83
=Automatically cluster node.............: 83 with 87
=Automatically cluster node.............: 87 with 89
==Automatically cluster node.............: 96 with 98
=Automatically cluster node.............: 101 with 105
==Automatically cluster node.............: 113 with 119
=Automatically cluster node.............: 116 with 117
=Automatically cluster node.............: 124 with 126
=Automatically cluster node.............: 126 with 128
Automatically cluster node.............: 127 with 128
Automatically cluster node.............: 128 with 132
Automatically cluster node.............: 129 with 131
=Automatically cluster node.............: 130 with 131
Automatically cluster node.............: 131 with 132
Automatically cluster node.............: 132 with 134
=Automatically cluster node.............: 135 with 143
Automatically cluster node.............: 136 with 138
=Automatically cluster node.............: 140 with 142
Automatically cluster node.............: 143 with 159
=Automatically cluster node.............: 148 with 158
=Automatically cluster node.............: 151 with 152
Automatically cluster node.............: 152 with 154
Automatically cluster node.............: 153 with 154
=Automatically cluster node.............: 155 with 157
Automatically cluster node.............: 157 with 158
=Automatically cluster node.............: 161 with 167
Automatically cluster node.............: 162 with 164
Automatically cluster node.............: 163 with 164
==Automatically cluster node.............: 172 with 174
==Automatically cluster node.............: 180 with 181
==]Done.
[>>>>>>>>>>>>>>>>>>>>>>>>>>>>>>>>>>>>>>]Done.
P-value at root node...................: 0.643304
Number of tests performed..............: 28196
Output cluster tree to.................: Life_Alignment.cluster_equilibrium_free.dnd
MapNH's done. Bye.
Total execution time: 0.000000d, 0.000000h, 0.000000m, 0.000000s.
