******************************************************************
*                     PartNH, version 1.3.0                      *
* Authors: J. Dutheil                       Created on  09/12/10 *
*          B. Boussau                       Last Modif. 24/11/14 *
******************************************************************

Parsing options:
Parsing file PartNH.bpp for options.
Input cluster tree.....................: Life_Alignment.cluster_equilibrium_join.dnd
Input tree file........................: Life_Alignment.nhx
Alphabet type .........................: RNA
Sequence file .........................: Life_Alignment.mase
Sequence format .......................: MASE file
Sites to use...........................: complete
Complete sites.........................: 527
Number of sites........................: 527
Number of sequences....................: 92
Number of sites........................: 527
Substitution model.....................: T92
External model frequencies init........: None
Parameter found........................: T92.kappa=2
Parameter found........................: T92.theta=0.5

Distribution...........................: Gamma
Number of classes......................: 4
Parameter found........................: Gamma.alpha=0.5
- Category 0 (Pr = 0.25) rate..........: 0.0333878
- Category 1 (Pr = 0.25) rate..........: 0.251916
- Category 2 (Pr = 0.25) rate..........: 0.820268
- Category 3 (Pr = 0.25) rate..........: 2.89443
Rate distribution......................: Gamma
Number of classes......................: 4
WARNING!!! Tree has been unrooted.
Initializing data structure............: Done.
Number of distinct sites...............: 417
Log-Likelihood.........................: -14360.5
Output intermediate models.............: yes
Output log to..........................: Life_Alignment.model_join_BIC.log.txt
Message handler........................: Life_Alignment.join_BIC.message*
Profiler...............................: Life_Alignment.join_BIC.profile*
Max # ML evaluations...................: 10000
Tolerance..............................: 1e-06
Reparametrization......................: no
WARNING!!! Parameter optimization.clock not specified. Default used instead: None
Molecular clock........................: None
************************************

* Homogeneous model - LogL.............: -14122.1
                    - df...............: 184
WARNING!!! Parameter nonhomogeneous.stationarity not specified. Default used instead: 0
Parameter found........................: GC.theta=0.5
Root frequencies ......................: GC
Stationarity assumed...................: no
Global parameter.......................: T92.kappa
AIC....................................: 28612.2
AICc...................................: 28811.3
BIC....................................: 29397.4
Likelihood comparison method...........: BIC
Stop condition.........................: test 20 nested models after local best
Testing non-stationary model...........: yes
Number of real partitions..............: 1
Partition 1............................: 182 element(s).
******************************************************

* New NH model - LogL..................: -14117.5
               - df....................: 186
               - LRT p-value...........: 0.00993148
               - AIC...................: 28607
               - AICc..................: 28811.6
               - BIC...................: 29400.7
Current threshold......................: 0
Number of real partitions..............: 2
Partition 1............................: 123 element(s).
Partition 2............................: 59 element(s).
******************************************************************************

* New NH model - LogL..................: -14096.6
               - df....................: 187
               - LRT p-value...........: 9.69366e-11
               - AIC...................: 28567.1
               - AICc..................: 28774.5
               - BIC...................: 29365.1
Current threshold......................: 2.19356e-05
Number of real partitions..............: 3
Partition 1............................: 59 element(s).
Partition 2............................: 1 element(s).
Partition 3............................: 122 element(s).
******************************

* New NH model - LogL..................: -14094.8
               - df....................: 188
               - LRT p-value...........: 0.0631118
               - AIC...................: 28565.7
               - AICc..................: 28775.9
               - BIC...................: 29367.9
Current threshold......................: 0.0001491
Number of real partitions..............: 4
Partition 1............................: 59 element(s).
Partition 2............................: 1 element(s).
Partition 3............................: 119 element(s).
Partition 4............................: 3 element(s).
**************************************************

* New NH model - LogL..................: -14091.7
               - df....................: 189
               - LRT p-value...........: 0.0126223
               - AIC...................: 28561.5
               - AICc..................: 28774.6
               - BIC...................: 29368
Current threshold......................: 0.0019803
Number of real partitions..............: 5
Partition 1............................: 1 element(s).
Partition 2............................: 119 element(s).
Partition 3............................: 3 element(s).
Partition 4............................: 58 element(s).
Partition 5............................: 1 element(s).
*******

* New NH model - LogL..................: -14091.7
               - df....................: 190
               - LRT p-value...........: 0.912456
               - AIC...................: 28563.4
               - AICc..................: 28779.5
               - BIC...................: 29374.2
Current threshold......................: 0.00480384
Number of real partitions..............: 7
Partition 1............................: 1 element(s).
Partition 2............................: 3 element(s).
Partition 3............................: 58 element(s).
Partition 4............................: 1 element(s).
Partition 5............................: 9 element(s).
Partition 6............................: 7 element(s).
Partition 7............................: 103 element(s).
***************************************************************************************

* New NH model - LogL..................: -14080.8
               - df....................: 192
               - LRT p-value...........: 1.75088e-05
               - AIC...................: 28545.5
               - AICc..................: 28767.4
               - BIC...................: 29364.8
Current threshold......................: 0.006924
Number of real partitions..............: 8
Partition 1............................: 1 element(s).
Partition 2............................: 58 element(s).
Partition 3............................: 1 element(s).
Partition 4............................: 9 element(s).
Partition 5............................: 7 element(s).
Partition 6............................: 103 element(s).
Partition 7............................: 2 element(s).
Partition 8............................: 1 element(s).
*******************************************************************

* New NH model - LogL..................: -14076.2
               - df....................: 193
               - LRT p-value...........: 0.00249071
               - AIC...................: 28538.4
               - AICc..................: 28763.3
               - BIC...................: 29362
Current threshold......................: 0.0132882
Number of real partitions..............: 9
Partition 1............................: 1 element(s).
Partition 2............................: 58 element(s).
Partition 3............................: 1 element(s).
Partition 4............................: 9 element(s).
Partition 5............................: 7 element(s).
Partition 6............................: 2 element(s).
Partition 7............................: 1 element(s).
Partition 8............................: 85 element(s).
Partition 9............................: 18 element(s).
**************************************************************************************************

* New NH model - LogL..................: -14072.5
               - df....................: 194
               - LRT p-value...........: 0.00682301
               - AIC...................: 28533.1
               - AICc..................: 28761
               - BIC...................: 29360.9
Current threshold......................: 0.016521
Number of real partitions..............: 10
Partition 1............................: 1 element(s).
Partition 2............................: 1 element(s).
Partition 3............................: 9 element(s).
Partition 4............................: 7 element(s).
Partition 5............................: 2 element(s).
Partition 6............................: 1 element(s).
Partition 7............................: 85 element(s).
Partition 8............................: 18 element(s).
Partition 9............................: 41 element(s).
Partition 10...........................: 17 element(s).
************

* New NH model - LogL..................: -14072.5
               - df....................: 195
               - LRT p-value...........: 0.873257
               - AIC...................: 28535.1
               - AICc..................: 28766
               - BIC...................: 29367.2
Current threshold......................: 0.0165212
Number of real partitions..............: 11
Partition 1............................: 1 element(s).
Partition 2............................: 1 element(s).
Partition 3............................: 9 element(s).
Partition 4............................: 7 element(s).
Partition 5............................: 2 element(s).
Partition 6............................: 1 element(s).
Partition 7............................: 85 element(s).
Partition 8............................: 18 element(s).
Partition 9............................: 41 element(s).
Partition 10...........................: 6 element(s).
Partition 11...........................: 11 element(s).
*************

* New NH model - LogL..................: -14071.9
               - df....................: 196
               - LRT p-value...........: 0.282665
               - AIC...................: 28535.9
               - AICc..................: 28769.9
               - BIC...................: 29372.3
Current threshold......................: 0.02025
Number of real partitions..............: 12
Partition 1............................: 1 element(s).
Partition 2............................: 1 element(s).
Partition 3............................: 9 element(s).
Partition 4............................: 7 element(s).
Partition 5............................: 2 element(s).
Partition 6............................: 1 element(s).
Partition 7............................: 85 element(s).
Partition 8............................: 18 element(s).
Partition 9............................: 41 element(s).
Partition 10...........................: 11 element(s).
Partition 11...........................: 5 element(s).
Partition 12...........................: 1 element(s).
**

* New NH model - LogL..................: -14071.9
               - df....................: 197
               - LRT p-value...........: 0.995618
               - AIC...................: 28537.9
               - AICc..................: 28775
               - BIC...................: 29378.5
Current threshold......................: 0.0212808
Number of real partitions..............: 14
Partition 1............................: 1 element(s).
Partition 2............................: 1 element(s).
Partition 3............................: 9 element(s).
Partition 4............................: 2 element(s).
Partition 5............................: 1 element(s).
Partition 6............................: 85 element(s).
Partition 7............................: 18 element(s).
Partition 8............................: 41 element(s).
Partition 9............................: 11 element(s).
Partition 10...........................: 5 element(s).
Partition 11...........................: 1 element(s).
Partition 12...........................: 2 element(s).
Partition 13...........................: 4 element(s).
Partition 14...........................: 1 element(s).
*****************

* New NH model - LogL..................: -14071.7
               - df....................: 199
               - LRT p-value...........: 0.765759
               - AIC...................: 28541.4
               - AICc..................: 28784.8
               - BIC...................: 29390.5
Current threshold......................: 0.0221472
Number of real partitions..............: 16
Partition 1............................: 1 element(s).
Partition 2............................: 1 element(s).
Partition 3............................: 9 element(s).
Partition 4............................: 2 element(s).
Partition 5............................: 1 element(s).
Partition 6............................: 85 element(s).
Partition 7............................: 18 element(s).
Partition 8............................: 11 element(s).
Partition 9............................: 5 element(s).
Partition 10...........................: 1 element(s).
Partition 11...........................: 2 element(s).
Partition 12...........................: 4 element(s).
Partition 13...........................: 1 element(s).
Partition 14...........................: 1 element(s).
Partition 15...........................: 32 element(s).
Partition 16...........................: 8 element(s).
*******************************

* New NH model - LogL..................: -14069
               - df....................: 201
               - LRT p-value...........: 0.0671386
               - AIC...................: 28540
               - AICc..................: 28789.8
               - BIC...................: 29397.7
Current threshold......................: 0.022148
Number of real partitions..............: 18
Partition 1............................: 1 element(s).
Partition 2............................: 1 element(s).
Partition 3............................: 9 element(s).
Partition 4............................: 2 element(s).
Partition 5............................: 1 element(s).
Partition 6............................: 85 element(s).
Partition 7............................: 18 element(s).
Partition 8............................: 11 element(s).
Partition 9............................: 5 element(s).
Partition 10...........................: 1 element(s).
Partition 11...........................: 2 element(s).
Partition 12...........................: 4 element(s).
Partition 13...........................: 1 element(s).
Partition 14...........................: 1 element(s).
Partition 15...........................: 32 element(s).
Partition 16...........................: 5 element(s).
Partition 17...........................: 1 element(s).
Partition 18...........................: 2 element(s).
********************

* New NH model - LogL..................: -14065.6
               - df....................: 203
               - LRT p-value...........: 0.032443
               - AIC...................: 28537.1
               - AICc..................: 28793.5
               - BIC...................: 29403.3
Current threshold......................: 0.0247766
Number of real partitions..............: 21
Partition 1............................: 1 element(s).
Partition 2............................: 1 element(s).
Partition 3............................: 9 element(s).
Partition 4............................: 2 element(s).
Partition 5............................: 1 element(s).
Partition 6............................: 18 element(s).
Partition 7............................: 11 element(s).
Partition 8............................: 5 element(s).
Partition 9............................: 1 element(s).
Partition 10...........................: 2 element(s).
Partition 11...........................: 4 element(s).
Partition 12...........................: 1 element(s).
Partition 13...........................: 1 element(s).
Partition 14...........................: 32 element(s).
Partition 15...........................: 5 element(s).
Partition 16...........................: 1 element(s).
Partition 17...........................: 2 element(s).
Partition 18...........................: 1 element(s).
Partition 19...........................: 74 element(s).
Partition 20...........................: 3 element(s).
Partition 21...........................: 7 element(s).
*********************

* New NH model - LogL..................: -14058.1
               - df....................: 206
               - LRT p-value...........: 0.00182819
               - AIC...................: 28528.1
               - AICc..................: 28794.6
               - BIC...................: 29407.2
Current threshold......................: 0.024778
Number of real partitions..............: 22
Partition 1............................: 1 element(s).
Partition 2............................: 1 element(s).
Partition 3............................: 9 element(s).
Partition 4............................: 2 element(s).
Partition 5............................: 1 element(s).
Partition 6............................: 18 element(s).
Partition 7............................: 11 element(s).
Partition 8............................: 5 element(s).
Partition 9............................: 1 element(s).
Partition 10...........................: 2 element(s).
Partition 11...........................: 4 element(s).
Partition 12...........................: 1 element(s).
Partition 13...........................: 1 element(s).
Partition 14...........................: 32 element(s).
Partition 15...........................: 5 element(s).
Partition 16...........................: 1 element(s).
Partition 17...........................: 2 element(s).
Partition 18...........................: 1 element(s).
Partition 19...........................: 74 element(s).
Partition 20...........................: 7 element(s).
Partition 21...........................: 2 element(s).
Partition 22...........................: 1 element(s).
*******

* New NH model - LogL..................: -14058.1
               - df....................: 207
               - LRT p-value...........: 0.975043
               - AIC...................: 28530.1
               - AICc..................: 28800.1
               - BIC...................: 29413.4
Current threshold......................: 0.0254382
Number of real partitions..............: 23
Partition 1............................: 1 element(s).
Partition 2............................: 1 element(s).
Partition 3............................: 9 element(s).
Partition 4............................: 2 element(s).
Partition 5............................: 1 element(s).
Partition 6............................: 18 element(s).
Partition 7............................: 11 element(s).
Partition 8............................: 5 element(s).
Partition 9............................: 1 element(s).
Partition 10...........................: 2 element(s).
Partition 11...........................: 4 element(s).
Partition 12...........................: 1 element(s).
Partition 13...........................: 1 element(s).
Partition 14...........................: 32 element(s).
Partition 15...........................: 5 element(s).
Partition 16...........................: 1 element(s).
Partition 17...........................: 2 element(s).
Partition 18...........................: 1 element(s).
Partition 19...........................: 7 element(s).
Partition 20...........................: 2 element(s).
Partition 21...........................: 1 element(s).
Partition 22...........................: 73 element(s).
Partition 23...........................: 1 element(s).
***********************************************************************

* New NH model - LogL..................: -14056.3
               - df....................: 208
               - LRT p-value...........: 0.0612195
               - AIC...................: 28528.6
               - AICc..................: 28802
               - BIC...................: 29416.2
Current threshold......................: 0.028262
Number of real partitions..............: 25
Partition 1............................: 1 element(s).
Partition 2............................: 1 element(s).
Partition 3............................: 9 element(s).
Partition 4............................: 2 element(s).
Partition 5............................: 1 element(s).
Partition 6............................: 18 element(s).
Partition 7............................: 11 element(s).
Partition 8............................: 1 element(s).
Partition 9............................: 2 element(s).
Partition 10...........................: 4 element(s).
Partition 11...........................: 1 element(s).
Partition 12...........................: 1 element(s).
Partition 13...........................: 32 element(s).
Partition 14...........................: 5 element(s).
Partition 15...........................: 1 element(s).
Partition 16...........................: 2 element(s).
Partition 17...........................: 1 element(s).
Partition 18...........................: 7 element(s).
Partition 19...........................: 2 element(s).
Partition 20...........................: 1 element(s).
Partition 21...........................: 73 element(s).
Partition 22...........................: 1 element(s).
Partition 23...........................: 1 element(s).
Partition 24...........................: 3 element(s).
Partition 25...........................: 1 element(s).
**************

* New NH model - LogL..................: -14056.1
               - df....................: 210
               - LRT p-value...........: 0.816154
               - AIC...................: 28532.2
               - AICc..................: 28812.6
               - BIC...................: 29428.3
Current threshold......................: 0.0337635
Number of real partitions..............: 26
Partition 1............................: 1 element(s).
Partition 2............................: 1 element(s).
Partition 3............................: 9 element(s).
Partition 4............................: 2 element(s).
Partition 5............................: 1 element(s).
Partition 6............................: 18 element(s).
Partition 7............................: 11 element(s).
Partition 8............................: 1 element(s).
Partition 9............................: 2 element(s).
Partition 10...........................: 4 element(s).
Partition 11...........................: 1 element(s).
Partition 12...........................: 1 element(s).
Partition 13...........................: 32 element(s).
Partition 14...........................: 5 element(s).
Partition 15...........................: 1 element(s).
Partition 16...........................: 2 element(s).
Partition 17...........................: 1 element(s).
Partition 18...........................: 7 element(s).
Partition 19...........................: 2 element(s).
Partition 20...........................: 1 element(s).
Partition 21...........................: 1 element(s).
Partition 22...........................: 1 element(s).
Partition 23...........................: 3 element(s).
Partition 24...........................: 1 element(s).
Partition 25...........................: 25 element(s).
Partition 26...........................: 48 element(s).
*********************************************************************************************************************************************************************************************************************************************************

* New NH model - LogL..................: -14045.1
               - df....................: 211
               - LRT p-value...........: 2.67705e-06
               - AIC...................: 28512.2
               - AICc..................: 28796.2
               - BIC...................: 29412.6
Current threshold......................: 0.0337636
Number of real partitions..............: 29
Partition 1............................: 1 element(s).
Partition 2............................: 1 element(s).
Partition 3............................: 9 element(s).
Partition 4............................: 2 element(s).
Partition 5............................: 1 element(s).
Partition 6............................: 18 element(s).
Partition 7............................: 11 element(s).
Partition 8............................: 1 element(s).
Partition 9............................: 2 element(s).
Partition 10...........................: 4 element(s).
Partition 11...........................: 1 element(s).
Partition 12...........................: 1 element(s).
Partition 13...........................: 32 element(s).
Partition 14...........................: 5 element(s).
Partition 15...........................: 1 element(s).
Partition 16...........................: 2 element(s).
Partition 17...........................: 1 element(s).
Partition 18...........................: 7 element(s).
Partition 19...........................: 2 element(s).
Partition 20...........................: 1 element(s).
Partition 21...........................: 1 element(s).
Partition 22...........................: 1 element(s).
Partition 23...........................: 3 element(s).
Partition 24...........................: 1 element(s).
Partition 25...........................: 25 element(s).
Partition 26...........................: 16 element(s).
Partition 27...........................: 5 element(s).
Partition 28...........................: 26 element(s).
Partition 29...........................: 1 element(s).
**********************************************************************************************************************************************

* New NH model - LogL..................: -14038.3
               - df....................: 214
               - LRT p-value...........: 0.00343653
               - AIC...................: 28504.5
               - AICc..................: 28799.5
               - BIC...................: 29417.7
Current threshold......................: 0.048415
Number of real partitions..............: 30
Partition 1............................: 1 element(s).
Partition 2............................: 1 element(s).
Partition 3............................: 9 element(s).
Partition 4............................: 2 element(s).
Partition 5............................: 1 element(s).
Partition 6............................: 18 element(s).
Partition 7............................: 11 element(s).
Partition 8............................: 1 element(s).
Partition 9............................: 2 element(s).
Partition 10...........................: 4 element(s).
Partition 11...........................: 1 element(s).
Partition 12...........................: 1 element(s).
Partition 13...........................: 5 element(s).
Partition 14...........................: 1 element(s).
Partition 15...........................: 2 element(s).
Partition 16...........................: 1 element(s).
Partition 17...........................: 7 element(s).
Partition 18...........................: 2 element(s).
Partition 19...........................: 1 element(s).
Partition 20...........................: 1 element(s).
Partition 21...........................: 1 element(s).
Partition 22...........................: 3 element(s).
Partition 23...........................: 1 element(s).
Partition 24...........................: 25 element(s).
Partition 25...........................: 16 element(s).
Partition 26...........................: 5 element(s).
Partition 27...........................: 26 element(s).
Partition 28...........................: 1 element(s).
Partition 29...........................: 26 element(s).
Partition 30...........................: 6 element(s).
********

* New NH model - LogL..................: -14038.1
               - df....................: 215
               - LRT p-value...........: 0.622196
               - AIC...................: 28506.3
               - AICc..................: 28804.9
               - BIC...................: 29423.7
Current threshold......................: 0.048416
Number of real partitions..............: 31
Partition 1............................: 1 element(s).
Partition 2............................: 1 element(s).
Partition 3............................: 9 element(s).
Partition 4............................: 2 element(s).
Partition 5............................: 1 element(s).
Partition 6............................: 18 element(s).
Partition 7............................: 11 element(s).
Partition 8............................: 1 element(s).
Partition 9............................: 2 element(s).
Partition 10...........................: 4 element(s).
Partition 11...........................: 1 element(s).
Partition 12...........................: 1 element(s).
Partition 13...........................: 5 element(s).
Partition 14...........................: 1 element(s).
Partition 15...........................: 2 element(s).
Partition 16...........................: 1 element(s).
Partition 17...........................: 7 element(s).
Partition 18...........................: 2 element(s).
Partition 19...........................: 1 element(s).
Partition 20...........................: 1 element(s).
Partition 21...........................: 1 element(s).
Partition 22...........................: 3 element(s).
Partition 23...........................: 1 element(s).
Partition 24...........................: 25 element(s).
Partition 25...........................: 16 element(s).
Partition 26...........................: 5 element(s).
Partition 27...........................: 26 element(s).
Partition 28...........................: 1 element(s).
Partition 29...........................: 26 element(s).
Partition 30...........................: 3 element(s).
Partition 31...........................: 3 element(s).
**********

* New NH model - LogL..................: -14037.6
               - df....................: 216
               - LRT p-value...........: 0.283252
               - AIC...................: 28507.1
               - AICc..................: 28809.5
               - BIC...................: 29428.9
Current threshold......................: 0.0509774
Number of real partitions..............: 32
Partition 1............................: 1 element(s).
Partition 2............................: 1 element(s).
Partition 3............................: 9 element(s).
Partition 4............................: 2 element(s).
Partition 5............................: 1 element(s).
Partition 6............................: 18 element(s).
Partition 7............................: 11 element(s).
Partition 8............................: 1 element(s).
Partition 9............................: 2 element(s).
Partition 10...........................: 4 element(s).
Partition 11...........................: 1 element(s).
Partition 12...........................: 1 element(s).
Partition 13...........................: 5 element(s).
Partition 14...........................: 1 element(s).
Partition 15...........................: 2 element(s).
Partition 16...........................: 1 element(s).
Partition 17...........................: 7 element(s).
Partition 18...........................: 2 element(s).
Partition 19...........................: 1 element(s).
Partition 20...........................: 1 element(s).
Partition 21...........................: 1 element(s).
Partition 22...........................: 3 element(s).
Partition 23...........................: 1 element(s).
Partition 24...........................: 16 element(s).
Partition 25...........................: 5 element(s).
Partition 26...........................: 26 element(s).
Partition 27...........................: 1 element(s).
Partition 28...........................: 26 element(s).
Partition 29...........................: 3 element(s).
Partition 30...........................: 3 element(s).
Partition 31...........................: 22 element(s).
Partition 32...........................: 3 element(s).
**********

* New NH model - LogL..................: -14036.6
               - df....................: 217
               - LRT p-value...........: 0.170705
               - AIC...................: 28507.3
               - AICc..................: 28813.4
               - BIC...................: 29433.2
Current threshold......................: 0.050978
Number of real partitions..............: 33
Partition 1............................: 1 element(s).
Partition 2............................: 1 element(s).
Partition 3............................: 9 element(s).
Partition 4............................: 2 element(s).
Partition 5............................: 1 element(s).
Partition 6............................: 18 element(s).
Partition 7............................: 11 element(s).
Partition 8............................: 1 element(s).
Partition 9............................: 2 element(s).
Partition 10...........................: 4 element(s).
Partition 11...........................: 1 element(s).
Partition 12...........................: 1 element(s).
Partition 13...........................: 5 element(s).
Partition 14...........................: 1 element(s).
Partition 15...........................: 2 element(s).
Partition 16...........................: 1 element(s).
Partition 17...........................: 7 element(s).
Partition 18...........................: 2 element(s).
Partition 19...........................: 1 element(s).
Partition 20...........................: 1 element(s).
Partition 21...........................: 1 element(s).
Partition 22...........................: 3 element(s).
Partition 23...........................: 1 element(s).
Partition 24...........................: 16 element(s).
Partition 25...........................: 5 element(s).
Partition 26...........................: 26 element(s).
Partition 27...........................: 1 element(s).
Partition 28...........................: 26 element(s).
Partition 29...........................: 3 element(s).
Partition 30...........................: 3 element(s).
Partition 31...........................: 22 element(s).
Partition 32...........................: 2 element(s).
Partition 33...........................: 1 element(s).
**********

* New NH model - LogL..................: -14036.2
               - df....................: 218
               - LRT p-value...........: 0.363885
               - AIC...................: 28508.4
               - AICc..................: 28818.4
               - BIC...................: 29438.7
Current threshold......................: 0.063618
Number of real partitions..............: 34
Partition 1............................: 1 element(s).
Partition 2............................: 1 element(s).
Partition 3............................: 9 element(s).
Partition 4............................: 2 element(s).
Partition 5............................: 1 element(s).
Partition 6............................: 18 element(s).
Partition 7............................: 11 element(s).
Partition 8............................: 1 element(s).
Partition 9............................: 2 element(s).
Partition 10...........................: 4 element(s).
Partition 11...........................: 1 element(s).
Partition 12...........................: 1 element(s).
Partition 13...........................: 5 element(s).
Partition 14...........................: 1 element(s).
Partition 15...........................: 2 element(s).
Partition 16...........................: 1 element(s).
Partition 17...........................: 7 element(s).
Partition 18...........................: 2 element(s).
Partition 19...........................: 1 element(s).
Partition 20...........................: 1 element(s).
Partition 21...........................: 1 element(s).
Partition 22...........................: 3 element(s).
Partition 23...........................: 1 element(s).
Partition 24...........................: 16 element(s).
Partition 25...........................: 5 element(s).
Partition 26...........................: 1 element(s).
Partition 27...........................: 26 element(s).
Partition 28...........................: 3 element(s).
Partition 29...........................: 3 element(s).
Partition 30...........................: 22 element(s).
Partition 31...........................: 2 element(s).
Partition 32...........................: 1 element(s).
Partition 33...........................: 25 element(s).
Partition 34...........................: 1 element(s).
*******************

* New NH model - LogL..................: -14035.9
               - df....................: 219
               - LRT p-value...........: 0.405899
               - AIC...................: 28509.7
               - AICc..................: 28823.6
               - BIC...................: 29444.3
Current threshold......................: 0.072738
Number of real partitions..............: 37
Partition 1............................: 1 element(s).
Partition 2............................: 1 element(s).
Partition 3............................: 9 element(s).
Partition 4............................: 2 element(s).
Partition 5............................: 1 element(s).
Partition 6............................: 11 element(s).
Partition 7............................: 1 element(s).
Partition 8............................: 2 element(s).
Partition 9............................: 4 element(s).
Partition 10...........................: 1 element(s).
Partition 11...........................: 1 element(s).
Partition 12...........................: 5 element(s).
Partition 13...........................: 1 element(s).
Partition 14...........................: 2 element(s).
Partition 15...........................: 1 element(s).
Partition 16...........................: 7 element(s).
Partition 17...........................: 2 element(s).
Partition 18...........................: 1 element(s).
Partition 19...........................: 1 element(s).
Partition 20...........................: 1 element(s).
Partition 21...........................: 3 element(s).
Partition 22...........................: 1 element(s).
Partition 23...........................: 16 element(s).
Partition 24...........................: 5 element(s).
Partition 25...........................: 1 element(s).
Partition 26...........................: 26 element(s).
Partition 27...........................: 3 element(s).
Partition 28...........................: 3 element(s).
Partition 29...........................: 22 element(s).
Partition 30...........................: 2 element(s).
Partition 31...........................: 1 element(s).
Partition 32...........................: 25 element(s).
Partition 33...........................: 1 element(s).
Partition 34...........................: 1 element(s).
Partition 35...........................: 15 element(s).
Partition 36...........................: 1 element(s).
Partition 37...........................: 1 element(s).
************************

* New NH model - LogL..................: -14028.5
               - df....................: 222
               - LRT p-value...........: 0.00205068
               - AIC...................: 28501
               - AICc..................: 28826.7
               - BIC...................: 29448.3
Current threshold......................: 0.0835624
Number of real partitions..............: 38
Partition 1............................: 1 element(s).
Partition 2............................: 1 element(s).
Partition 3............................: 9 element(s).
Partition 4............................: 2 element(s).
Partition 5............................: 1 element(s).
Partition 6............................: 11 element(s).
Partition 7............................: 1 element(s).
Partition 8............................: 2 element(s).
Partition 9............................: 4 element(s).
Partition 10...........................: 1 element(s).
Partition 11...........................: 1 element(s).
Partition 12...........................: 5 element(s).
Partition 13...........................: 1 element(s).
Partition 14...........................: 2 element(s).
Partition 15...........................: 1 element(s).
Partition 16...........................: 7 element(s).
Partition 17...........................: 2 element(s).
Partition 18...........................: 1 element(s).
Partition 19...........................: 1 element(s).
Partition 20...........................: 1 element(s).
Partition 21...........................: 3 element(s).
Partition 22...........................: 1 element(s).
Partition 23...........................: 16 element(s).
Partition 24...........................: 5 element(s).
Partition 25...........................: 1 element(s).
Partition 26...........................: 3 element(s).
Partition 27...........................: 3 element(s).
Partition 28...........................: 22 element(s).
Partition 29...........................: 2 element(s).
Partition 30...........................: 1 element(s).
Partition 31...........................: 25 element(s).
Partition 32...........................: 1 element(s).
Partition 33...........................: 1 element(s).
Partition 34...........................: 15 element(s).
Partition 35...........................: 1 element(s).
Partition 36...........................: 1 element(s).
Partition 37...........................: 23 element(s).
Partition 38...........................: 3 element(s).
*********

* New NH model - LogL..................: -14028.3
               - df....................: 223
               - LRT p-value...........: 0.55885
               - AIC...................: 28502.7
               - AICc..................: 28832.4
               - BIC...................: 29454.2
Current threshold......................: 0.096314
Number of real partitions..............: 41
Partition 1............................: 1 element(s).
Partition 2............................: 1 element(s).
Partition 3............................: 9 element(s).
Partition 4............................: 2 element(s).
Partition 5............................: 1 element(s).
Partition 6............................: 11 element(s).
Partition 7............................: 1 element(s).
Partition 8............................: 2 element(s).
Partition 9............................: 4 element(s).
Partition 10...........................: 1 element(s).
Partition 11...........................: 1 element(s).
Partition 12...........................: 5 element(s).
Partition 13...........................: 1 element(s).
Partition 14...........................: 2 element(s).
Partition 15...........................: 1 element(s).
Partition 16...........................: 7 element(s).
Partition 17...........................: 2 element(s).
Partition 18...........................: 1 element(s).
Partition 19...........................: 1 element(s).
Partition 20...........................: 1 element(s).
Partition 21...........................: 3 element(s).
Partition 22...........................: 1 element(s).
Partition 23...........................: 16 element(s).
Partition 24...........................: 5 element(s).
Partition 25...........................: 1 element(s).
Partition 26...........................: 3 element(s).
Partition 27...........................: 3 element(s).
Partition 28...........................: 22 element(s).
Partition 29...........................: 2 element(s).
Partition 30...........................: 1 element(s).
Partition 31...........................: 25 element(s).
Partition 32...........................: 1 element(s).
Partition 33...........................: 1 element(s).
Partition 34...........................: 1 element(s).
Partition 35...........................: 1 element(s).
Partition 36...........................: 23 element(s).
Partition 37...........................: 3 element(s).
Partition 38...........................: 1 element(s).
Partition 39...........................: 1 element(s).
Partition 40...........................: 12 element(s).
Partition 41...........................: 1 element(s).
*****************

* New NH model - LogL..................: -14025.4
               - df....................: 226
               - LRT p-value...........: 0.11944
               - AIC...................: 28502.8
               - AICc..................: 28844.8
               - BIC...................: 29467.2
Model description output to file.......: Life_Alignment.model_join_BIC.bpp
Output parameter table to..............: Life_Alignment.ml_nh_join_BIC.parameters.csv
Output partitions record to............: Life_Alignment.partitions_record_join_BIC.txt
Wrote tree to file ....................: Life_Alignment.ml_nh_join_BIC.nhx
Partitions output to file..............: Life_Alignment.partitions_join_BIC.dnd
PartNH's done. Bye.
Total execution time: 0.000000d, 0.000000h, 24.000000m, 11.000000s.
