******************************************************************
*                     PartNH, version 1.3.0                      *
* Authors: J. Dutheil                       Created on  09/12/10 *
*          B. Boussau                       Last Modif. 24/11/14 *
******************************************************************

Parsing options:
Parsing file PartNH.bpp for options.
Input cluster tree.....................: Life_Alignment.cluster_equilibrium_free.dnd
Input tree file........................: Life_Alignment.nhx
Alphabet type .........................: RNA
Sequence file .........................: Life_Alignment.mase
Sequence format .......................: MASE file
Sites to use...........................: complete
Complete sites.........................: 527
Number of sequences....................: 92
Number of sites........................: 527
Substitution model.....................: T92
External frequencies initialization for: None
Parameter found........................: T92.kappa=2
Parameter found........................: T92.theta=0.5
Distribution...........................: Gamma
Number of classes......................: 4
Parameter found........................: Gamma.alpha=0.5
- Category 0 (Pr = 0.25) rate..........: 0.0333878
- Category 1 (Pr = 0.25) rate..........: 0.251916
- Category 2 (Pr = 0.25) rate..........: 0.820268
- Category 3 (Pr = 0.25) rate..........: 2.89443
Rate distribution......................: Gamma
Number of classes......................: 4
WARNING!!! Tree has been unrooted.
Initializing data structure............: Done.
Number of distinct sites...............: 417
Log-Likelihood.........................: -14204.3
Output intermediate models.............: yes
Output log to..........................: Life_Alignment.model_free_AIC.log.txt
Message handler........................: Life_Alignment.free_AIC.message*
Profiler...............................: Life_Alignment.free_AIC.profile*
WARNING!!! Parameter optimization.ignore_parameters not specified. Default used instead: 
Max # ML evaluations...................: 10000
Tolerance..............................: 1e-06
Reparametrization......................: no
WARNING!!! Parameter optimization.clock not specified. Default used instead: None
Molecular clock........................: None
*******************************************************

* Homogeneous model - LogL.............: -14122.1
                    - df...............: 184
WARNING!!! Parameter nonhomogeneous.stationarity not specified. Default used instead: 0
Parameter found........................: GC.theta=0.5
Root frequencies ......................: GC
Stationarity assumed...................: no
Global parameter.......................: T92.kappa
AIC....................................: 28612.2
AICc...................................: 28811.3
BIC....................................: 29397.4
Likelihood comparison method...........: AIC
Stop condition.........................: test 20 nested models after local best
Testing non-stationary model...........: yes
Number of real partitions..............: 1
Partition 1............................: 182 element(s).
WARNING!!! Parameter optimization.ignore_parameters not specified. Default used instead: 
********************************************************

* New NH model - LogL..................: -14117.5
               - df....................: 186
               - LRT p-value...........: 0.00993165
               - AIC...................: 28607
               - AICc..................: 28811.6
               - BIC...................: 29400.7
Current threshold......................: 0
Number of real partitions..............: 5
Partition 1............................: 53 element(s).
Partition 2............................: 37 element(s).
Partition 3............................: 12 element(s).
Partition 4............................: 36 element(s).
Partition 5............................: 44 element(s).
WARNING!!! Parameter optimization.ignore_parameters not specified. Default used instead: 
*****************************

* New NH model - LogL..................: -13935.8
               - df....................: 190
               - LRT p-value...........: 0
               - AIC...................: 28251.7
               - AICc..................: 28467.7
               - BIC...................: 29062.5
Current threshold......................: 0.0007074
Number of real partitions..............: 6
Partition 1............................: 37 element(s).
Partition 2............................: 12 element(s).
Partition 3............................: 36 element(s).
Partition 4............................: 44 element(s).
Partition 5............................: 35 element(s).
Partition 6............................: 18 element(s).
WARNING!!! Parameter optimization.ignore_parameters not specified. Default used instead: 
*******************

* New NH model - LogL..................: -13932.8
               - df....................: 191
               - LRT p-value...........: 0.0141674
               - AIC...................: 28247.7
               - AICc..................: 28466.6
               - BIC...................: 29062.7
Current threshold......................: 0.0137576
Number of real partitions..............: 7
Partition 1............................: 37 element(s).
Partition 2............................: 12 element(s).
Partition 3............................: 44 element(s).
Partition 4............................: 35 element(s).
Partition 5............................: 18 element(s).
Partition 6............................: 20 element(s).
Partition 7............................: 16 element(s).
WARNING!!! Parameter optimization.ignore_parameters not specified. Default used instead: 
*****************

* New NH model - LogL..................: -13932.7
               - df....................: 192
               - LRT p-value...........: 0.634778
               - AIC...................: 28249.4
               - AICc..................: 28471.3
               - BIC...................: 29068.7
Current threshold......................: 0.0336974
Number of real partitions..............: 8
Partition 1............................: 12 element(s).
Partition 2............................: 44 element(s).
Partition 3............................: 35 element(s).
Partition 4............................: 18 element(s).
Partition 5............................: 20 element(s).
Partition 6............................: 16 element(s).
Partition 7............................: 19 element(s).
Partition 8............................: 18 element(s).
WARNING!!! Parameter optimization.ignore_parameters not specified. Default used instead: 
**********************************

* New NH model - LogL..................: -13930.3
               - df....................: 193
               - LRT p-value...........: 0.0286578
               - AIC...................: 28246.7
               - AICc..................: 28471.5
               - BIC...................: 29070.2
Current threshold......................: 0.0616972
Number of real partitions..............: 9
Partition 1............................: 12 element(s).
Partition 2............................: 35 element(s).
Partition 3............................: 18 element(s).
Partition 4............................: 20 element(s).
Partition 5............................: 16 element(s).
Partition 6............................: 19 element(s).
Partition 7............................: 18 element(s).
Partition 8............................: 24 element(s).
Partition 9............................: 20 element(s).
WARNING!!! Parameter optimization.ignore_parameters not specified. Default used instead: 
*******************

* New NH model - LogL..................: -13929.1
               - df....................: 194
               - LRT p-value...........: 0.113765
               - AIC...................: 28246.2
               - AICc..................: 28474
               - BIC...................: 29074
Current threshold......................: 0.111191
Number of real partitions..............: 10
Partition 1............................: 12 element(s).
Partition 2............................: 18 element(s).
Partition 3............................: 20 element(s).
Partition 4............................: 16 element(s).
Partition 5............................: 19 element(s).
Partition 6............................: 18 element(s).
Partition 7............................: 24 element(s).
Partition 8............................: 20 element(s).
Partition 9............................: 22 element(s).
Partition 10...........................: 13 element(s).
WARNING!!! Parameter optimization.ignore_parameters not specified. Default used instead: 
*******************

* New NH model - LogL..................: -13928
               - df....................: 195
               - LRT p-value...........: 0.137345
               - AIC...................: 28245.9
               - AICc..................: 28476.9
               - BIC...................: 29078
Current threshold......................: 0.254305
Number of real partitions..............: 11
Partition 1............................: 12 element(s).
Partition 2............................: 18 element(s).
Partition 3............................: 16 element(s).
Partition 4............................: 19 element(s).
Partition 5............................: 18 element(s).
Partition 6............................: 24 element(s).
Partition 7............................: 20 element(s).
Partition 8............................: 22 element(s).
Partition 9............................: 13 element(s).
Partition 10...........................: 15 element(s).
Partition 11...........................: 5 element(s).
WARNING!!! Parameter optimization.ignore_parameters not specified. Default used instead: 
****************************************

* New NH model - LogL..................: -13927.3
               - df....................: 196
               - LRT p-value...........: 0.237168
               - AIC...................: 28246.5
               - AICc..................: 28480.6
               - BIC...................: 29082.9
Current threshold......................: 0.354728
Number of real partitions..............: 12
Partition 1............................: 18 element(s).
Partition 2............................: 16 element(s).
Partition 3............................: 19 element(s).
Partition 4............................: 18 element(s).
Partition 5............................: 24 element(s).
Partition 6............................: 20 element(s).
Partition 7............................: 22 element(s).
Partition 8............................: 13 element(s).
Partition 9............................: 15 element(s).
Partition 10...........................: 5 element(s).
Partition 11...........................: 11 element(s).
Partition 12...........................: 1 element(s).
WARNING!!! Parameter optimization.ignore_parameters not specified. Default used instead: 
**********************

* New NH model - LogL..................: -13926.1
               - df....................: 197
               - LRT p-value...........: 0.12291
               - AIC...................: 28246.2
               - AICc..................: 28483.3
               - BIC...................: 29086.8
Current threshold......................: 0.360749
Number of real partitions..............: 13
Partition 1............................: 18 element(s).
Partition 2............................: 16 element(s).
Partition 3............................: 18 element(s).
Partition 4............................: 24 element(s).
Partition 5............................: 20 element(s).
Partition 6............................: 22 element(s).
Partition 7............................: 13 element(s).
Partition 8............................: 15 element(s).
Partition 9............................: 5 element(s).
Partition 10...........................: 11 element(s).
Partition 11...........................: 1 element(s).
Partition 12...........................: 7 element(s).
Partition 13...........................: 12 element(s).
WARNING!!! Parameter optimization.ignore_parameters not specified. Default used instead: 
**********************************************************************************************

* New NH model - LogL..................: -13923
               - df....................: 198
               - LRT p-value...........: 0.0137135
               - AIC...................: 28242.1
               - AICc..................: 28482.3
               - BIC...................: 29087
Current threshold......................: 0.394367
Number of real partitions..............: 14
Partition 1............................: 16 element(s).
Partition 2............................: 18 element(s).
Partition 3............................: 24 element(s).
Partition 4............................: 20 element(s).
Partition 5............................: 22 element(s).
Partition 6............................: 13 element(s).
Partition 7............................: 15 element(s).
Partition 8............................: 5 element(s).
Partition 9............................: 11 element(s).
Partition 10...........................: 1 element(s).
Partition 11...........................: 7 element(s).
Partition 12...........................: 12 element(s).
Partition 13...........................: 9 element(s).
Partition 14...........................: 9 element(s).
WARNING!!! Parameter optimization.ignore_parameters not specified. Default used instead: 
************************

* New NH model - LogL..................: -13922.5
               - df....................: 199
               - LRT p-value...........: 0.286668
               - AIC...................: 28243
               - AICc..................: 28486.4
               - BIC...................: 29092.1
Current threshold......................: 0.444962
Number of real partitions..............: 15
Partition 1............................: 18 element(s).
Partition 2............................: 24 element(s).
Partition 3............................: 20 element(s).
Partition 4............................: 22 element(s).
Partition 5............................: 13 element(s).
Partition 6............................: 15 element(s).
Partition 7............................: 5 element(s).
Partition 8............................: 11 element(s).
Partition 9............................: 1 element(s).
Partition 10...........................: 7 element(s).
Partition 11...........................: 12 element(s).
Partition 12...........................: 9 element(s).
Partition 13...........................: 9 element(s).
Partition 14...........................: 9 element(s).
Partition 15...........................: 7 element(s).
WARNING!!! Parameter optimization.ignore_parameters not specified. Default used instead: 
*************

* New NH model - LogL..................: -13922.4
               - df....................: 200
               - LRT p-value...........: 0.698107
               - AIC...................: 28244.8
               - AICc..................: 28491.4
               - BIC...................: 29098.2
Current threshold......................: 0.464397
Number of real partitions..............: 16
Partition 1............................: 24 element(s).
Partition 2............................: 20 element(s).
Partition 3............................: 22 element(s).
Partition 4............................: 13 element(s).
Partition 5............................: 15 element(s).
Partition 6............................: 5 element(s).
Partition 7............................: 11 element(s).
Partition 8............................: 1 element(s).
Partition 9............................: 7 element(s).
Partition 10...........................: 12 element(s).
Partition 11...........................: 9 element(s).
Partition 12...........................: 9 element(s).
Partition 13...........................: 9 element(s).
Partition 14...........................: 7 element(s).
Partition 15...........................: 7 element(s).
Partition 16...........................: 11 element(s).
WARNING!!! Parameter optimization.ignore_parameters not specified. Default used instead: 
*********************************************************************************

* New NH model - LogL..................: -13921.5
               - df....................: 201
               - LRT p-value...........: 0.19039
               - AIC...................: 28245.1
               - AICc..................: 28494.9
               - BIC...................: 29102.8
Current threshold......................: 0.47884
Number of real partitions..............: 17
Partition 1............................: 24 element(s).
Partition 2............................: 22 element(s).
Partition 3............................: 13 element(s).
Partition 4............................: 15 element(s).
Partition 5............................: 5 element(s).
Partition 6............................: 11 element(s).
Partition 7............................: 1 element(s).
Partition 8............................: 7 element(s).
Partition 9............................: 12 element(s).
Partition 10...........................: 9 element(s).
Partition 11...........................: 9 element(s).
Partition 12...........................: 9 element(s).
Partition 13...........................: 7 element(s).
Partition 14...........................: 7 element(s).
Partition 15...........................: 11 element(s).
Partition 16...........................: 11 element(s).
Partition 17...........................: 9 element(s).
WARNING!!! Parameter optimization.ignore_parameters not specified. Default used instead: 
************************************************

* New NH model - LogL..................: -13921.3
               - df....................: 202
               - LRT p-value...........: 0.489983
               - AIC...................: 28246.6
               - AICc..................: 28499.7
               - BIC...................: 29108.6
Current threshold......................: 0.539761
Number of real partitions..............: 18
Partition 1............................: 24 element(s).
Partition 2............................: 13 element(s).
Partition 3............................: 15 element(s).
Partition 4............................: 5 element(s).
Partition 5............................: 11 element(s).
Partition 6............................: 1 element(s).
Partition 7............................: 7 element(s).
Partition 8............................: 12 element(s).
Partition 9............................: 9 element(s).
Partition 10...........................: 9 element(s).
Partition 11...........................: 9 element(s).
Partition 12...........................: 7 element(s).
Partition 13...........................: 7 element(s).
Partition 14...........................: 11 element(s).
Partition 15...........................: 11 element(s).
Partition 16...........................: 9 element(s).
Partition 17...........................: 17 element(s).
Partition 18...........................: 5 element(s).
WARNING!!! Parameter optimization.ignore_parameters not specified. Default used instead: 
************************************************************

* New NH model - LogL..................: -13919.1
               - df....................: 203
               - LRT p-value...........: 0.0365736
               - AIC...................: 28244.2
               - AICc..................: 28500.7
               - BIC...................: 29110.5
Current threshold......................: 0.635706
Number of real partitions..............: 19
Partition 1............................: 24 element(s).
Partition 2............................: 13 element(s).
Partition 3............................: 15 element(s).
Partition 4............................: 5 element(s).
Partition 5............................: 1 element(s).
Partition 6............................: 7 element(s).
Partition 7............................: 12 element(s).
Partition 8............................: 9 element(s).
Partition 9............................: 9 element(s).
Partition 10...........................: 9 element(s).
Partition 11...........................: 7 element(s).
Partition 12...........................: 7 element(s).
Partition 13...........................: 11 element(s).
Partition 14...........................: 11 element(s).
Partition 15...........................: 9 element(s).
Partition 16...........................: 17 element(s).
Partition 17...........................: 5 element(s).
Partition 18...........................: 9 element(s).
Partition 19...........................: 2 element(s).
WARNING!!! Parameter optimization.ignore_parameters not specified. Default used instead: 
*********************************************************************************************

* New NH model - LogL..................: -13917.5
               - df....................: 204
               - LRT p-value...........: 0.0704934
               - AIC...................: 28243
               - AICc..................: 28502.7
               - BIC...................: 29113.5
Current threshold......................: 0.639913
Number of real partitions..............: 20
Partition 1............................: 13 element(s).
Partition 2............................: 15 element(s).
Partition 3............................: 5 element(s).
Partition 4............................: 1 element(s).
Partition 5............................: 7 element(s).
Partition 6............................: 12 element(s).
Partition 7............................: 9 element(s).
Partition 8............................: 9 element(s).
Partition 9............................: 9 element(s).
Partition 10...........................: 7 element(s).
Partition 11...........................: 7 element(s).
Partition 12...........................: 11 element(s).
Partition 13...........................: 11 element(s).
Partition 14...........................: 9 element(s).
Partition 15...........................: 17 element(s).
Partition 16...........................: 5 element(s).
Partition 17...........................: 9 element(s).
Partition 18...........................: 2 element(s).
Partition 19...........................: 7 element(s).
Partition 20...........................: 17 element(s).
WARNING!!! Parameter optimization.ignore_parameters not specified. Default used instead: 
**************

* New NH model - LogL..................: -13917.2
               - df....................: 205
               - LRT p-value...........: 0.480827
               - AIC...................: 28244.5
               - AICc..................: 28507.6
               - BIC...................: 29119.3
Current threshold......................: 0.690318
Number of real partitions..............: 21
Partition 1............................: 13 element(s).
Partition 2............................: 5 element(s).
Partition 3............................: 1 element(s).
Partition 4............................: 7 element(s).
Partition 5............................: 12 element(s).
Partition 6............................: 9 element(s).
Partition 7............................: 9 element(s).
Partition 8............................: 9 element(s).
Partition 9............................: 7 element(s).
Partition 10...........................: 7 element(s).
Partition 11...........................: 11 element(s).
Partition 12...........................: 11 element(s).
Partition 13...........................: 9 element(s).
Partition 14...........................: 17 element(s).
Partition 15...........................: 5 element(s).
Partition 16...........................: 9 element(s).
Partition 17...........................: 2 element(s).
Partition 18...........................: 7 element(s).
Partition 19...........................: 17 element(s).
Partition 20...........................: 10 element(s).
Partition 21...........................: 5 element(s).
WARNING!!! Parameter optimization.ignore_parameters not specified. Default used instead: 
***************************************

* New NH model - LogL..................: -13917
               - df....................: 206
               - LRT p-value...........: 0.478473
               - AIC...................: 28246
               - AICc..................: 28512.5
               - BIC...................: 29125
Current threshold......................: 0.708421
Number of real partitions..............: 22
Partition 1............................: 13 element(s).
Partition 2............................: 5 element(s).
Partition 3............................: 1 element(s).
Partition 4............................: 7 element(s).
Partition 5............................: 12 element(s).
Partition 6............................: 9 element(s).
Partition 7............................: 9 element(s).
Partition 8............................: 7 element(s).
Partition 9............................: 7 element(s).
Partition 10...........................: 11 element(s).
Partition 11...........................: 11 element(s).
Partition 12...........................: 9 element(s).
Partition 13...........................: 17 element(s).
Partition 14...........................: 5 element(s).
Partition 15...........................: 9 element(s).
Partition 16...........................: 2 element(s).
Partition 17...........................: 7 element(s).
Partition 18...........................: 17 element(s).
Partition 19...........................: 10 element(s).
Partition 20...........................: 5 element(s).
Partition 21...........................: 3 element(s).
Partition 22...........................: 6 element(s).
WARNING!!! Parameter optimization.ignore_parameters not specified. Default used instead: 
*******************************************

* New NH model - LogL..................: -13915.2
               - df....................: 207
               - LRT p-value...........: 0.055766
               - AIC...................: 28244.3
               - AICc..................: 28514.3
               - BIC...................: 29127.6
Current threshold......................: 0.722016
Number of real partitions..............: 23
Partition 1............................: 13 element(s).
Partition 2............................: 5 element(s).
Partition 3............................: 1 element(s).
Partition 4............................: 7 element(s).
Partition 5............................: 12 element(s).
Partition 6............................: 9 element(s).
Partition 7............................: 9 element(s).
Partition 8............................: 7 element(s).
Partition 9............................: 7 element(s).
Partition 10...........................: 11 element(s).
Partition 11...........................: 11 element(s).
Partition 12...........................: 17 element(s).
Partition 13...........................: 5 element(s).
Partition 14...........................: 9 element(s).
Partition 15...........................: 2 element(s).
Partition 16...........................: 7 element(s).
Partition 17...........................: 17 element(s).
Partition 18...........................: 10 element(s).
Partition 19...........................: 5 element(s).
Partition 20...........................: 3 element(s).
Partition 21...........................: 6 element(s).
Partition 22...........................: 6 element(s).
Partition 23...........................: 3 element(s).
WARNING!!! Parameter optimization.ignore_parameters not specified. Default used instead: 
***************************************************

* New NH model - LogL..................: -13912.5
               - df....................: 208
               - LRT p-value...........: 0.0204208
               - AIC...................: 28240.9
               - AICc..................: 28514.3
               - BIC...................: 29128.5
Current threshold......................: 0.727366
Number of real partitions..............: 24
Partition 1............................: 13 element(s).
Partition 2............................: 5 element(s).
Partition 3............................: 1 element(s).
Partition 4............................: 7 element(s).
Partition 5............................: 9 element(s).
Partition 6............................: 9 element(s).
Partition 7............................: 7 element(s).
Partition 8............................: 7 element(s).
Partition 9............................: 11 element(s).
Partition 10...........................: 11 element(s).
Partition 11...........................: 17 element(s).
Partition 12...........................: 5 element(s).
Partition 13...........................: 9 element(s).
Partition 14...........................: 2 element(s).
Partition 15...........................: 7 element(s).
Partition 16...........................: 17 element(s).
Partition 17...........................: 10 element(s).
Partition 18...........................: 5 element(s).
Partition 19...........................: 3 element(s).
Partition 20...........................: 6 element(s).
Partition 21...........................: 6 element(s).
Partition 22...........................: 3 element(s).
Partition 23...........................: 10 element(s).
Partition 24...........................: 2 element(s).
WARNING!!! Parameter optimization.ignore_parameters not specified. Default used instead: 
***************************

* New NH model - LogL..................: -13911.6
               - df....................: 209
               - LRT p-value...........: 0.193143
               - AIC...................: 28241.2
               - AICc..................: 28518.2
               - BIC...................: 29133.1
Current threshold......................: 0.758824
Number of real partitions..............: 25
Partition 1............................: 5 element(s).
Partition 2............................: 1 element(s).
Partition 3............................: 7 element(s).
Partition 4............................: 9 element(s).
Partition 5............................: 9 element(s).
Partition 6............................: 7 element(s).
Partition 7............................: 7 element(s).
Partition 8............................: 11 element(s).
Partition 9............................: 11 element(s).
Partition 10...........................: 17 element(s).
Partition 11...........................: 5 element(s).
Partition 12...........................: 9 element(s).
Partition 13...........................: 2 element(s).
Partition 14...........................: 7 element(s).
Partition 15...........................: 17 element(s).
Partition 16...........................: 10 element(s).
Partition 17...........................: 5 element(s).
Partition 18...........................: 3 element(s).
Partition 19...........................: 6 element(s).
Partition 20...........................: 6 element(s).
Partition 21...........................: 3 element(s).
Partition 22...........................: 10 element(s).
Partition 23...........................: 2 element(s).
Partition 24...........................: 10 element(s).
Partition 25...........................: 3 element(s).
WARNING!!! Parameter optimization.ignore_parameters not specified. Default used instead: 
**********

* New NH model - LogL..................: -13911.3
               - df....................: 210
               - LRT p-value...........: 0.457945
               - AIC...................: 28242.7
               - AICc..................: 28523.1
               - BIC...................: 29138.8
Current threshold......................: 0.798449
Number of real partitions..............: 26
Partition 1............................: 5 element(s).
Partition 2............................: 1 element(s).
Partition 3............................: 9 element(s).
Partition 4............................: 9 element(s).
Partition 5............................: 7 element(s).
Partition 6............................: 7 element(s).
Partition 7............................: 11 element(s).
Partition 8............................: 11 element(s).
Partition 9............................: 17 element(s).
Partition 10...........................: 5 element(s).
Partition 11...........................: 9 element(s).
Partition 12...........................: 2 element(s).
Partition 13...........................: 7 element(s).
Partition 14...........................: 17 element(s).
Partition 15...........................: 10 element(s).
Partition 16...........................: 5 element(s).
Partition 17...........................: 3 element(s).
Partition 18...........................: 6 element(s).
Partition 19...........................: 6 element(s).
Partition 20...........................: 3 element(s).
Partition 21...........................: 10 element(s).
Partition 22...........................: 2 element(s).
Partition 23...........................: 10 element(s).
Partition 24...........................: 3 element(s).
Partition 25...........................: 2 element(s).
Partition 26...........................: 5 element(s).
WARNING!!! Parameter optimization.ignore_parameters not specified. Default used instead: 
**********************************

* New NH model - LogL..................: -13909.6
               - df....................: 211
               - LRT p-value...........: 0.0611416
               - AIC...................: 28241.2
               - AICc..................: 28525.2
               - BIC...................: 29141.6
Current threshold......................: 0.814847
Number of real partitions..............: 27
Partition 1............................: 5 element(s).
Partition 2............................: 1 element(s).
Partition 3............................: 9 element(s).
Partition 4............................: 9 element(s).
Partition 5............................: 7 element(s).
Partition 6............................: 7 element(s).
Partition 7............................: 11 element(s).
Partition 8............................: 11 element(s).
Partition 9............................: 5 element(s).
Partition 10...........................: 9 element(s).
Partition 11...........................: 2 element(s).
Partition 12...........................: 7 element(s).
Partition 13...........................: 17 element(s).
Partition 14...........................: 10 element(s).
Partition 15...........................: 5 element(s).
Partition 16...........................: 3 element(s).
Partition 17...........................: 6 element(s).
Partition 18...........................: 6 element(s).
Partition 19...........................: 3 element(s).
Partition 20...........................: 10 element(s).
Partition 21...........................: 2 element(s).
Partition 22...........................: 10 element(s).
Partition 23...........................: 3 element(s).
Partition 24...........................: 2 element(s).
Partition 25...........................: 5 element(s).
Partition 26...........................: 11 element(s).
Partition 27...........................: 6 element(s).
WARNING!!! Parameter optimization.ignore_parameters not specified. Default used instead: 
**********

* New NH model - LogL..................: -13909.6
               - df....................: 212
               - LRT p-value...........: 0.867711
               - AIC...................: 28243.2
               - AICc..................: 28530.8
               - BIC...................: 29147.8
Current threshold......................: 0.834769
Number of real partitions..............: 28
Partition 1............................: 5 element(s).
Partition 2............................: 1 element(s).
Partition 3............................: 9 element(s).
Partition 4............................: 9 element(s).
Partition 5............................: 7 element(s).
Partition 6............................: 7 element(s).
Partition 7............................: 11 element(s).
Partition 8............................: 11 element(s).
Partition 9............................: 5 element(s).
Partition 10...........................: 9 element(s).
Partition 11...........................: 2 element(s).
Partition 12...........................: 7 element(s).
Partition 13...........................: 10 element(s).
Partition 14...........................: 5 element(s).
Partition 15...........................: 3 element(s).
Partition 16...........................: 6 element(s).
Partition 17...........................: 6 element(s).
Partition 18...........................: 3 element(s).
Partition 19...........................: 10 element(s).
Partition 20...........................: 2 element(s).
Partition 21...........................: 10 element(s).
Partition 22...........................: 3 element(s).
Partition 23...........................: 2 element(s).
Partition 24...........................: 5 element(s).
Partition 25...........................: 11 element(s).
Partition 26...........................: 6 element(s).
Partition 27...........................: 12 element(s).
Partition 28...........................: 5 element(s).
WARNING!!! Parameter optimization.ignore_parameters not specified. Default used instead: 
*********

* New NH model - LogL..................: -13909.4
               - df....................: 213
               - LRT p-value...........: 0.507342
               - AIC...................: 28244.7
               - AICc..................: 28536
               - BIC...................: 29153.6
Current threshold......................: 0.839607
Number of real partitions..............: 29
Partition 1............................: 5 element(s).
Partition 2............................: 1 element(s).
Partition 3............................: 9 element(s).
Partition 4............................: 9 element(s).
Partition 5............................: 7 element(s).
Partition 6............................: 7 element(s).
Partition 7............................: 11 element(s).
Partition 8............................: 11 element(s).
Partition 9............................: 5 element(s).
Partition 10...........................: 9 element(s).
Partition 11...........................: 2 element(s).
Partition 12...........................: 7 element(s).
Partition 13...........................: 10 element(s).
Partition 14...........................: 3 element(s).
Partition 15...........................: 6 element(s).
Partition 16...........................: 6 element(s).
Partition 17...........................: 3 element(s).
Partition 18...........................: 10 element(s).
Partition 19...........................: 2 element(s).
Partition 20...........................: 10 element(s).
Partition 21...........................: 3 element(s).
Partition 22...........................: 2 element(s).
Partition 23...........................: 5 element(s).
Partition 24...........................: 11 element(s).
Partition 25...........................: 6 element(s).
Partition 26...........................: 12 element(s).
Partition 27...........................: 5 element(s).
Partition 28...........................: 3 element(s).
Partition 29...........................: 2 element(s).
WARNING!!! Parameter optimization.ignore_parameters not specified. Default used instead: 
****************************

* New NH model - LogL..................: -13906.5
               - df....................: 214
               - LRT p-value...........: 0.0165428
               - AIC...................: 28241
               - AICc..................: 28535.9
               - BIC...................: 29154.2
Current threshold......................: 0.841663
Number of real partitions..............: 30
Partition 1............................: 5 element(s).
Partition 2............................: 1 element(s).
Partition 3............................: 9 element(s).
Partition 4............................: 9 element(s).
Partition 5............................: 7 element(s).
Partition 6............................: 7 element(s).
Partition 7............................: 11 element(s).
Partition 8............................: 11 element(s).
Partition 9............................: 5 element(s).
Partition 10...........................: 9 element(s).
Partition 11...........................: 2 element(s).
Partition 12...........................: 7 element(s).
Partition 13...........................: 10 element(s).
Partition 14...........................: 3 element(s).
Partition 15...........................: 6 element(s).
Partition 16...........................: 6 element(s).
Partition 17...........................: 3 element(s).
Partition 18...........................: 10 element(s).
Partition 19...........................: 2 element(s).
Partition 20...........................: 3 element(s).
Partition 21...........................: 2 element(s).
Partition 22...........................: 5 element(s).
Partition 23...........................: 11 element(s).
Partition 24...........................: 6 element(s).
Partition 25...........................: 12 element(s).
Partition 26...........................: 5 element(s).
Partition 27...........................: 3 element(s).
Partition 28...........................: 2 element(s).
Partition 29...........................: 8 element(s).
Partition 30...........................: 2 element(s).
WARNING!!! Parameter optimization.ignore_parameters not specified. Default used instead: 
*********

* New NH model - LogL..................: -13906.2
               - df....................: 215
               - LRT p-value...........: 0.422748
               - AIC...................: 28242.3
               - AICc..................: 28541
               - BIC...................: 29159.8
Current threshold......................: 0.854892
Number of real partitions..............: 31
Partition 1............................: 5 element(s).
Partition 2............................: 1 element(s).
Partition 3............................: 9 element(s).
Partition 4............................: 9 element(s).
Partition 5............................: 7 element(s).
Partition 6............................: 11 element(s).
Partition 7............................: 11 element(s).
Partition 8............................: 5 element(s).
Partition 9............................: 9 element(s).
Partition 10...........................: 2 element(s).
Partition 11...........................: 7 element(s).
Partition 12...........................: 10 element(s).
Partition 13...........................: 3 element(s).
Partition 14...........................: 6 element(s).
Partition 15...........................: 6 element(s).
Partition 16...........................: 3 element(s).
Partition 17...........................: 10 element(s).
Partition 18...........................: 2 element(s).
Partition 19...........................: 3 element(s).
Partition 20...........................: 2 element(s).
Partition 21...........................: 5 element(s).
Partition 22...........................: 11 element(s).
Partition 23...........................: 6 element(s).
Partition 24...........................: 12 element(s).
Partition 25...........................: 5 element(s).
Partition 26...........................: 3 element(s).
Partition 27...........................: 2 element(s).
Partition 28...........................: 8 element(s).
Partition 29...........................: 2 element(s).
Partition 30...........................: 6 element(s).
Partition 31...........................: 1 element(s).
WARNING!!! Parameter optimization.ignore_parameters not specified. Default used instead: 
**************

* New NH model - LogL..................: -13905.7
               - df....................: 216
               - LRT p-value...........: 0.351551
               - AIC...................: 28243.5
               - AICc..................: 28545.9
               - BIC...................: 29165.2
Current threshold......................: 0.858941
Number of real partitions..............: 32
Partition 1............................: 1 element(s).
Partition 2............................: 9 element(s).
Partition 3............................: 9 element(s).
Partition 4............................: 7 element(s).
Partition 5............................: 11 element(s).
Partition 6............................: 11 element(s).
Partition 7............................: 5 element(s).
Partition 8............................: 9 element(s).
Partition 9............................: 2 element(s).
Partition 10...........................: 7 element(s).
Partition 11...........................: 10 element(s).
Partition 12...........................: 3 element(s).
Partition 13...........................: 6 element(s).
Partition 14...........................: 6 element(s).
Partition 15...........................: 3 element(s).
Partition 16...........................: 10 element(s).
Partition 17...........................: 2 element(s).
Partition 18...........................: 3 element(s).
Partition 19...........................: 2 element(s).
Partition 20...........................: 5 element(s).
Partition 21...........................: 11 element(s).
Partition 22...........................: 6 element(s).
Partition 23...........................: 12 element(s).
Partition 24...........................: 5 element(s).
Partition 25...........................: 3 element(s).
Partition 26...........................: 2 element(s).
Partition 27...........................: 8 element(s).
Partition 28...........................: 2 element(s).
Partition 29...........................: 6 element(s).
Partition 30...........................: 1 element(s).
Partition 31...........................: 1 element(s).
Partition 32...........................: 4 element(s).
WARNING!!! Parameter optimization.ignore_parameters not specified. Default used instead: 
******************

* New NH model - LogL..................: -13905.1
               - df....................: 217
               - LRT p-value...........: 0.266837
               - AIC...................: 28244.2
               - AICc..................: 28550.4
               - BIC...................: 29170.2
Current threshold......................: 0.863677
Number of real partitions..............: 33
Partition 1............................: 1 element(s).
Partition 2............................: 9 element(s).
Partition 3............................: 9 element(s).
Partition 4............................: 7 element(s).
Partition 5............................: 11 element(s).
Partition 6............................: 5 element(s).
Partition 7............................: 9 element(s).
Partition 8............................: 2 element(s).
Partition 9............................: 7 element(s).
Partition 10...........................: 10 element(s).
Partition 11...........................: 3 element(s).
Partition 12...........................: 6 element(s).
Partition 13...........................: 6 element(s).
Partition 14...........................: 3 element(s).
Partition 15...........................: 10 element(s).
Partition 16...........................: 2 element(s).
Partition 17...........................: 3 element(s).
Partition 18...........................: 2 element(s).
Partition 19...........................: 5 element(s).
Partition 20...........................: 11 element(s).
Partition 21...........................: 6 element(s).
Partition 22...........................: 12 element(s).
Partition 23...........................: 5 element(s).
Partition 24...........................: 3 element(s).
Partition 25...........................: 2 element(s).
Partition 26...........................: 8 element(s).
Partition 27...........................: 2 element(s).
Partition 28...........................: 6 element(s).
Partition 29...........................: 1 element(s).
Partition 30...........................: 1 element(s).
Partition 31...........................: 4 element(s).
Partition 32...........................: 5 element(s).
Partition 33...........................: 6 element(s).
WARNING!!! Parameter optimization.ignore_parameters not specified. Default used instead: 
************

* New NH model - LogL..................: -13905.1
               - df....................: 218
               - LRT p-value...........: 0.746798
               - AIC...................: 28246.1
               - AICc..................: 28556.1
               - BIC...................: 29176.4
Current threshold......................: 0.877485
Number of real partitions..............: 34
Partition 1............................: 1 element(s).
Partition 2............................: 9 element(s).
Partition 3............................: 9 element(s).
Partition 4............................: 7 element(s).
Partition 5............................: 11 element(s).
Partition 6............................: 5 element(s).
Partition 7............................: 9 element(s).
Partition 8............................: 2 element(s).
Partition 9............................: 7 element(s).
Partition 10...........................: 10 element(s).
Partition 11...........................: 3 element(s).
Partition 12...........................: 6 element(s).
Partition 13...........................: 3 element(s).
Partition 14...........................: 10 element(s).
Partition 15...........................: 2 element(s).
Partition 16...........................: 3 element(s).
Partition 17...........................: 2 element(s).
Partition 18...........................: 5 element(s).
Partition 19...........................: 11 element(s).
Partition 20...........................: 6 element(s).
Partition 21...........................: 12 element(s).
Partition 22...........................: 5 element(s).
Partition 23...........................: 3 element(s).
Partition 24...........................: 2 element(s).
Partition 25...........................: 8 element(s).
Partition 26...........................: 2 element(s).
Partition 27...........................: 6 element(s).
Partition 28...........................: 1 element(s).
Partition 29...........................: 1 element(s).
Partition 30...........................: 4 element(s).
Partition 31...........................: 5 element(s).
Partition 32...........................: 6 element(s).
Partition 33...........................: 5 element(s).
Partition 34...........................: 1 element(s).
WARNING!!! Parameter optimization.ignore_parameters not specified. Default used instead: 
*********

* New NH model - LogL..................: -13904.8
               - df....................: 219
               - LRT p-value...........: 0.46766
               - AIC...................: 28247.6
               - AICc..................: 28561.5
               - BIC...................: 29182.1
Current threshold......................: 0.895536
Number of real partitions..............: 35
Partition 1............................: 1 element(s).
Partition 2............................: 9 element(s).
Partition 3............................: 9 element(s).
Partition 4............................: 7 element(s).
Partition 5............................: 11 element(s).
Partition 6............................: 5 element(s).
Partition 7............................: 9 element(s).
Partition 8............................: 2 element(s).
Partition 9............................: 7 element(s).
Partition 10...........................: 10 element(s).
Partition 11...........................: 3 element(s).
Partition 12...........................: 6 element(s).
Partition 13...........................: 3 element(s).
Partition 14...........................: 10 element(s).
Partition 15...........................: 2 element(s).
Partition 16...........................: 3 element(s).
Partition 17...........................: 2 element(s).
Partition 18...........................: 5 element(s).
Partition 19...........................: 11 element(s).
Partition 20...........................: 6 element(s).
Partition 21...........................: 5 element(s).
Partition 22...........................: 3 element(s).
Partition 23...........................: 2 element(s).
Partition 24...........................: 8 element(s).
Partition 25...........................: 2 element(s).
Partition 26...........................: 6 element(s).
Partition 27...........................: 1 element(s).
Partition 28...........................: 1 element(s).
Partition 29...........................: 4 element(s).
Partition 30...........................: 5 element(s).
Partition 31...........................: 6 element(s).
Partition 32...........................: 5 element(s).
Partition 33...........................: 1 element(s).
Partition 34...........................: 8 element(s).
Partition 35...........................: 4 element(s).
WARNING!!! Parameter optimization.ignore_parameters not specified. Default used instead: 
***************

* New NH model - LogL..................: -13903.2
               - df....................: 220
               - LRT p-value...........: 0.0711584
               - AIC...................: 28246.3
               - AICc..................: 28564.1
               - BIC...................: 29185.1
Current threshold......................: 0.895696
Number of real partitions..............: 36
Partition 1............................: 1 element(s).
Partition 2............................: 9 element(s).
Partition 3............................: 9 element(s).
Partition 4............................: 11 element(s).
Partition 5............................: 5 element(s).
Partition 6............................: 9 element(s).
Partition 7............................: 2 element(s).
Partition 8............................: 7 element(s).
Partition 9............................: 10 element(s).
Partition 10...........................: 3 element(s).
Partition 11...........................: 6 element(s).
Partition 12...........................: 3 element(s).
Partition 13...........................: 10 element(s).
Partition 14...........................: 2 element(s).
Partition 15...........................: 3 element(s).
Partition 16...........................: 2 element(s).
Partition 17...........................: 5 element(s).
Partition 18...........................: 11 element(s).
Partition 19...........................: 6 element(s).
Partition 20...........................: 5 element(s).
Partition 21...........................: 3 element(s).
Partition 22...........................: 2 element(s).
Partition 23...........................: 8 element(s).
Partition 24...........................: 2 element(s).
Partition 25...........................: 6 element(s).
Partition 26...........................: 1 element(s).
Partition 27...........................: 1 element(s).
Partition 28...........................: 4 element(s).
Partition 29...........................: 5 element(s).
Partition 30...........................: 6 element(s).
Partition 31...........................: 5 element(s).
Partition 32...........................: 1 element(s).
Partition 33...........................: 8 element(s).
Partition 34...........................: 4 element(s).
Partition 35...........................: 4 element(s).
Partition 36...........................: 3 element(s).
WARNING!!! Parameter optimization.ignore_parameters not specified. Default used instead: 
**************

* New NH model - LogL..................: -13902.8
               - df....................: 221
               - LRT p-value...........: 0.374721
               - AIC...................: 28247.6
               - AICc..................: 28569.3
               - BIC...................: 29190.6
Current threshold......................: 0.913534
Number of real partitions..............: 37
Partition 1............................: 1 element(s).
Partition 2............................: 9 element(s).
Partition 3............................: 11 element(s).
Partition 4............................: 5 element(s).
Partition 5............................: 9 element(s).
Partition 6............................: 2 element(s).
Partition 7............................: 7 element(s).
Partition 8............................: 10 element(s).
Partition 9............................: 3 element(s).
Partition 10...........................: 6 element(s).
Partition 11...........................: 3 element(s).
Partition 12...........................: 10 element(s).
Partition 13...........................: 2 element(s).
Partition 14...........................: 3 element(s).
Partition 15...........................: 2 element(s).
Partition 16...........................: 5 element(s).
Partition 17...........................: 11 element(s).
Partition 18...........................: 6 element(s).
Partition 19...........................: 5 element(s).
Partition 20...........................: 3 element(s).
Partition 21...........................: 2 element(s).
Partition 22...........................: 8 element(s).
Partition 23...........................: 2 element(s).
Partition 24...........................: 6 element(s).
Partition 25...........................: 1 element(s).
Partition 26...........................: 1 element(s).
Partition 27...........................: 4 element(s).
Partition 28...........................: 5 element(s).
Partition 29...........................: 6 element(s).
Partition 30...........................: 5 element(s).
Partition 31...........................: 1 element(s).
Partition 32...........................: 8 element(s).
Partition 33...........................: 4 element(s).
Partition 34...........................: 4 element(s).
Partition 35...........................: 3 element(s).
Partition 36...........................: 3 element(s).
Partition 37...........................: 6 element(s).
WARNING!!! Parameter optimization.ignore_parameters not specified. Default used instead: 
****************************

* New NH model - LogL..................: -13901.9
               - df....................: 222
               - LRT p-value...........: 0.177021
               - AIC...................: 28247.7
               - AICc..................: 28573.4
               - BIC...................: 29195.1
Current threshold......................: 0.916884
Number of real partitions..............: 38
Partition 1............................: 1 element(s).
Partition 2............................: 9 element(s).
Partition 3............................: 11 element(s).
Partition 4............................: 5 element(s).
Partition 5............................: 9 element(s).
Partition 6............................: 2 element(s).
Partition 7............................: 7 element(s).
Partition 8............................: 10 element(s).
Partition 9............................: 3 element(s).
Partition 10...........................: 6 element(s).
Partition 11...........................: 3 element(s).
Partition 12...........................: 10 element(s).
Partition 13...........................: 2 element(s).
Partition 14...........................: 2 element(s).
Partition 15...........................: 5 element(s).
Partition 16...........................: 11 element(s).
Partition 17...........................: 6 element(s).
Partition 18...........................: 5 element(s).
Partition 19...........................: 3 element(s).
Partition 20...........................: 2 element(s).
Partition 21...........................: 8 element(s).
Partition 22...........................: 2 element(s).
Partition 23...........................: 6 element(s).
Partition 24...........................: 1 element(s).
Partition 25...........................: 1 element(s).
Partition 26...........................: 4 element(s).
Partition 27...........................: 5 element(s).
Partition 28...........................: 6 element(s).
Partition 29...........................: 5 element(s).
Partition 30...........................: 1 element(s).
Partition 31...........................: 8 element(s).
Partition 32...........................: 4 element(s).
Partition 33...........................: 4 element(s).
Partition 34...........................: 3 element(s).
Partition 35...........................: 3 element(s).
Partition 36...........................: 6 element(s).
Partition 37...........................: 1 element(s).
Partition 38...........................: 2 element(s).
WARNING!!! Parameter optimization.ignore_parameters not specified. Default used instead: 
****

* New NH model - LogL..................: -13901.9
               - df....................: 223
               - LRT p-value...........: 0.982277
               - AIC...................: 28249.7
               - AICc..................: 28579.5
               - BIC...................: 29201.3
Current threshold......................: 0.921063
Number of real partitions..............: 39
Partition 1............................: 1 element(s).
Partition 2............................: 9 element(s).
Partition 3............................: 11 element(s).
Partition 4............................: 5 element(s).
Partition 5............................: 9 element(s).
Partition 6............................: 2 element(s).
Partition 7............................: 7 element(s).
Partition 8............................: 10 element(s).
Partition 9............................: 3 element(s).
Partition 10...........................: 6 element(s).
Partition 11...........................: 3 element(s).
Partition 12...........................: 10 element(s).
Partition 13...........................: 2 element(s).
Partition 14...........................: 2 element(s).
Partition 15...........................: 11 element(s).
Partition 16...........................: 6 element(s).
Partition 17...........................: 5 element(s).
Partition 18...........................: 3 element(s).
Partition 19...........................: 2 element(s).
Partition 20...........................: 8 element(s).
Partition 21...........................: 2 element(s).
Partition 22...........................: 6 element(s).
Partition 23...........................: 1 element(s).
Partition 24...........................: 1 element(s).
Partition 25...........................: 4 element(s).
Partition 26...........................: 5 element(s).
Partition 27...........................: 6 element(s).
Partition 28...........................: 5 element(s).
Partition 29...........................: 1 element(s).
Partition 30...........................: 8 element(s).
Partition 31...........................: 4 element(s).
Partition 32...........................: 4 element(s).
Partition 33...........................: 3 element(s).
Partition 34...........................: 3 element(s).
Partition 35...........................: 6 element(s).
Partition 36...........................: 1 element(s).
Partition 37...........................: 2 element(s).
Partition 38...........................: 4 element(s).
Partition 39...........................: 1 element(s).
WARNING!!! Parameter optimization.ignore_parameters not specified. Default used instead: 
**************************

* New NH model - LogL..................: -13899.4
               - df....................: 224
               - LRT p-value...........: 0.0253115
               - AIC...................: 28246.7
               - AICc..................: 28580.5
               - BIC...................: 29202.6
Current threshold......................: 0.925132
Number of real partitions..............: 40
Partition 1............................: 1 element(s).
Partition 2............................: 11 element(s).
Partition 3............................: 5 element(s).
Partition 4............................: 9 element(s).
Partition 5............................: 2 element(s).
Partition 6............................: 7 element(s).
Partition 7............................: 10 element(s).
Partition 8............................: 3 element(s).
Partition 9............................: 6 element(s).
Partition 10...........................: 3 element(s).
Partition 11...........................: 10 element(s).
Partition 12...........................: 2 element(s).
Partition 13...........................: 2 element(s).
Partition 14...........................: 11 element(s).
Partition 15...........................: 6 element(s).
Partition 16...........................: 5 element(s).
Partition 17...........................: 3 element(s).
Partition 18...........................: 2 element(s).
Partition 19...........................: 8 element(s).
Partition 20...........................: 2 element(s).
Partition 21...........................: 6 element(s).
Partition 22...........................: 1 element(s).
Partition 23...........................: 1 element(s).
Partition 24...........................: 4 element(s).
Partition 25...........................: 5 element(s).
Partition 26...........................: 6 element(s).
Partition 27...........................: 5 element(s).
Partition 28...........................: 1 element(s).
Partition 29...........................: 8 element(s).
Partition 30...........................: 4 element(s).
Partition 31...........................: 4 element(s).
Partition 32...........................: 3 element(s).
Partition 33...........................: 3 element(s).
Partition 34...........................: 6 element(s).
Partition 35...........................: 1 element(s).
Partition 36...........................: 2 element(s).
Partition 37...........................: 4 element(s).
Partition 38...........................: 1 element(s).
Partition 39...........................: 6 element(s).
Partition 40...........................: 3 element(s).
WARNING!!! Parameter optimization.ignore_parameters not specified. Default used instead: 
*******

* New NH model - LogL..................: -13899.3
               - df....................: 225
               - LRT p-value...........: 0.8316
               - AIC...................: 28248.7
               - AICc..................: 28586.6
               - BIC...................: 29208.8
Current threshold......................: 0.926011
Number of real partitions..............: 41
Partition 1............................: 1 element(s).
Partition 2............................: 11 element(s).
Partition 3............................: 5 element(s).
Partition 4............................: 9 element(s).
Partition 5............................: 2 element(s).
Partition 6............................: 7 element(s).
Partition 7............................: 10 element(s).
Partition 8............................: 3 element(s).
Partition 9............................: 6 element(s).
Partition 10...........................: 3 element(s).
Partition 11...........................: 10 element(s).
Partition 12...........................: 2 element(s).
Partition 13...........................: 2 element(s).
Partition 14...........................: 11 element(s).
Partition 15...........................: 5 element(s).
Partition 16...........................: 3 element(s).
Partition 17...........................: 2 element(s).
Partition 18...........................: 8 element(s).
Partition 19...........................: 2 element(s).
Partition 20...........................: 6 element(s).
Partition 21...........................: 1 element(s).
Partition 22...........................: 1 element(s).
Partition 23...........................: 4 element(s).
Partition 24...........................: 5 element(s).
Partition 25...........................: 6 element(s).
Partition 26...........................: 5 element(s).
Partition 27...........................: 1 element(s).
Partition 28...........................: 8 element(s).
Partition 29...........................: 4 element(s).
Partition 30...........................: 4 element(s).
Partition 31...........................: 3 element(s).
Partition 32...........................: 3 element(s).
Partition 33...........................: 6 element(s).
Partition 34...........................: 1 element(s).
Partition 35...........................: 2 element(s).
Partition 36...........................: 4 element(s).
Partition 37...........................: 1 element(s).
Partition 38...........................: 6 element(s).
Partition 39...........................: 3 element(s).
Partition 40...........................: 5 element(s).
Partition 41...........................: 1 element(s).
WARNING!!! Parameter optimization.ignore_parameters not specified. Default used instead: 
***************************

* New NH model - LogL..................: -13897.4
               - df....................: 226
               - LRT p-value...........: 0.0494292
               - AIC...................: 28246.8
               - AICc..................: 28588.8
               - BIC...................: 29211.2
Current threshold......................: 0.926067
Number of real partitions..............: 42
Partition 1............................: 1 element(s).
Partition 2............................: 5 element(s).
Partition 3............................: 9 element(s).
Partition 4............................: 2 element(s).
Partition 5............................: 7 element(s).
Partition 6............................: 10 element(s).
Partition 7............................: 3 element(s).
Partition 8............................: 6 element(s).
Partition 9............................: 3 element(s).
Partition 10...........................: 10 element(s).
Partition 11...........................: 2 element(s).
Partition 12...........................: 2 element(s).
Partition 13...........................: 11 element(s).
Partition 14...........................: 5 element(s).
Partition 15...........................: 3 element(s).
Partition 16...........................: 2 element(s).
Partition 17...........................: 8 element(s).
Partition 18...........................: 2 element(s).
Partition 19...........................: 6 element(s).
Partition 20...........................: 1 element(s).
Partition 21...........................: 1 element(s).
Partition 22...........................: 4 element(s).
Partition 23...........................: 5 element(s).
Partition 24...........................: 6 element(s).
Partition 25...........................: 5 element(s).
Partition 26...........................: 1 element(s).
Partition 27...........................: 8 element(s).
Partition 28...........................: 4 element(s).
Partition 29...........................: 4 element(s).
Partition 30...........................: 3 element(s).
Partition 31...........................: 3 element(s).
Partition 32...........................: 6 element(s).
Partition 33...........................: 1 element(s).
Partition 34...........................: 2 element(s).
Partition 35...........................: 4 element(s).
Partition 36...........................: 1 element(s).
Partition 37...........................: 6 element(s).
Partition 38...........................: 3 element(s).
Partition 39...........................: 5 element(s).
Partition 40...........................: 1 element(s).
Partition 41...........................: 10 element(s).
Partition 42...........................: 1 element(s).
WARNING!!! Parameter optimization.ignore_parameters not specified. Default used instead: 
*************

* New NH model - LogL..................: -13897.2
               - df....................: 227
               - LRT p-value...........: 0.496844
               - AIC...................: 28248.4
               - AICc..................: 28594.6
               - BIC...................: 29217
Current threshold......................: 0.931859
Number of real partitions..............: 43
Partition 1............................: 1 element(s).
Partition 2............................: 9 element(s).
Partition 3............................: 2 element(s).
Partition 4............................: 7 element(s).
Partition 5............................: 10 element(s).
Partition 6............................: 3 element(s).
Partition 7............................: 6 element(s).
Partition 8............................: 3 element(s).
Partition 9............................: 10 element(s).
Partition 10...........................: 2 element(s).
Partition 11...........................: 2 element(s).
Partition 12...........................: 11 element(s).
Partition 13...........................: 5 element(s).
Partition 14...........................: 3 element(s).
Partition 15...........................: 2 element(s).
Partition 16...........................: 8 element(s).
Partition 17...........................: 2 element(s).
Partition 18...........................: 6 element(s).
Partition 19...........................: 1 element(s).
Partition 20...........................: 1 element(s).
Partition 21...........................: 4 element(s).
Partition 22...........................: 5 element(s).
Partition 23...........................: 6 element(s).
Partition 24...........................: 5 element(s).
Partition 25...........................: 1 element(s).
Partition 26...........................: 8 element(s).
Partition 27...........................: 4 element(s).
Partition 28...........................: 4 element(s).
Partition 29...........................: 3 element(s).
Partition 30...........................: 3 element(s).
Partition 31...........................: 6 element(s).
Partition 32...........................: 1 element(s).
Partition 33...........................: 2 element(s).
Partition 34...........................: 4 element(s).
Partition 35...........................: 1 element(s).
Partition 36...........................: 6 element(s).
Partition 37...........................: 3 element(s).
Partition 38...........................: 5 element(s).
Partition 39...........................: 1 element(s).
Partition 40...........................: 10 element(s).
Partition 41...........................: 1 element(s).
Partition 42...........................: 2 element(s).
Partition 43...........................: 3 element(s).
WARNING!!! Parameter optimization.ignore_parameters not specified. Default used instead: 
*********************

* New NH model - LogL..................: -13895.5
               - df....................: 228
               - LRT p-value...........: 0.0660023
               - AIC...................: 28247
               - AICc..................: 28597.4
               - BIC...................: 29219.9
Model description output to file.......: Life_Alignment.model_free_AIC.bpp
Output parameter table to..............: Life_Alignment.ml_nh_free_AIC.parameters.csv
Output partitions record to............: Life_Alignment.partitions_record_free_AIC.txt
Output tree file ......................: Life_Alignment.ml_nh_free_AIC.nhx
Output tree format ....................: Nhx
Partitions output to file..............: Life_Alignment.partitions_free_AIC.dnd
PartNH's done. Bye.
Total execution time: 0.000000d, 1.000000h, 28.000000m, 9.000000s.
