******************************************************************
*       Bio++ Maximum Likelihood Computation, version 3.0.0      *
*                                                                *
* Authors: J. Dutheil                       Last Modif. (prerelease) *
*          B. Boussau                                            *
*          L. Guéguen                                            *
*          M. Groussin                                           *
******************************************************************

Parsing options:
Parsing file ML.bpp for options.
Alphabet type .........................: Codon(letter=DNA)
Genetic Code...........................: VertebrateMitochondrial
Sequence file .........................: MantellidDataset.faln
Sequence format .......................: FASTA file

Data 1
Sites to use...........................: all
Remove sites with gaps.................: 
[======================================]Done.
Remove Stop Codons.....................: yes
Number of sites........................: 1518

Tree 1
Number of trees in file................: 1
Number of leaves.......................: 17
Branch lengths.........................: Input

Rate 1
Distribution...........................: Constant
Number of classes......................: 1
- Category 0 (Pr = 1) rate.............: 1

Model 1
Substitution model.....................: YN98
External model frequencies init........: observed
Parameter found........................: YN98.kappa=2
Parameter found........................: YN98.omega=0.5
Parameter found........................: YN98.1_Full.theta=0.461307
Parameter found........................: YN98.1_Full.theta1=0.568734
Parameter found........................: YN98.1_Full.theta2=0.481184
Parameter found........................: YN98.2_Full.theta=0.407095
Parameter found........................: YN98.2_Full.theta1=0.320333
Parameter found........................: YN98.2_Full.theta2=0.285113
Parameter found........................: YN98.3_Full.theta=0.355712
Parameter found........................: YN98.3_Full.theta1=0.539455
Parameter found........................: YN98.3_Full.theta2=0.135438
Data used .............................: 1

Process 1
Process type...........................: Homogeneous
 Model number..........................: 1
 Tree number...........................: 1
 Rate number...........................: 1
 Stationarity assumed.

Phylolikelihood 1
 Data used ............................: 1
 Process ..............................: 1

Result Phylolikelihood 
WARNING!!! Parameter result not specified. Default used instead: phylo1
 Result................................: phylo1


Initial log likelihood.................: -50210.4431071146
Message handler........................: MantellidDataset_h.messages
Profiler...............................: MantellidDataset_h.profile
Parameter ignored......................: YN98.1_Full.theta_1
Parameter ignored......................: YN98.1_Full.theta1_1
Parameter ignored......................: YN98.1_Full.theta2_1
Parameter ignored......................: YN98.2_Full.theta_1
Parameter ignored......................: YN98.2_Full.theta1_1
Parameter ignored......................: YN98.2_Full.theta2_1
Parameter ignored......................: YN98.3_Full.theta_1
Parameter ignored......................: YN98.3_Full.theta1_1
Parameter ignored......................: YN98.3_Full.theta2_1
Max # ML evaluations...................: 10000
Tolerance..............................: 1e-06
Optimization method....................: FullD
Algorithm used for derivable parameters: Newton
Reparametrization......................: no
Molecular clock........................: None
**************************************

Performed..............................: 39 function evaluations.
Log likelihood.........................: -44782.2080388088
YN98.kappa_1...........................: 2.91164
YN98.omega_1...........................: 0.0558659
YN98.1_Full.theta_1....................: 0.461307
YN98.1_Full.theta1_1...................: 0.568734
YN98.1_Full.theta2_1...................: 0.481184
YN98.2_Full.theta_1....................: 0.407095
YN98.2_Full.theta1_1...................: 0.320333
YN98.2_Full.theta2_1...................: 0.285113
YN98.3_Full.theta_1....................: 0.355712
YN98.3_Full.theta1_1...................: 0.539455
YN98.3_Full.theta2_1...................: 0.135438
output.estimates.......................: MantellidDataset.params_h.bpp
Wrote trees to files : ................: MantellidDataset.ml_h.dnd_...
Alignment information logfile..........: MantellidDataset_h.infos
bppml's done. Bye.
Total execution time: 0.000000d, 0.000000h, 0.000000m, 51.000000s.
