******************************************************************
*                     Map NH, version 1.3.0                      *
* Authors: J. Dutheil                       Created on  09/12/10 *
*          B. Boussau                       Modif. 17/12/11      *
*          L. Guéguen                       Last Modif. 24/11/14 *
******************************************************************

Parsing options:
Parsing file MapNH.bpp for options.
Parsing file MantellidDataset.params_h.bpp for options.
Parsing file MantellidDataset.model_join_BIC.bpp for options.
Alphabet type .........................: Codon(letter=DNA)
Genetic Code...........................: VertebrateMitochondrial
Sequence file .........................: MantellidDataset.faln
Sequence format .......................: FASTA file
Sites to use...........................: all
Remove Stop Codons.....................: yes
Number of sequences....................: 17
Number of sites........................: 1606
Input tree file .......................: MantellidDataset.ml_nh_join_BIC.nhx
Input tree format .....................: Nhx
Number of leaves.......................: 17
Heterogeneous model....................: general
Number of distinct models..............: 5
StopCodon frequencies distribution ....: uniform
Stationarity assumed...................: yes
StopCodon frequencies distribution ....: uniform
Substitution model.....................: YN98
Frequencies Initialization for model...: None
Parameter found........................: YN98.kappa_1=2.96744
Parameter found........................: YN98.omega_1=0.0400987
Parameter found........................: YN98.1_Full.theta_1=0.459638
Parameter found........................: YN98.1_Full.theta1_1=0.569686
Parameter found........................: YN98.1_Full.theta2_1=0.479348
Parameter found........................: YN98.2_Full.theta_1=0.404291
Parameter found........................: YN98.2_Full.theta1_1=0.316323
Parameter found........................: YN98.2_Full.theta2_1=0.279422
Parameter found........................: YN98.3_Full.theta_1=0.35275
Parameter found........................: YN98.3_Full.theta1_1=0.539301
Parameter found........................: YN98.3_Full.theta2_1=0.125542
Model1 is associated to................: 7 node(s).
StopCodon frequencies distribution ....: uniform
Substitution model.....................: YN98
Frequencies Initialization for model...: None
Parameter found........................: YN98.omega_2=0.0447424
Model2 is associated to................: 5 node(s).
StopCodon frequencies distribution ....: uniform
Substitution model.....................: YN98
Frequencies Initialization for model...: None
Parameter found........................: YN98.omega_3=0.0806139
Model3 is associated to................: 11 node(s).
StopCodon frequencies distribution ....: uniform
Substitution model.....................: YN98
Frequencies Initialization for model...: None
Parameter found........................: YN98.omega_4=0.0541877
Model4 is associated to................: 1 node(s).
StopCodon frequencies distribution ....: uniform
Substitution model.....................: YN98
Frequencies Initialization for model...: None
Parameter found........................: YN98.omega_5=0.0455683
Model5 is associated to................: 7 node(s).
Parameter alias found..................: YN98.1_Full.theta1_2 -> YN98.1_Full.theta1_1 = 0.569686
Parameter alias found..................: YN98.1_Full.theta1_3 -> YN98.1_Full.theta1_1 = 0.569686
Parameter alias found..................: YN98.1_Full.theta1_4 -> YN98.1_Full.theta1_1 = 0.569686
Parameter alias found..................: YN98.1_Full.theta1_5 -> YN98.1_Full.theta1_1 = 0.569686
Parameter alias found..................: YN98.1_Full.theta2_2 -> YN98.1_Full.theta2_1 = 0.479348
Parameter alias found..................: YN98.1_Full.theta2_3 -> YN98.1_Full.theta2_1 = 0.479348
Parameter alias found..................: YN98.1_Full.theta2_4 -> YN98.1_Full.theta2_1 = 0.479348
Parameter alias found..................: YN98.1_Full.theta2_5 -> YN98.1_Full.theta2_1 = 0.479348
Parameter alias found..................: YN98.1_Full.theta_2 -> YN98.1_Full.theta_1 = 0.459638
Parameter alias found..................: YN98.1_Full.theta_3 -> YN98.1_Full.theta_1 = 0.459638
Parameter alias found..................: YN98.1_Full.theta_4 -> YN98.1_Full.theta_1 = 0.459638
Parameter alias found..................: YN98.1_Full.theta_5 -> YN98.1_Full.theta_1 = 0.459638
Parameter alias found..................: YN98.2_Full.theta1_2 -> YN98.2_Full.theta1_1 = 0.316323
Parameter alias found..................: YN98.2_Full.theta1_3 -> YN98.2_Full.theta1_1 = 0.316323
Parameter alias found..................: YN98.2_Full.theta1_4 -> YN98.2_Full.theta1_1 = 0.316323
Parameter alias found..................: YN98.2_Full.theta1_5 -> YN98.2_Full.theta1_1 = 0.316323
Parameter alias found..................: YN98.2_Full.theta2_2 -> YN98.2_Full.theta2_1 = 0.279422
Parameter alias found..................: YN98.2_Full.theta2_3 -> YN98.2_Full.theta2_1 = 0.279422
Parameter alias found..................: YN98.2_Full.theta2_4 -> YN98.2_Full.theta2_1 = 0.279422
Parameter alias found..................: YN98.2_Full.theta2_5 -> YN98.2_Full.theta2_1 = 0.279422
Parameter alias found..................: YN98.2_Full.theta_2 -> YN98.2_Full.theta_1 = 0.404291
Parameter alias found..................: YN98.2_Full.theta_3 -> YN98.2_Full.theta_1 = 0.404291
Parameter alias found..................: YN98.2_Full.theta_4 -> YN98.2_Full.theta_1 = 0.404291
Parameter alias found..................: YN98.2_Full.theta_5 -> YN98.2_Full.theta_1 = 0.404291
Parameter alias found..................: YN98.3_Full.theta1_2 -> YN98.3_Full.theta1_1 = 0.539301
Parameter alias found..................: YN98.3_Full.theta1_3 -> YN98.3_Full.theta1_1 = 0.539301
Parameter alias found..................: YN98.3_Full.theta1_4 -> YN98.3_Full.theta1_1 = 0.539301
Parameter alias found..................: YN98.3_Full.theta1_5 -> YN98.3_Full.theta1_1 = 0.539301
Parameter alias found..................: YN98.3_Full.theta2_2 -> YN98.3_Full.theta2_1 = 0.125542
Parameter alias found..................: YN98.3_Full.theta2_3 -> YN98.3_Full.theta2_1 = 0.125542
Parameter alias found..................: YN98.3_Full.theta2_4 -> YN98.3_Full.theta2_1 = 0.125542
Parameter alias found..................: YN98.3_Full.theta2_5 -> YN98.3_Full.theta2_1 = 0.125542
Parameter alias found..................: YN98.3_Full.theta_2 -> YN98.3_Full.theta_1 = 0.35275
Parameter alias found..................: YN98.3_Full.theta_3 -> YN98.3_Full.theta_1 = 0.35275
Parameter alias found..................: YN98.3_Full.theta_4 -> YN98.3_Full.theta_1 = 0.35275
Parameter alias found..................: YN98.3_Full.theta_5 -> YN98.3_Full.theta_1 = 0.35275
Parameter alias found..................: YN98.kappa_2 -> YN98.kappa_1 = 2.96744
Parameter alias found..................: YN98.kappa_3 -> YN98.kappa_1 = 2.96744
Parameter alias found..................: YN98.kappa_4 -> YN98.kappa_1 = 2.96744
Parameter alias found..................: YN98.kappa_5 -> YN98.kappa_1 = 2.96744
Distribution...........................: Constant
Number of classes......................: 1
- Category 0 (Pr = 1) rate.............: 1
Rate distribution......................: Constant
Number of classes......................: 1
Log-Likelihood.........................: -45297.5
Substitution Register..................: DnDs
  * Count type 1.......................: dS
  * Count type 2.......................: dN
WARNING!!! Parameter output.counts not specified. Default used instead: PerType(prefix=)
Saturation threshold used..............: 3
WARNING!!! On branch 1, 29 sites (2%) have been ignored because they are presumably saturated.
WARNING!!! On branch 3, 4 sites (1%) have been ignored because they are presumably saturated.
WARNING!!! On branch 4, 7 sites (1%) have been ignored because they are presumably saturated.
WARNING!!! On branch 7, 4 sites (1%) have been ignored because they are presumably saturated.
WARNING!!! On branch 9, 2 sites (1%) have been ignored because they are presumably saturated.
WARNING!!! On branch 16, 32 sites (2%) have been ignored because they are presumably saturated.
WARNING!!! On branch 18, 9 sites (1%) have been ignored because they are presumably saturated.
WARNING!!! On branch 19, 1 sites (1%) have been ignored because they are presumably saturated.
WARNING!!! On branch 24, 10 sites (1%) have been ignored because they are presumably saturated.
WARNING!!! On branch 25, 24 sites (2%) have been ignored because they are presumably saturated.
WARNING!!! On branch 26, 9 sites (1%) have been ignored because they are presumably saturated.
WARNING!!! On branch 28, 477 sites (30%) have been ignored because they are presumably saturated.
Saturation threshold used..............: 3
Output counts of type 1 to file........: mapping_counts_per_type_dS.dnd
Output counts of type 2 to file........: mapping_counts_per_type_dN.dnd
Perform branch clustering..............: yes
Cluster only neighbor nodes............: yes
Allow len < 0 in clustering............: no
Auto-clustering........................: Global
Auto-clutering threshold...............: 1
[======================================]Done.
[>>>>>>>>>>>>>>>>>>>>>>>>>>>>>>>>>>>>>>]Done.
P-value at root node...................: 0
Number of tests performed..............: 131
Output cluster tree to.................: MantellidDataset.cluster_join_post.dnd
MapNH's done. Bye.
Total execution time: 0.000000d, 0.000000h, 0.000000m, 11.000000s.
