******************************************************************
*                     PartNH, version 0.1.0                      *
* Authors: J. Dutheil                       Created on  09/12/10 *
*          B. Boussau                       Last Modif. 08/04/11 *
******************************************************************

Parsing options:
Parsing file PartNH.bpp for options.
Input cluster tree.....................: Mantellid.cluster_free.dnd
Input tree file........................: MantellidDataset.nhx
Alphabet type .........................: Codon(DNA)
Sequence format .......................: Fasta
Sequence file .........................: MantellidDataset.faln
Sites to use...........................: all
Remove Stop Codons.....................: yes
Number of sequences....................: 17
Number of sites........................: 1606
Frequencies initialization for model...: observed
Parameter found........................: YN98.kappa=2
Parameter found........................: YN98.omega=0.5
WARNING!!! Parameter YN98.1_Full.theta not specified. Default used instead: 0.459638
Parameter found........................: YN98.1_Full.theta=0.459638
WARNING!!! Parameter YN98.1_Full.theta1 not specified. Default used instead: 0.569686
Parameter found........................: YN98.1_Full.theta1=0.569686
WARNING!!! Parameter YN98.1_Full.theta2 not specified. Default used instead: 0.479348
Parameter found........................: YN98.1_Full.theta2=0.479348
WARNING!!! Parameter YN98.2_Full.theta not specified. Default used instead: 0.404291
Parameter found........................: YN98.2_Full.theta=0.404291
WARNING!!! Parameter YN98.2_Full.theta1 not specified. Default used instead: 0.316323
Parameter found........................: YN98.2_Full.theta1=0.316323
WARNING!!! Parameter YN98.2_Full.theta2 not specified. Default used instead: 0.279422
Parameter found........................: YN98.2_Full.theta2=0.279422
WARNING!!! Parameter YN98.3_Full.theta not specified. Default used instead: 0.35275
Parameter found........................: YN98.3_Full.theta=0.35275
WARNING!!! Parameter YN98.3_Full.theta1 not specified. Default used instead: 0.539301
Parameter found........................: YN98.3_Full.theta1=0.539301
WARNING!!! Parameter YN98.3_Full.theta2 not specified. Default used instead: 0.125542
Parameter found........................: YN98.3_Full.theta2=0.125542
Rate distribution......................: Uniform
Number of classes......................: 1
- Category 0 (Pr = 1) rate.............: 1
Initializing data structure............: Done.
Number of distinct sites...............: 1554
Output intermediate models.............: yes
Output log to..........................: MantellidDataset.model_free_BIC.log.txt
Message handler........................: MantellidDataset.free_BIC.message*
Profiler...............................: MantellidDataset.free_BIC.profile*
Parameter ignored......................: YN98.1_Full.theta
Parameter ignored......................: YN98.1_Full.theta1
Parameter ignored......................: YN98.1_Full.theta2
Parameter ignored......................: YN98.2_Full.theta
Parameter ignored......................: YN98.2_Full.theta1
Parameter ignored......................: YN98.2_Full.theta2
Parameter ignored......................: YN98.3_Full.theta
Parameter ignored......................: YN98.3_Full.theta1
Parameter ignored......................: YN98.3_Full.theta2
Max # ML evaluations...................: 1000
Tolerance..............................: 1e-06
Reparametrization......................: no
Molecular clock........................: None
************************************************

* Homogeneous model - LogL.............: -45782.7
                    - df...............: 42
Stationarity assumed...................: yes
Global parameter.......................: YN98.kappa
Global parameter.......................: YN98.1_Full.theta*
Global parameter.......................: YN98.2_Full.theta*
Global parameter.......................: YN98.3_Full.theta*
AIC....................................: 91649.4
AICc...................................: 91651.7
BIC....................................: 91875.4
Likelihood comparison method...........: BIC
Stop condition.........................: test 10 nested models after local best
Current threshold......................: 1.4e-07
Number of real partitions..............: 2
Partition 1............................: 12 element(s).
Partition 2............................: 19 element(s).
Parameter ignored......................: YN98.1_Full.theta_1
Parameter ignored......................: YN98.1_Full.theta1_1
Parameter ignored......................: YN98.1_Full.theta2_1
Parameter ignored......................: YN98.2_Full.theta_1
Parameter ignored......................: YN98.2_Full.theta1_1
Parameter ignored......................: YN98.2_Full.theta2_1
Parameter ignored......................: YN98.3_Full.theta_1
Parameter ignored......................: YN98.3_Full.theta1_1
Parameter ignored......................: YN98.3_Full.theta2_1
*****************************

* New NH model - LogL..................: -45748.5
               - df....................: 43
               - LRT p-value...........: 1.11022e-16
               - AIC...................: 91582.9
               - AICc..................: 91585.3
               - BIC...................: 91814.3
Current threshold......................: 4.8e-05
Number of real partitions..............: 3
Partition 1............................: 12 element(s).
Partition 2............................: 17 element(s).
Partition 3............................: 2 element(s).
Parameter ignored......................: YN98.1_Full.theta_1
Parameter ignored......................: YN98.1_Full.theta1_1
Parameter ignored......................: YN98.1_Full.theta2_1
Parameter ignored......................: YN98.2_Full.theta_1
Parameter ignored......................: YN98.2_Full.theta1_1
Parameter ignored......................: YN98.2_Full.theta2_1
Parameter ignored......................: YN98.3_Full.theta_1
Parameter ignored......................: YN98.3_Full.theta1_1
Parameter ignored......................: YN98.3_Full.theta2_1
***********************************************

* New NH model - LogL..................: -45747.8
               - df....................: 44
               - LRT p-value...........: 0.255413
               - AIC...................: 91583.6
               - AICc..................: 91586.1
               - BIC...................: 91820.4
Current threshold......................: 0.017352
Number of real partitions..............: 4
Partition 1............................: 17 element(s).
Partition 2............................: 2 element(s).
Partition 3............................: 7 element(s).
Partition 4............................: 5 element(s).
Parameter ignored......................: YN98.1_Full.theta_1
Parameter ignored......................: YN98.1_Full.theta1_1
Parameter ignored......................: YN98.1_Full.theta2_1
Parameter ignored......................: YN98.2_Full.theta_1
Parameter ignored......................: YN98.2_Full.theta1_1
Parameter ignored......................: YN98.2_Full.theta2_1
Parameter ignored......................: YN98.3_Full.theta_1
Parameter ignored......................: YN98.3_Full.theta1_1
Parameter ignored......................: YN98.3_Full.theta2_1
********************

* New NH model - LogL..................: -45747.7
               - df....................: 45
               - LRT p-value...........: 0.698448
               - AIC...................: 91585.5
               - AICc..................: 91588
               - BIC...................: 91827.7
Current threshold......................: 0.110453
Number of real partitions..............: 5
Partition 1............................: 2 element(s).
Partition 2............................: 7 element(s).
Partition 3............................: 5 element(s).
Partition 4............................: 11 element(s).
Partition 5............................: 6 element(s).
Parameter ignored......................: YN98.1_Full.theta_1
Parameter ignored......................: YN98.1_Full.theta1_1
Parameter ignored......................: YN98.1_Full.theta2_1
Parameter ignored......................: YN98.2_Full.theta_1
Parameter ignored......................: YN98.2_Full.theta1_1
Parameter ignored......................: YN98.2_Full.theta2_1
Parameter ignored......................: YN98.3_Full.theta_1
Parameter ignored......................: YN98.3_Full.theta1_1
Parameter ignored......................: YN98.3_Full.theta2_1
**********************

* New NH model - LogL..................: -45747.7
               - df....................: 46
               - LRT p-value...........: 0.754846
               - AIC...................: 91587.4
               - AICc..................: 91590.1
               - BIC...................: 91834.9
Current threshold......................: 0.429155
Number of real partitions..............: 6
Partition 1............................: 2 element(s).
Partition 2............................: 7 element(s).
Partition 3............................: 5 element(s).
Partition 4............................: 6 element(s).
Partition 5............................: 8 element(s).
Partition 6............................: 3 element(s).
Parameter ignored......................: YN98.1_Full.theta_1
Parameter ignored......................: YN98.1_Full.theta1_1
Parameter ignored......................: YN98.1_Full.theta2_1
Parameter ignored......................: YN98.2_Full.theta_1
Parameter ignored......................: YN98.2_Full.theta1_1
Parameter ignored......................: YN98.2_Full.theta2_1
Parameter ignored......................: YN98.3_Full.theta_1
Parameter ignored......................: YN98.3_Full.theta1_1
Parameter ignored......................: YN98.3_Full.theta2_1
**********************************************************

* New NH model - LogL..................: -45741.2
               - df....................: 47
               - LRT p-value...........: 0.000319728
               - AIC...................: 91576.4
               - AICc..................: 91579.2
               - BIC...................: 91829.4
Current threshold......................: 0.429874
Number of real partitions..............: 7
Partition 1............................: 2 element(s).
Partition 2............................: 5 element(s).
Partition 3............................: 6 element(s).
Partition 4............................: 8 element(s).
Partition 5............................: 3 element(s).
Partition 6............................: 4 element(s).
Partition 7............................: 3 element(s).
Parameter ignored......................: YN98.1_Full.theta_1
Parameter ignored......................: YN98.1_Full.theta1_1
Parameter ignored......................: YN98.1_Full.theta2_1
Parameter ignored......................: YN98.2_Full.theta_1
Parameter ignored......................: YN98.2_Full.theta1_1
Parameter ignored......................: YN98.2_Full.theta2_1
Parameter ignored......................: YN98.3_Full.theta_1
Parameter ignored......................: YN98.3_Full.theta1_1
Parameter ignored......................: YN98.3_Full.theta2_1
*******************************************************************

* New NH model - LogL..................: -45739.6
               - df....................: 48
               - LRT p-value...........: 0.070073
               - AIC...................: 91575.2
               - AICc..................: 91578.1
               - BIC...................: 91833.5
Current threshold......................: 0.525136
Number of real partitions..............: 8
Partition 1............................: 2 element(s).
Partition 2............................: 6 element(s).
Partition 3............................: 8 element(s).
Partition 4............................: 3 element(s).
Partition 5............................: 4 element(s).
Partition 6............................: 3 element(s).
Partition 7............................: 4 element(s).
Partition 8............................: 1 element(s).
Parameter ignored......................: YN98.1_Full.theta_1
Parameter ignored......................: YN98.1_Full.theta1_1
Parameter ignored......................: YN98.1_Full.theta2_1
Parameter ignored......................: YN98.2_Full.theta_1
Parameter ignored......................: YN98.2_Full.theta1_1
Parameter ignored......................: YN98.2_Full.theta2_1
Parameter ignored......................: YN98.3_Full.theta_1
Parameter ignored......................: YN98.3_Full.theta1_1
Parameter ignored......................: YN98.3_Full.theta2_1
**********************************************

* New NH model - LogL..................: -45737
               - df....................: 49
               - LRT p-value...........: 0.0232668
               - AIC...................: 91572
               - AICc..................: 91575
               - BIC...................: 91835.7
Current threshold......................: 0.680967
Number of real partitions..............: 9
Partition 1............................: 2 element(s).
Partition 2............................: 8 element(s).
Partition 3............................: 3 element(s).
Partition 4............................: 4 element(s).
Partition 5............................: 3 element(s).
Partition 6............................: 4 element(s).
Partition 7............................: 1 element(s).
Partition 8............................: 4 element(s).
Partition 9............................: 2 element(s).
Parameter ignored......................: YN98.1_Full.theta_1
Parameter ignored......................: YN98.1_Full.theta1_1
Parameter ignored......................: YN98.1_Full.theta2_1
Parameter ignored......................: YN98.2_Full.theta_1
Parameter ignored......................: YN98.2_Full.theta1_1
Parameter ignored......................: YN98.2_Full.theta2_1
Parameter ignored......................: YN98.3_Full.theta_1
Parameter ignored......................: YN98.3_Full.theta1_1
Parameter ignored......................: YN98.3_Full.theta2_1
****************************

* New NH model - LogL..................: -45737
               - df....................: 50
               - LRT p-value...........: 0.779811
               - AIC...................: 91573.9
               - AICc..................: 91577.1
               - BIC...................: 91843
Current threshold......................: 0.769461
Number of real partitions..............: 10
Partition 1............................: 2 element(s).
Partition 2............................: 3 element(s).
Partition 3............................: 4 element(s).
Partition 4............................: 3 element(s).
Partition 5............................: 4 element(s).
Partition 6............................: 1 element(s).
Partition 7............................: 4 element(s).
Partition 8............................: 2 element(s).
Partition 9............................: 4 element(s).
Partition 10...........................: 4 element(s).
Parameter ignored......................: YN98.1_Full.theta_1
Parameter ignored......................: YN98.1_Full.theta1_1
Parameter ignored......................: YN98.1_Full.theta2_1
Parameter ignored......................: YN98.2_Full.theta_1
Parameter ignored......................: YN98.2_Full.theta1_1
Parameter ignored......................: YN98.2_Full.theta2_1
Parameter ignored......................: YN98.3_Full.theta_1
Parameter ignored......................: YN98.3_Full.theta1_1
Parameter ignored......................: YN98.3_Full.theta2_1
********************************

* New NH model - LogL..................: -45732.8
               - df....................: 51
               - LRT p-value...........: 0.00372819
               - AIC...................: 91567.5
               - AICc..................: 91570.8
               - BIC...................: 91842
Current threshold......................: 0.784712
Number of real partitions..............: 11
Partition 1............................: 3 element(s).
Partition 2............................: 4 element(s).
Partition 3............................: 3 element(s).
Partition 4............................: 4 element(s).
Partition 5............................: 1 element(s).
Partition 6............................: 4 element(s).
Partition 7............................: 2 element(s).
Partition 8............................: 4 element(s).
Partition 9............................: 4 element(s).
Partition 10...........................: 1 element(s).
Partition 11...........................: 1 element(s).
Parameter ignored......................: YN98.1_Full.theta_1
Parameter ignored......................: YN98.1_Full.theta1_1
Parameter ignored......................: YN98.1_Full.theta2_1
Parameter ignored......................: YN98.2_Full.theta_1
Parameter ignored......................: YN98.2_Full.theta1_1
Parameter ignored......................: YN98.2_Full.theta2_1
Parameter ignored......................: YN98.3_Full.theta_1
Parameter ignored......................: YN98.3_Full.theta1_1
Parameter ignored......................: YN98.3_Full.theta2_1
**************************************************

* New NH model - LogL..................: -45724.7
               - df....................: 52
               - LRT p-value...........: 5.85783e-05
               - AIC...................: 91553.4
               - AICc..................: 91556.8
               - BIC...................: 91833.2
Current threshold......................: 0.787852
Number of real partitions..............: 12
Partition 1............................: 3 element(s).
Partition 2............................: 4 element(s).
Partition 3............................: 4 element(s).
Partition 4............................: 1 element(s).
Partition 5............................: 4 element(s).
Partition 6............................: 2 element(s).
Partition 7............................: 4 element(s).
Partition 8............................: 4 element(s).
Partition 9............................: 1 element(s).
Partition 10...........................: 1 element(s).
Partition 11...........................: 2 element(s).
Partition 12...........................: 1 element(s).
Parameter ignored......................: YN98.1_Full.theta_1
Parameter ignored......................: YN98.1_Full.theta1_1
Parameter ignored......................: YN98.1_Full.theta2_1
Parameter ignored......................: YN98.2_Full.theta_1
Parameter ignored......................: YN98.2_Full.theta1_1
Parameter ignored......................: YN98.2_Full.theta2_1
Parameter ignored......................: YN98.3_Full.theta_1
Parameter ignored......................: YN98.3_Full.theta1_1
Parameter ignored......................: YN98.3_Full.theta2_1
***************************************************************************************

* New NH model - LogL..................: -45723.5
               - df....................: 53
               - LRT p-value...........: 0.121627
               - AIC...................: 91553
               - AICc..................: 91556.5
               - BIC...................: 91838.2
Model description output to file.......: MantellidDataset.model_free_BIC.bpp
Output parameter table to..............: MantellidDataset.ml_nh_free_BIC.parameters.csv
Output partitions record to............: MantellidDataset.partitions_record_free_BIC.txt
Wrote tree to file ....................: MantellidDataset.ml_nh_free_BIC.nhx
Partitions output to file..............: MantellidDataset.partitions_free_BIC.dnd
PartNH's done. Bye.
Total execution time: 0.000000d, 7.000000h, 37.000000m, 56.000000s.
