******************************************************************
*                     PartNH, version 1.3.0                      *
* Authors: J. Dutheil                       Created on  09/12/10 *
*          B. Boussau                       Last Modif. 24/11/14 *
******************************************************************

Parsing options:
Parsing file PartNH.bpp for options.
Input cluster tree.....................: MantellidDataset.cluster_join.dnd
Input tree file........................: MantellidDataset.nhx
Alphabet type .........................: Codon(letter=DNA)
Genetic Code...........................: VertebrateMitochondrial
Sequence file .........................: MantellidDataset.faln
Sequence format .......................: FASTA file
Sites to use...........................: all
Remove Stop Codons.....................: yes
Number of sites........................: 1606
Number of sequences....................: 17
Number of sites........................: 1606
Substitution model.....................: YN98
External model frequencies init........: observed
Parameter found........................: YN98.kappa=2
Parameter found........................: YN98.omega=0.5
Parameter found........................: YN98.1_Full.theta=0.459638
Parameter found........................: YN98.1_Full.theta1=0.569686
Parameter found........................: YN98.1_Full.theta2=0.479348
Parameter found........................: YN98.2_Full.theta=0.404291
Parameter found........................: YN98.2_Full.theta1=0.316323
Parameter found........................: YN98.2_Full.theta2=0.279422
Parameter found........................: YN98.3_Full.theta=0.35275
Parameter found........................: YN98.3_Full.theta1=0.539301
Parameter found........................: YN98.3_Full.theta2=0.125542
Distribution...........................: Constant
Number of classes......................: 1
- Category 0 (Pr = 1) rate.............: 1
Rate distribution......................: Constant
Number of classes......................: 1
Initializing data structure............: Done.
Number of distinct sites...............: 1554
Log-Likelihood.........................: -51864.5
Output intermediate models.............: yes
Output log to..........................: MantellidDataset.model_join_AIC.log.txt
Message handler........................: MantellidDataset.join_AIC.message*
Profiler...............................: MantellidDataset.join_AIC.profile*
Parameter ignored......................: YN98.1_Full.theta
Parameter ignored......................: YN98.1_Full.theta1
Parameter ignored......................: YN98.1_Full.theta2
Parameter ignored......................: YN98.2_Full.theta
Parameter ignored......................: YN98.2_Full.theta1
Parameter ignored......................: YN98.2_Full.theta2
Parameter ignored......................: YN98.3_Full.theta
Parameter ignored......................: YN98.3_Full.theta1
Parameter ignored......................: YN98.3_Full.theta2
Max # ML evaluations...................: 1000
Tolerance..............................: 1e-06
Reparametrization......................: no
WARNING!!! Parameter optimization.clock not specified. Default used instead: None
Molecular clock........................: None
************************************

* Homogeneous model - LogL.............: -45347.8
                    - df...............: 42
Stationarity assumed...................: yes
Global parameter.......................: YN98.kappa
Global parameter.......................: YN98.*Full.theta*
AIC....................................: 90779.5
AICc...................................: 90781.8
BIC....................................: 91005.6
Likelihood comparison method...........: AIC
Stop condition.........................: test 10 nested models after local best
Current threshold......................: 0.000220731
Number of real partitions..............: 2
Partition 1............................: 24 element(s).
Partition 2............................: 7 element(s).
Parameter ignored......................: YN98.1_Full.theta_1
Parameter ignored......................: YN98.1_Full.theta1_1
Parameter ignored......................: YN98.1_Full.theta2_1
Parameter ignored......................: YN98.2_Full.theta_1
Parameter ignored......................: YN98.2_Full.theta1_1
Parameter ignored......................: YN98.2_Full.theta2_1
Parameter ignored......................: YN98.3_Full.theta_1
Parameter ignored......................: YN98.3_Full.theta1_1
Parameter ignored......................: YN98.3_Full.theta2_1
************************************************

* New NH model - LogL..................: -45335.1
               - df....................: 43
               - LRT p-value...........: 5.05248e-07
               - AIC...................: 90756.3
               - AICc..................: 90758.7
               - BIC...................: 90987.7
Current threshold......................: 0.0002576
Number of real partitions..............: 4
Partition 1............................: 7 element(s).
Partition 2............................: 14 element(s).
Partition 3............................: 5 element(s).
Partition 4............................: 5 element(s).
Parameter ignored......................: YN98.1_Full.theta_1
Parameter ignored......................: YN98.1_Full.theta1_1
Parameter ignored......................: YN98.1_Full.theta2_1
Parameter ignored......................: YN98.2_Full.theta_1
Parameter ignored......................: YN98.2_Full.theta1_1
Parameter ignored......................: YN98.2_Full.theta2_1
Parameter ignored......................: YN98.3_Full.theta_1
Parameter ignored......................: YN98.3_Full.theta1_1
Parameter ignored......................: YN98.3_Full.theta2_1
***********************************

* New NH model - LogL..................: -45301.1
               - df....................: 45
               - LRT p-value...........: 1.66533e-15
               - AIC...................: 90692.3
               - AICc..................: 90694.9
               - BIC...................: 90934.4
Current threshold......................: 0.050988
Number of real partitions..............: 5
Partition 1............................: 7 element(s).
Partition 2............................: 5 element(s).
Partition 3............................: 5 element(s).
Partition 4............................: 12 element(s).
Partition 5............................: 2 element(s).
Parameter ignored......................: YN98.1_Full.theta_1
Parameter ignored......................: YN98.1_Full.theta1_1
Parameter ignored......................: YN98.1_Full.theta2_1
Parameter ignored......................: YN98.2_Full.theta_1
Parameter ignored......................: YN98.2_Full.theta1_1
Parameter ignored......................: YN98.2_Full.theta2_1
Parameter ignored......................: YN98.3_Full.theta_1
Parameter ignored......................: YN98.3_Full.theta1_1
Parameter ignored......................: YN98.3_Full.theta2_1
***********************************

* New NH model - LogL..................: -45299.4
               - df....................: 46
               - LRT p-value...........: 0.0624754
               - AIC...................: 90690.8
               - AICc..................: 90693.6
               - BIC...................: 90938.3
Current threshold......................: 0.0509884
Number of real partitions..............: 6
Partition 1............................: 7 element(s).
Partition 2............................: 5 element(s).
Partition 3............................: 5 element(s).
Partition 4............................: 2 element(s).
Partition 5............................: 11 element(s).
Partition 6............................: 1 element(s).
Parameter ignored......................: YN98.1_Full.theta_1
Parameter ignored......................: YN98.1_Full.theta1_1
Parameter ignored......................: YN98.1_Full.theta2_1
Parameter ignored......................: YN98.2_Full.theta_1
Parameter ignored......................: YN98.2_Full.theta1_1
Parameter ignored......................: YN98.2_Full.theta2_1
Parameter ignored......................: YN98.3_Full.theta_1
Parameter ignored......................: YN98.3_Full.theta1_1
Parameter ignored......................: YN98.3_Full.theta2_1
*************************

* New NH model - LogL..................: -45294.6
               - df....................: 47
               - LRT p-value...........: 0.00189738
               - AIC...................: 90683.1
               - AICc..................: 90686
               - BIC...................: 90936.1
Current threshold......................: 0.0672478
Number of real partitions..............: 7
Partition 1............................: 5 element(s).
Partition 2............................: 5 element(s).
Partition 3............................: 2 element(s).
Partition 4............................: 11 element(s).
Partition 5............................: 1 element(s).
Partition 6............................: 6 element(s).
Partition 7............................: 1 element(s).
Parameter ignored......................: YN98.1_Full.theta_1
Parameter ignored......................: YN98.1_Full.theta1_1
Parameter ignored......................: YN98.1_Full.theta2_1
Parameter ignored......................: YN98.2_Full.theta_1
Parameter ignored......................: YN98.2_Full.theta1_1
Parameter ignored......................: YN98.2_Full.theta2_1
Parameter ignored......................: YN98.3_Full.theta_1
Parameter ignored......................: YN98.3_Full.theta1_1
Parameter ignored......................: YN98.3_Full.theta2_1
*******************************************

* New NH model - LogL..................: -45290.8
               - df....................: 48
               - LRT p-value...........: 0.00610768
               - AIC...................: 90677.6
               - AICc..................: 90680.6
               - BIC...................: 90935.9
Current threshold......................: 0.0755548
Number of real partitions..............: 9
Partition 1............................: 5 element(s).
Partition 2............................: 5 element(s).
Partition 3............................: 2 element(s).
Partition 4............................: 11 element(s).
Partition 5............................: 1 element(s).
Partition 6............................: 1 element(s).
Partition 7............................: 1 element(s).
Partition 8............................: 4 element(s).
Partition 9............................: 1 element(s).
Parameter ignored......................: YN98.1_Full.theta_1
Parameter ignored......................: YN98.1_Full.theta1_1
Parameter ignored......................: YN98.1_Full.theta2_1
Parameter ignored......................: YN98.2_Full.theta_1
Parameter ignored......................: YN98.2_Full.theta1_1
Parameter ignored......................: YN98.2_Full.theta2_1
Parameter ignored......................: YN98.3_Full.theta_1
Parameter ignored......................: YN98.3_Full.theta1_1
Parameter ignored......................: YN98.3_Full.theta2_1
**************************************************

* New NH model - LogL..................: -45284.2
               - df....................: 50
               - LRT p-value...........: 0.00130996
               - AIC...................: 90668.3
               - AICc..................: 90671.6
               - BIC...................: 90937.4
Current threshold......................: 0.236988
Number of real partitions..............: 11
Partition 1............................: 5 element(s).
Partition 2............................: 5 element(s).
Partition 3............................: 2 element(s).
Partition 4............................: 1 element(s).
Partition 5............................: 1 element(s).
Partition 6............................: 1 element(s).
Partition 7............................: 4 element(s).
Partition 8............................: 1 element(s).
Partition 9............................: 1 element(s).
Partition 10...........................: 9 element(s).
Partition 11...........................: 1 element(s).
Parameter ignored......................: YN98.1_Full.theta_1
Parameter ignored......................: YN98.1_Full.theta1_1
Parameter ignored......................: YN98.1_Full.theta2_1
Parameter ignored......................: YN98.2_Full.theta_1
Parameter ignored......................: YN98.2_Full.theta1_1
Parameter ignored......................: YN98.2_Full.theta2_1
Parameter ignored......................: YN98.3_Full.theta_1
Parameter ignored......................: YN98.3_Full.theta1_1
Parameter ignored......................: YN98.3_Full.theta2_1
*************************

* New NH model - LogL..................: -45279.5
               - df....................: 52
               - LRT p-value...........: 0.00945803
               - AIC...................: 90663
               - AICc..................: 90666.6
               - BIC...................: 90942.9
Current threshold......................: 0.295211
Number of real partitions..............: 12
Partition 1............................: 5 element(s).
Partition 2............................: 5 element(s).
Partition 3............................: 2 element(s).
Partition 4............................: 1 element(s).
Partition 5............................: 1 element(s).
Partition 6............................: 1 element(s).
Partition 7............................: 4 element(s).
Partition 8............................: 1 element(s).
Partition 9............................: 1 element(s).
Partition 10...........................: 1 element(s).
Partition 11...........................: 8 element(s).
Partition 12...........................: 1 element(s).
Parameter ignored......................: YN98.1_Full.theta_1
Parameter ignored......................: YN98.1_Full.theta1_1
Parameter ignored......................: YN98.1_Full.theta2_1
Parameter ignored......................: YN98.2_Full.theta_1
Parameter ignored......................: YN98.2_Full.theta1_1
Parameter ignored......................: YN98.2_Full.theta2_1
Parameter ignored......................: YN98.3_Full.theta_1
Parameter ignored......................: YN98.3_Full.theta1_1
Parameter ignored......................: YN98.3_Full.theta2_1
********************

* New NH model - LogL..................: -45277.6
               - df....................: 53
               - LRT p-value...........: 0.0522183
               - AIC...................: 90661.3
               - AICc..................: 90664.9
               - BIC...................: 90946.5
Current threshold......................: 0.464697
Number of real partitions..............: 14
Partition 1............................: 5 element(s).
Partition 2............................: 5 element(s).
Partition 3............................: 2 element(s).
Partition 4............................: 1 element(s).
Partition 5............................: 1 element(s).
Partition 6............................: 1 element(s).
Partition 7............................: 1 element(s).
Partition 8............................: 1 element(s).
Partition 9............................: 1 element(s).
Partition 10...........................: 8 element(s).
Partition 11...........................: 1 element(s).
Partition 12...........................: 1 element(s).
Partition 13...........................: 1 element(s).
Partition 14...........................: 2 element(s).
Parameter ignored......................: YN98.1_Full.theta_1
Parameter ignored......................: YN98.1_Full.theta1_1
Parameter ignored......................: YN98.1_Full.theta2_1
Parameter ignored......................: YN98.2_Full.theta_1
Parameter ignored......................: YN98.2_Full.theta1_1
Parameter ignored......................: YN98.2_Full.theta2_1
Parameter ignored......................: YN98.3_Full.theta_1
Parameter ignored......................: YN98.3_Full.theta1_1
Parameter ignored......................: YN98.3_Full.theta2_1
****************************

* New NH model - LogL..................: -45277.4
               - df....................: 55
               - LRT p-value...........: 0.82549
               - AIC...................: 90664.9
               - AICc..................: 90668.8
               - BIC...................: 90960.9
Current threshold......................: 0.48348
Number of real partitions..............: 17
Partition 1............................: 5 element(s).
Partition 2............................: 5 element(s).
Partition 3............................: 2 element(s).
Partition 4............................: 1 element(s).
Partition 5............................: 1 element(s).
Partition 6............................: 1 element(s).
Partition 7............................: 1 element(s).
Partition 8............................: 1 element(s).
Partition 9............................: 1 element(s).
Partition 10...........................: 1 element(s).
Partition 11...........................: 1 element(s).
Partition 12...........................: 1 element(s).
Partition 13...........................: 2 element(s).
Partition 14...........................: 2 element(s).
Partition 15...........................: 1 element(s).
Partition 16...........................: 3 element(s).
Partition 17...........................: 2 element(s).
Parameter ignored......................: YN98.1_Full.theta_1
Parameter ignored......................: YN98.1_Full.theta1_1
Parameter ignored......................: YN98.1_Full.theta2_1
Parameter ignored......................: YN98.2_Full.theta_1
Parameter ignored......................: YN98.2_Full.theta1_1
Parameter ignored......................: YN98.2_Full.theta2_1
Parameter ignored......................: YN98.3_Full.theta_1
Parameter ignored......................: YN98.3_Full.theta1_1
Parameter ignored......................: YN98.3_Full.theta2_1
**********************************************************************************************

* New NH model - LogL..................: -45273.9
               - df....................: 58
               - LRT p-value...........: 0.0724609
               - AIC...................: 90663.9
               - AICc..................: 90668.3
               - BIC...................: 90976
Current threshold......................: 0.487358
Number of real partitions..............: 18
Partition 1............................: 5 element(s).
Partition 2............................: 2 element(s).
Partition 3............................: 1 element(s).
Partition 4............................: 1 element(s).
Partition 5............................: 1 element(s).
Partition 6............................: 1 element(s).
Partition 7............................: 1 element(s).
Partition 8............................: 1 element(s).
Partition 9............................: 1 element(s).
Partition 10...........................: 1 element(s).
Partition 11...........................: 1 element(s).
Partition 12...........................: 2 element(s).
Partition 13...........................: 2 element(s).
Partition 14...........................: 1 element(s).
Partition 15...........................: 3 element(s).
Partition 16...........................: 2 element(s).
Partition 17...........................: 4 element(s).
Partition 18...........................: 1 element(s).
Parameter ignored......................: YN98.1_Full.theta_1
Parameter ignored......................: YN98.1_Full.theta1_1
Parameter ignored......................: YN98.1_Full.theta2_1
Parameter ignored......................: YN98.2_Full.theta_1
Parameter ignored......................: YN98.2_Full.theta1_1
Parameter ignored......................: YN98.2_Full.theta2_1
Parameter ignored......................: YN98.3_Full.theta_1
Parameter ignored......................: YN98.3_Full.theta1_1
Parameter ignored......................: YN98.3_Full.theta2_1
****************

* New NH model - LogL..................: -45273.9
               - df....................: 59
               - LRT p-value...........: 0.899999
               - AIC...................: 90665.9
               - AICc..................: 90670.5
               - BIC...................: 90983.4
Current threshold......................: 0.503304
Number of real partitions..............: 19
Partition 1............................: 2 element(s).
Partition 2............................: 1 element(s).
Partition 3............................: 1 element(s).
Partition 4............................: 1 element(s).
Partition 5............................: 1 element(s).
Partition 6............................: 1 element(s).
Partition 7............................: 1 element(s).
Partition 8............................: 1 element(s).
Partition 9............................: 1 element(s).
Partition 10...........................: 1 element(s).
Partition 11...........................: 2 element(s).
Partition 12...........................: 2 element(s).
Partition 13...........................: 1 element(s).
Partition 14...........................: 3 element(s).
Partition 15...........................: 2 element(s).
Partition 16...........................: 4 element(s).
Partition 17...........................: 1 element(s).
Partition 18...........................: 4 element(s).
Partition 19...........................: 1 element(s).
Parameter ignored......................: YN98.1_Full.theta_1
Parameter ignored......................: YN98.1_Full.theta1_1
Parameter ignored......................: YN98.1_Full.theta2_1
Parameter ignored......................: YN98.2_Full.theta_1
Parameter ignored......................: YN98.2_Full.theta1_1
Parameter ignored......................: YN98.2_Full.theta2_1
Parameter ignored......................: YN98.3_Full.theta_1
Parameter ignored......................: YN98.3_Full.theta1_1
Parameter ignored......................: YN98.3_Full.theta2_1
*********************

* New NH model - LogL..................: -45273.2
               - df....................: 60
               - LRT p-value...........: 0.222912
               - AIC...................: 90666.4
               - AICc..................: 90671.1
               - BIC...................: 90989.3
Current threshold......................: 0.50942
Number of real partitions..............: 20
Partition 1............................: 1 element(s).
Partition 2............................: 1 element(s).
Partition 3............................: 1 element(s).
Partition 4............................: 1 element(s).
Partition 5............................: 1 element(s).
Partition 6............................: 1 element(s).
Partition 7............................: 1 element(s).
Partition 8............................: 1 element(s).
Partition 9............................: 1 element(s).
Partition 10...........................: 2 element(s).
Partition 11...........................: 2 element(s).
Partition 12...........................: 1 element(s).
Partition 13...........................: 3 element(s).
Partition 14...........................: 2 element(s).
Partition 15...........................: 4 element(s).
Partition 16...........................: 1 element(s).
Partition 17...........................: 4 element(s).
Partition 18...........................: 1 element(s).
Partition 19...........................: 1 element(s).
Partition 20...........................: 1 element(s).
Parameter ignored......................: YN98.1_Full.theta_1
Parameter ignored......................: YN98.1_Full.theta1_1
Parameter ignored......................: YN98.1_Full.theta2_1
Parameter ignored......................: YN98.2_Full.theta_1
Parameter ignored......................: YN98.2_Full.theta1_1
Parameter ignored......................: YN98.2_Full.theta2_1
Parameter ignored......................: YN98.3_Full.theta_1
Parameter ignored......................: YN98.3_Full.theta1_1
Parameter ignored......................: YN98.3_Full.theta2_1
*****************************************

* New NH model - LogL..................: -45272
               - df....................: 61
               - LRT p-value...........: 0.116441
               - AIC...................: 90665.9
               - AICc..................: 90670.8
               - BIC...................: 90994.2
Current threshold......................: 0.656459
Number of real partitions..............: 22
Partition 1............................: 1 element(s).
Partition 2............................: 1 element(s).
Partition 3............................: 1 element(s).
Partition 4............................: 1 element(s).
Partition 5............................: 1 element(s).
Partition 6............................: 1 element(s).
Partition 7............................: 1 element(s).
Partition 8............................: 1 element(s).
Partition 9............................: 1 element(s).
Partition 10...........................: 2 element(s).
Partition 11...........................: 2 element(s).
Partition 12...........................: 1 element(s).
Partition 13...........................: 3 element(s).
Partition 14...........................: 2 element(s).
Partition 15...........................: 1 element(s).
Partition 16...........................: 4 element(s).
Partition 17...........................: 1 element(s).
Partition 18...........................: 1 element(s).
Partition 19...........................: 1 element(s).
Partition 20...........................: 1 element(s).
Partition 21...........................: 2 element(s).
Partition 22...........................: 1 element(s).
Parameter ignored......................: YN98.1_Full.theta_1
Parameter ignored......................: YN98.1_Full.theta1_1
Parameter ignored......................: YN98.1_Full.theta2_1
Parameter ignored......................: YN98.2_Full.theta_1
Parameter ignored......................: YN98.2_Full.theta1_1
Parameter ignored......................: YN98.2_Full.theta2_1
Parameter ignored......................: YN98.3_Full.theta_1
Parameter ignored......................: YN98.3_Full.theta1_1
Parameter ignored......................: YN98.3_Full.theta2_1
*************************************

* New NH model - LogL..................: -45271.1
               - df....................: 63
               - LRT p-value...........: 0.437735
               - AIC...................: 90668.3
               - AICc..................: 90673.5
               - BIC...................: 91007.3
Current threshold......................: 0.76973
Number of real partitions..............: 23
Partition 1............................: 1 element(s).
Partition 2............................: 1 element(s).
Partition 3............................: 1 element(s).
Partition 4............................: 1 element(s).
Partition 5............................: 1 element(s).
Partition 6............................: 1 element(s).
Partition 7............................: 1 element(s).
Partition 8............................: 1 element(s).
Partition 9............................: 1 element(s).
Partition 10...........................: 2 element(s).
Partition 11...........................: 2 element(s).
Partition 12...........................: 1 element(s).
Partition 13...........................: 2 element(s).
Partition 14...........................: 1 element(s).
Partition 15...........................: 4 element(s).
Partition 16...........................: 1 element(s).
Partition 17...........................: 1 element(s).
Partition 18...........................: 1 element(s).
Partition 19...........................: 1 element(s).
Partition 20...........................: 2 element(s).
Partition 21...........................: 1 element(s).
Partition 22...........................: 2 element(s).
Partition 23...........................: 1 element(s).
Parameter ignored......................: YN98.1_Full.theta_1
Parameter ignored......................: YN98.1_Full.theta1_1
Parameter ignored......................: YN98.1_Full.theta2_1
Parameter ignored......................: YN98.2_Full.theta_1
Parameter ignored......................: YN98.2_Full.theta1_1
Parameter ignored......................: YN98.2_Full.theta2_1
Parameter ignored......................: YN98.3_Full.theta_1
Parameter ignored......................: YN98.3_Full.theta1_1
Parameter ignored......................: YN98.3_Full.theta2_1
******************************************************************

* New NH model - LogL..................: -45270.9
               - df....................: 64
               - LRT p-value...........: 0.528353
               - AIC...................: 90669.9
               - AICc..................: 90675.3
               - BIC...................: 91014.3
Current threshold......................: 0.847776
Number of real partitions..............: 26
Partition 1............................: 1 element(s).
Partition 2............................: 1 element(s).
Partition 3............................: 1 element(s).
Partition 4............................: 1 element(s).
Partition 5............................: 1 element(s).
Partition 6............................: 1 element(s).
Partition 7............................: 1 element(s).
Partition 8............................: 1 element(s).
Partition 9............................: 1 element(s).
Partition 10...........................: 2 element(s).
Partition 11...........................: 2 element(s).
Partition 12...........................: 1 element(s).
Partition 13...........................: 2 element(s).
Partition 14...........................: 1 element(s).
Partition 15...........................: 1 element(s).
Partition 16...........................: 1 element(s).
Partition 17...........................: 1 element(s).
Partition 18...........................: 1 element(s).
Partition 19...........................: 2 element(s).
Partition 20...........................: 1 element(s).
Partition 21...........................: 2 element(s).
Partition 22...........................: 1 element(s).
Partition 23...........................: 1 element(s).
Partition 24...........................: 1 element(s).
Partition 25...........................: 1 element(s).
Partition 26...........................: 1 element(s).
Parameter ignored......................: YN98.1_Full.theta_1
Parameter ignored......................: YN98.1_Full.theta1_1
Parameter ignored......................: YN98.1_Full.theta2_1
Parameter ignored......................: YN98.2_Full.theta_1
Parameter ignored......................: YN98.2_Full.theta1_1
Parameter ignored......................: YN98.2_Full.theta2_1
Parameter ignored......................: YN98.3_Full.theta_1
Parameter ignored......................: YN98.3_Full.theta1_1
Parameter ignored......................: YN98.3_Full.theta2_1
**************************************

* New NH model - LogL..................: -45268.5
               - df....................: 67
               - LRT p-value...........: 0.183481
               - AIC...................: 90671
               - AICc..................: 90677
               - BIC...................: 91031.6
Current threshold......................: 0.865482
Number of real partitions..............: 27
Partition 1............................: 1 element(s).
Partition 2............................: 1 element(s).
Partition 3............................: 1 element(s).
Partition 4............................: 1 element(s).
Partition 5............................: 1 element(s).
Partition 6............................: 1 element(s).
Partition 7............................: 1 element(s).
Partition 8............................: 1 element(s).
Partition 9............................: 1 element(s).
Partition 10...........................: 2 element(s).
Partition 11...........................: 1 element(s).
Partition 12...........................: 2 element(s).
Partition 13...........................: 1 element(s).
Partition 14...........................: 1 element(s).
Partition 15...........................: 1 element(s).
Partition 16...........................: 1 element(s).
Partition 17...........................: 1 element(s).
Partition 18...........................: 2 element(s).
Partition 19...........................: 1 element(s).
Partition 20...........................: 2 element(s).
Partition 21...........................: 1 element(s).
Partition 22...........................: 1 element(s).
Partition 23...........................: 1 element(s).
Partition 24...........................: 1 element(s).
Partition 25...........................: 1 element(s).
Partition 26...........................: 1 element(s).
Partition 27...........................: 1 element(s).
Parameter ignored......................: YN98.1_Full.theta_1
Parameter ignored......................: YN98.1_Full.theta1_1
Parameter ignored......................: YN98.1_Full.theta2_1
Parameter ignored......................: YN98.2_Full.theta_1
Parameter ignored......................: YN98.2_Full.theta1_1
Parameter ignored......................: YN98.2_Full.theta2_1
Parameter ignored......................: YN98.3_Full.theta_1
Parameter ignored......................: YN98.3_Full.theta1_1
Parameter ignored......................: YN98.3_Full.theta2_1
********************

* New NH model - LogL..................: -45268.5
               - df....................: 68
               - LRT p-value...........: 0.810095
               - AIC...................: 90673
               - AICc..................: 90679.1
               - BIC...................: 91038.9
Current threshold......................: 0.875631
Number of real partitions..............: 28
Partition 1............................: 1 element(s).
Partition 2............................: 1 element(s).
Partition 3............................: 1 element(s).
Partition 4............................: 1 element(s).
Partition 5............................: 1 element(s).
Partition 6............................: 1 element(s).
Partition 7............................: 1 element(s).
Partition 8............................: 1 element(s).
Partition 9............................: 1 element(s).
Partition 10...........................: 2 element(s).
Partition 11...........................: 1 element(s).
Partition 12...........................: 1 element(s).
Partition 13...........................: 1 element(s).
Partition 14...........................: 1 element(s).
Partition 15...........................: 1 element(s).
Partition 16...........................: 1 element(s).
Partition 17...........................: 2 element(s).
Partition 18...........................: 1 element(s).
Partition 19...........................: 2 element(s).
Partition 20...........................: 1 element(s).
Partition 21...........................: 1 element(s).
Partition 22...........................: 1 element(s).
Partition 23...........................: 1 element(s).
Partition 24...........................: 1 element(s).
Partition 25...........................: 1 element(s).
Partition 26...........................: 1 element(s).
Partition 27...........................: 1 element(s).
Partition 28...........................: 1 element(s).
Parameter ignored......................: YN98.1_Full.theta_1
Parameter ignored......................: YN98.1_Full.theta1_1
Parameter ignored......................: YN98.1_Full.theta2_1
Parameter ignored......................: YN98.2_Full.theta_1
Parameter ignored......................: YN98.2_Full.theta1_1
Parameter ignored......................: YN98.2_Full.theta2_1
Parameter ignored......................: YN98.3_Full.theta_1
Parameter ignored......................: YN98.3_Full.theta1_1
Parameter ignored......................: YN98.3_Full.theta2_1
*********************************************************************************************************************************************************

* New NH model - LogL..................: -45268.3
               - df....................: 69
               - LRT p-value...........: 0.583756
               - AIC...................: 90674.7
               - AICc..................: 90681
               - BIC...................: 91046
Model description output to file.......: MantellidDataset.model_join_AIC.bpp
Output parameter table to..............: MantellidDataset.ml_nh_join_AIC.parameters.csv
Output partitions record to............: MantellidDataset.partitions_record_join_AIC.txt
Wrote tree to file ....................: MantellidDataset.ml_nh_join_AIC.nhx
Partitions output to file..............: MantellidDataset.partitions_join_AIC.dnd
PartNH's done. Bye.
Total execution time: 0.000000d, 9.000000h, 25.000000m, 50.000000s.
