******************************************************************
*                     PartNH, version 0.1.0                      *
* Authors: J. Dutheil                       Created on  09/12/10 *
*          B. Boussau                       Last Modif. 08/04/11 *
******************************************************************

Parsing options:
Parsing file PartNH.bpp for options.
Input cluster tree.....................: Mantellid.cluster_join.dnd
Input tree file........................: MantellidDataset.nhx
Alphabet type .........................: Codon(DNA)
Sequence format .......................: Fasta
Sequence file .........................: MantellidDataset.faln
Sites to use...........................: all
WARNING!!! Parameter input.sequence.max_gap_allowed not specified. Default used instead: 100%
Remove Stop Codons.....................: yes
Number of sequences....................: 17
Number of sites........................: 1606
Use observed frequencies for model.....: yes
WARNING!!! Parameter YN98.useObservedFreqs.pseudoCount not specified. Default used instead: 0
Parameter found........................: YN98.kappa=2
Parameter found........................: YN98.omega=0.5
Parameter found........................: YN98.freq_Codon.1_Full.theta=0.459638
Parameter found........................: YN98.freq_Codon.1_Full.theta1=0.569686
Parameter found........................: YN98.freq_Codon.1_Full.theta2=0.479348
Parameter found........................: YN98.freq_Codon.2_Full.theta=0.404291
Parameter found........................: YN98.freq_Codon.2_Full.theta1=0.316323
Parameter found........................: YN98.freq_Codon.2_Full.theta2=0.279422
Parameter found........................: YN98.freq_Codon.3_Full.theta=0.35275
Parameter found........................: YN98.freq_Codon.3_Full.theta1=0.539301
Parameter found........................: YN98.freq_Codon.3_Full.theta2=0.125542
Rate distribution......................: Uniform
Number of classes......................: 1
- Category 0 (Pr = 1) rate.............: 1
Initializing data structure............: Done.
Number of distinct sites...............: 1554
Output intermediate models.............: yes
Output log to..........................: MantellidDataset.model_join_BIC.log.txt
Message handler........................: MantellidDataset.join_BIC.message*
Profiler...............................: MantellidDataset.join_BIC.profile*
Parameter ignored......................: YN98.freq_Codon.1_Full.theta
Parameter ignored......................: YN98.freq_Codon.1_Full.theta1
Parameter ignored......................: YN98.freq_Codon.1_Full.theta2
Parameter ignored......................: YN98.freq_Codon.2_Full.theta
Parameter ignored......................: YN98.freq_Codon.2_Full.theta1
Parameter ignored......................: YN98.freq_Codon.2_Full.theta2
Parameter ignored......................: YN98.freq_Codon.3_Full.theta
Parameter ignored......................: YN98.freq_Codon.3_Full.theta1
Parameter ignored......................: YN98.freq_Codon.3_Full.theta2
Max # ML evaluations...................: 1000
Tolerance..............................: 1e-06
Reparametrization......................: no
***************************************

* Homogeneous model - LogL.............: -45437.4
                    - df...............: 42
Stationarity assumed...................: yes
Global parameter.......................: YN98.kappa
Global parameter.......................: YN98.freq*
AIC....................................: 90958.8
BIC....................................: 91184.8
Likelihood comparison method...........: BIC
Stop condition.........................: test 10 nested models after local best
Current threshold......................: 0
Number of real partitions..............: 2
Partition 1............................: 24 element(s).
Partition 2............................: 7 element(s).
Parameter ignored......................: YN98.freq_Codon.1_Full.theta_1
Parameter ignored......................: YN98.freq_Codon.1_Full.theta1_1
Parameter ignored......................: YN98.freq_Codon.1_Full.theta2_1
Parameter ignored......................: YN98.freq_Codon.2_Full.theta_1
Parameter ignored......................: YN98.freq_Codon.2_Full.theta1_1
Parameter ignored......................: YN98.freq_Codon.2_Full.theta2_1
Parameter ignored......................: YN98.freq_Codon.3_Full.theta_1
Parameter ignored......................: YN98.freq_Codon.3_Full.theta1_1
Parameter ignored......................: YN98.freq_Codon.3_Full.theta2_1
********************************************

* New NH model - LogL..................: -45425.8
               - df....................: 43
               - LRT p-value...........: 1.42683e-06
               - AIC...................: 90937.6
               - BIC...................: 91169
Current threshold......................: 0.00043565
Number of real partitions..............: 4
Partition 1............................: 7 element(s).
Partition 2............................: 12 element(s).
Partition 3............................: 5 element(s).
Partition 4............................: 7 element(s).
Parameter ignored......................: YN98.freq_Codon.1_Full.theta_1
Parameter ignored......................: YN98.freq_Codon.1_Full.theta1_1
Parameter ignored......................: YN98.freq_Codon.1_Full.theta2_1
Parameter ignored......................: YN98.freq_Codon.2_Full.theta_1
Parameter ignored......................: YN98.freq_Codon.2_Full.theta1_1
Parameter ignored......................: YN98.freq_Codon.2_Full.theta2_1
Parameter ignored......................: YN98.freq_Codon.3_Full.theta_1
Parameter ignored......................: YN98.freq_Codon.3_Full.theta1_1
Parameter ignored......................: YN98.freq_Codon.3_Full.theta2_1
******************************

* New NH model - LogL..................: -45392.9
               - df....................: 45
               - LRT p-value...........: 5.21805e-15
               - AIC...................: 90875.8
               - BIC...................: 91117.9
Current threshold......................: 0.0005796
Number of real partitions..............: 5
Partition 1............................: 7 element(s).
Partition 2............................: 5 element(s).
Partition 3............................: 7 element(s).
Partition 4............................: 11 element(s).
Partition 5............................: 1 element(s).
Parameter ignored......................: YN98.freq_Codon.1_Full.theta_1
Parameter ignored......................: YN98.freq_Codon.1_Full.theta1_1
Parameter ignored......................: YN98.freq_Codon.1_Full.theta2_1
Parameter ignored......................: YN98.freq_Codon.2_Full.theta_1
Parameter ignored......................: YN98.freq_Codon.2_Full.theta1_1
Parameter ignored......................: YN98.freq_Codon.2_Full.theta2_1
Parameter ignored......................: YN98.freq_Codon.3_Full.theta_1
Parameter ignored......................: YN98.freq_Codon.3_Full.theta1_1
Parameter ignored......................: YN98.freq_Codon.3_Full.theta2_1
**********************

* New NH model - LogL..................: -45388.1
               - df....................: 46
               - LRT p-value...........: 0.00193544
               - AIC...................: 90868.2
               - BIC...................: 91115.7
Current threshold......................: 0.0099014
Number of real partitions..............: 7
Partition 1............................: 5 element(s).
Partition 2............................: 7 element(s).
Partition 3............................: 11 element(s).
Partition 4............................: 1 element(s).
Partition 5............................: 5 element(s).
Partition 6............................: 1 element(s).
Partition 7............................: 1 element(s).
Parameter ignored......................: YN98.freq_Codon.1_Full.theta_1
Parameter ignored......................: YN98.freq_Codon.1_Full.theta1_1
Parameter ignored......................: YN98.freq_Codon.1_Full.theta2_1
Parameter ignored......................: YN98.freq_Codon.2_Full.theta_1
Parameter ignored......................: YN98.freq_Codon.2_Full.theta1_1
Parameter ignored......................: YN98.freq_Codon.2_Full.theta2_1
Parameter ignored......................: YN98.freq_Codon.3_Full.theta_1
Parameter ignored......................: YN98.freq_Codon.3_Full.theta1_1
Parameter ignored......................: YN98.freq_Codon.3_Full.theta2_1
**************************************************************

* New NH model - LogL..................: -45381
               - df....................: 48
               - LRT p-value...........: 0.000834291
               - AIC...................: 90858
               - BIC...................: 91116.3
Current threshold......................: 0.133164
Number of real partitions..............: 9
Partition 1............................: 5 element(s).
Partition 2............................: 7 element(s).
Partition 3............................: 11 element(s).
Partition 4............................: 1 element(s).
Partition 5............................: 1 element(s).
Partition 6............................: 1 element(s).
Partition 7............................: 1 element(s).
Partition 8............................: 3 element(s).
Partition 9............................: 1 element(s).
Parameter ignored......................: YN98.freq_Codon.1_Full.theta_1
Parameter ignored......................: YN98.freq_Codon.1_Full.theta1_1
Parameter ignored......................: YN98.freq_Codon.1_Full.theta2_1
Parameter ignored......................: YN98.freq_Codon.2_Full.theta_1
Parameter ignored......................: YN98.freq_Codon.2_Full.theta1_1
Parameter ignored......................: YN98.freq_Codon.2_Full.theta2_1
Parameter ignored......................: YN98.freq_Codon.3_Full.theta_1
Parameter ignored......................: YN98.freq_Codon.3_Full.theta1_1
Parameter ignored......................: YN98.freq_Codon.3_Full.theta2_1
*****************************************************************************

* New NH model - LogL..................: -45376.9
               - df....................: 50
               - LRT p-value...........: 0.0161534
               - AIC...................: 90853.7
               - BIC...................: 91122.8
Current threshold......................: 0.182436
Number of real partitions..............: 12
Partition 1............................: 5 element(s).
Partition 2............................: 7 element(s).
Partition 3............................: 1 element(s).
Partition 4............................: 1 element(s).
Partition 5............................: 1 element(s).
Partition 6............................: 1 element(s).
Partition 7............................: 3 element(s).
Partition 8............................: 1 element(s).
Partition 9............................: 1 element(s).
Partition 10...........................: 1 element(s).
Partition 11...........................: 6 element(s).
Partition 12...........................: 3 element(s).
Parameter ignored......................: YN98.freq_Codon.1_Full.theta_1
Parameter ignored......................: YN98.freq_Codon.1_Full.theta1_1
Parameter ignored......................: YN98.freq_Codon.1_Full.theta2_1
Parameter ignored......................: YN98.freq_Codon.2_Full.theta_1
Parameter ignored......................: YN98.freq_Codon.2_Full.theta1_1
Parameter ignored......................: YN98.freq_Codon.2_Full.theta2_1
Parameter ignored......................: YN98.freq_Codon.3_Full.theta_1
Parameter ignored......................: YN98.freq_Codon.3_Full.theta1_1
Parameter ignored......................: YN98.freq_Codon.3_Full.theta2_1
*************************************

* New NH model - LogL..................: -45370.9
               - df....................: 53
               - LRT p-value...........: 0.00725564
               - AIC...................: 90847.7
               - BIC...................: 91132.9
Current threshold......................: 0.421002
Number of real partitions..............: 13
Partition 1............................: 5 element(s).
Partition 2............................: 7 element(s).
Partition 3............................: 1 element(s).
Partition 4............................: 1 element(s).
Partition 5............................: 1 element(s).
Partition 6............................: 1 element(s).
Partition 7............................: 3 element(s).
Partition 8............................: 1 element(s).
Partition 9............................: 1 element(s).
Partition 10...........................: 1 element(s).
Partition 11...........................: 6 element(s).
Partition 12...........................: 1 element(s).
Partition 13...........................: 2 element(s).
Parameter ignored......................: YN98.freq_Codon.1_Full.theta_1
Parameter ignored......................: YN98.freq_Codon.1_Full.theta1_1
Parameter ignored......................: YN98.freq_Codon.1_Full.theta2_1
Parameter ignored......................: YN98.freq_Codon.2_Full.theta_1
Parameter ignored......................: YN98.freq_Codon.2_Full.theta1_1
Parameter ignored......................: YN98.freq_Codon.2_Full.theta2_1
Parameter ignored......................: YN98.freq_Codon.3_Full.theta_1
Parameter ignored......................: YN98.freq_Codon.3_Full.theta1_1
Parameter ignored......................: YN98.freq_Codon.3_Full.theta2_1
***************************

* New NH model - LogL..................: -45369.9
               - df....................: 54
               - LRT p-value...........: 0.163218
               - AIC...................: 90847.8
               - BIC...................: 91138.4
Current threshold......................: 0.43695
Number of real partitions..............: 15
Partition 1............................: 7 element(s).
Partition 2............................: 1 element(s).
Partition 3............................: 1 element(s).
Partition 4............................: 1 element(s).
Partition 5............................: 1 element(s).
Partition 6............................: 3 element(s).
Partition 7............................: 1 element(s).
Partition 8............................: 1 element(s).
Partition 9............................: 1 element(s).
Partition 10...........................: 6 element(s).
Partition 11...........................: 1 element(s).
Partition 12...........................: 2 element(s).
Partition 13...........................: 1 element(s).
Partition 14...........................: 1 element(s).
Partition 15...........................: 3 element(s).
Parameter ignored......................: YN98.freq_Codon.1_Full.theta_1
Parameter ignored......................: YN98.freq_Codon.1_Full.theta1_1
Parameter ignored......................: YN98.freq_Codon.1_Full.theta2_1
Parameter ignored......................: YN98.freq_Codon.2_Full.theta_1
Parameter ignored......................: YN98.freq_Codon.2_Full.theta1_1
Parameter ignored......................: YN98.freq_Codon.2_Full.theta2_1
Parameter ignored......................: YN98.freq_Codon.3_Full.theta_1
Parameter ignored......................: YN98.freq_Codon.3_Full.theta1_1
Parameter ignored......................: YN98.freq_Codon.3_Full.theta2_1
**************************

* New NH model - LogL..................: -45369.2
               - df....................: 56
               - LRT p-value...........: 0.526695
               - AIC...................: 90850.5
               - BIC...................: 91151.8
Current threshold......................: 0.499132
Number of real partitions..............: 16
Partition 1............................: 7 element(s).
Partition 2............................: 1 element(s).
Partition 3............................: 1 element(s).
Partition 4............................: 1 element(s).
Partition 5............................: 1 element(s).
Partition 6............................: 1 element(s).
Partition 7............................: 1 element(s).
Partition 8............................: 1 element(s).
Partition 9............................: 6 element(s).
Partition 10...........................: 1 element(s).
Partition 11...........................: 2 element(s).
Partition 12...........................: 1 element(s).
Partition 13...........................: 1 element(s).
Partition 14...........................: 3 element(s).
Partition 15...........................: 2 element(s).
Partition 16...........................: 1 element(s).
Parameter ignored......................: YN98.freq_Codon.1_Full.theta_1
Parameter ignored......................: YN98.freq_Codon.1_Full.theta1_1
Parameter ignored......................: YN98.freq_Codon.1_Full.theta2_1
Parameter ignored......................: YN98.freq_Codon.2_Full.theta_1
Parameter ignored......................: YN98.freq_Codon.2_Full.theta1_1
Parameter ignored......................: YN98.freq_Codon.2_Full.theta2_1
Parameter ignored......................: YN98.freq_Codon.3_Full.theta_1
Parameter ignored......................: YN98.freq_Codon.3_Full.theta1_1
Parameter ignored......................: YN98.freq_Codon.3_Full.theta2_1
*****************************************************************

* New NH model - LogL..................: -45369.1
               - df....................: 57
               - LRT p-value...........: 0.626611
               - AIC...................: 90852.2
               - BIC...................: 91159
Current threshold......................: 0.535892
Number of real partitions..............: 17
Partition 1............................: 7 element(s).
Partition 2............................: 1 element(s).
Partition 3............................: 1 element(s).
Partition 4............................: 1 element(s).
Partition 5............................: 1 element(s).
Partition 6............................: 1 element(s).
Partition 7............................: 1 element(s).
Partition 8............................: 1 element(s).
Partition 9............................: 1 element(s).
Partition 10...........................: 2 element(s).
Partition 11...........................: 1 element(s).
Partition 12...........................: 1 element(s).
Partition 13...........................: 3 element(s).
Partition 14...........................: 2 element(s).
Partition 15...........................: 1 element(s).
Partition 16...........................: 1 element(s).
Partition 17...........................: 5 element(s).
Parameter ignored......................: YN98.freq_Codon.1_Full.theta_1
Parameter ignored......................: YN98.freq_Codon.1_Full.theta1_1
Parameter ignored......................: YN98.freq_Codon.1_Full.theta2_1
Parameter ignored......................: YN98.freq_Codon.2_Full.theta_1
Parameter ignored......................: YN98.freq_Codon.2_Full.theta1_1
Parameter ignored......................: YN98.freq_Codon.2_Full.theta2_1
Parameter ignored......................: YN98.freq_Codon.3_Full.theta_1
Parameter ignored......................: YN98.freq_Codon.3_Full.theta1_1
Parameter ignored......................: YN98.freq_Codon.3_Full.theta2_1
**********************************************

* New NH model - LogL..................: -45366.8
               - df....................: 58
               - LRT p-value...........: 0.0297805
               - AIC...................: 90849.5
               - BIC...................: 91161.6
Current threshold......................: 0.535893
Number of real partitions..............: 18
Partition 1............................: 7 element(s).
Partition 2............................: 1 element(s).
Partition 3............................: 1 element(s).
Partition 4............................: 1 element(s).
Partition 5............................: 1 element(s).
Partition 6............................: 1 element(s).
Partition 7............................: 1 element(s).
Partition 8............................: 1 element(s).
Partition 9............................: 1 element(s).
Partition 10...........................: 2 element(s).
Partition 11...........................: 1 element(s).
Partition 12...........................: 1 element(s).
Partition 13...........................: 3 element(s).
Partition 14...........................: 2 element(s).
Partition 15...........................: 1 element(s).
Partition 16...........................: 1 element(s).
Partition 17...........................: 3 element(s).
Partition 18...........................: 2 element(s).
Parameter ignored......................: YN98.freq_Codon.1_Full.theta_1
Parameter ignored......................: YN98.freq_Codon.1_Full.theta1_1
Parameter ignored......................: YN98.freq_Codon.1_Full.theta2_1
Parameter ignored......................: YN98.freq_Codon.2_Full.theta_1
Parameter ignored......................: YN98.freq_Codon.2_Full.theta1_1
Parameter ignored......................: YN98.freq_Codon.2_Full.theta2_1
Parameter ignored......................: YN98.freq_Codon.3_Full.theta_1
Parameter ignored......................: YN98.freq_Codon.3_Full.theta1_1
Parameter ignored......................: YN98.freq_Codon.3_Full.theta2_1
*************************************

* New NH model - LogL..................: -45366.5
               - df....................: 59
               - LRT p-value...........: 0.448571
               - AIC...................: 90850.9
               - BIC...................: 91168.4
Current threshold......................: 0.55597
Number of real partitions..............: 20
Partition 1............................: 1 element(s).
Partition 2............................: 1 element(s).
Partition 3............................: 1 element(s).
Partition 4............................: 1 element(s).
Partition 5............................: 1 element(s).
Partition 6............................: 1 element(s).
Partition 7............................: 1 element(s).
Partition 8............................: 1 element(s).
Partition 9............................: 2 element(s).
Partition 10...........................: 1 element(s).
Partition 11...........................: 1 element(s).
Partition 12...........................: 3 element(s).
Partition 13...........................: 2 element(s).
Partition 14...........................: 1 element(s).
Partition 15...........................: 1 element(s).
Partition 16...........................: 3 element(s).
Partition 17...........................: 2 element(s).
Partition 18...........................: 1 element(s).
Partition 19...........................: 4 element(s).
Partition 20...........................: 2 element(s).
Parameter ignored......................: YN98.freq_Codon.1_Full.theta_1
Parameter ignored......................: YN98.freq_Codon.1_Full.theta1_1
Parameter ignored......................: YN98.freq_Codon.1_Full.theta2_1
Parameter ignored......................: YN98.freq_Codon.2_Full.theta_1
Parameter ignored......................: YN98.freq_Codon.2_Full.theta1_1
Parameter ignored......................: YN98.freq_Codon.2_Full.theta2_1
Parameter ignored......................: YN98.freq_Codon.3_Full.theta_1
Parameter ignored......................: YN98.freq_Codon.3_Full.theta1_1
Parameter ignored......................: YN98.freq_Codon.3_Full.theta2_1
*************************************************

* New NH model - LogL..................: -45362.7
               - df....................: 61
               - LRT p-value...........: 0.0238584
               - AIC...................: 90847.5
               - BIC...................: 91175.7
Current threshold......................: 0.607596
Number of real partitions..............: 21
Partition 1............................: 1 element(s).
Partition 2............................: 1 element(s).
Partition 3............................: 1 element(s).
Partition 4............................: 1 element(s).
Partition 5............................: 1 element(s).
Partition 6............................: 1 element(s).
Partition 7............................: 1 element(s).
Partition 8............................: 1 element(s).
Partition 9............................: 1 element(s).
Partition 10...........................: 1 element(s).
Partition 11...........................: 3 element(s).
Partition 12...........................: 2 element(s).
Partition 13...........................: 1 element(s).
Partition 14...........................: 1 element(s).
Partition 15...........................: 3 element(s).
Partition 16...........................: 2 element(s).
Partition 17...........................: 1 element(s).
Partition 18...........................: 4 element(s).
Partition 19...........................: 2 element(s).
Partition 20...........................: 1 element(s).
Partition 21...........................: 1 element(s).
Parameter ignored......................: YN98.freq_Codon.1_Full.theta_1
Parameter ignored......................: YN98.freq_Codon.1_Full.theta1_1
Parameter ignored......................: YN98.freq_Codon.1_Full.theta2_1
Parameter ignored......................: YN98.freq_Codon.2_Full.theta_1
Parameter ignored......................: YN98.freq_Codon.2_Full.theta1_1
Parameter ignored......................: YN98.freq_Codon.2_Full.theta2_1
Parameter ignored......................: YN98.freq_Codon.3_Full.theta_1
Parameter ignored......................: YN98.freq_Codon.3_Full.theta1_1
Parameter ignored......................: YN98.freq_Codon.3_Full.theta2_1
******************************

* New NH model - LogL..................: -45362.7
               - df....................: 62
               - LRT p-value...........: 0.804989
               - AIC...................: 90849.4
               - BIC...................: 91183.1
Model description output to file.......: MantellidDataset.model_join_BIC.bpp
Output parameter table to..............: MantellidDataset.ml_nh_join_BIC.parameters.csv
Output partitions record to............: MantellidDataset.partitions_record_join_BIC.txt
Wrote tree to file ....................: MantellidDataset.ml_nh_join_BIC.nhx
Partitions output to file..............: MantellidDataset.partitions_join_BIC.dnd
PartNH's done. Bye.
Total execution time: 0.000000d, 6.000000h, 15.000000m, 39.000000s.
