******************************************************************
*                     PartNH, version 1.3.0                      *
* Authors: J. Dutheil                       Created on  09/12/10 *
*          B. Boussau                       Last Modif. 24/11/14 *
******************************************************************

Parsing options:
Parsing file PartNH.bpp for options.
Input cluster tree.....................: MantellidDataset.cluster_free_post.dnd
Input tree file........................: MantellidDataset.nhx
Alphabet type .........................: Codon(letter=DNA)
Genetic Code...........................: VertebrateMitochondrial
Sequence file .........................: MantellidDataset.faln
Sequence format .......................: FASTA file
Sites to use...........................: all
Remove Stop Codons.....................: yes
Number of sites........................: 1606
Number of sequences....................: 17
Number of sites........................: 1606
Substitution model.....................: YN98
External model frequencies init........: observed
Parameter found........................: YN98.kappa=2
Parameter found........................: YN98.omega=0.5
Parameter found........................: YN98.1_Full.theta=0.459638
Parameter found........................: YN98.1_Full.theta1=0.569686
Parameter found........................: YN98.1_Full.theta2=0.479348
Parameter found........................: YN98.2_Full.theta=0.404291
Parameter found........................: YN98.2_Full.theta1=0.316323
Parameter found........................: YN98.2_Full.theta2=0.279422
Parameter found........................: YN98.3_Full.theta=0.35275
Parameter found........................: YN98.3_Full.theta1=0.539301
Parameter found........................: YN98.3_Full.theta2=0.125542
Distribution...........................: Constant
Number of classes......................: 1
- Category 0 (Pr = 1) rate.............: 1
Rate distribution......................: Constant
Number of classes......................: 1
Initializing data structure............: Done.
Number of distinct sites...............: 1554
Log-Likelihood.........................: -51864.5
Output intermediate models.............: yes
Output log to..........................: MantellidDataset.model_free_BIC_post.log.txt
Message handler........................: MantellidDataset.free_BIC_post.message*
Profiler...............................: MantellidDataset.free_BIC_post.profile*
Parameter ignored......................: YN98.1_Full.theta
Parameter ignored......................: YN98.1_Full.theta1
Parameter ignored......................: YN98.1_Full.theta2
Parameter ignored......................: YN98.2_Full.theta
Parameter ignored......................: YN98.2_Full.theta1
Parameter ignored......................: YN98.2_Full.theta2
Parameter ignored......................: YN98.3_Full.theta
Parameter ignored......................: YN98.3_Full.theta1
Parameter ignored......................: YN98.3_Full.theta2
Max # ML evaluations...................: 1000
Tolerance..............................: 1e-06
Reparametrization......................: no
WARNING!!! Parameter optimization.clock not specified. Default used instead: None
Molecular clock........................: None
************************************

* Homogeneous model - LogL.............: -45347.8
                    - df...............: 42
Stationarity assumed...................: yes
Global parameter.......................: YN98.kappa
Global parameter.......................: YN98.*Full.theta*
AIC....................................: 90779.5
AICc...................................: 90781.8
BIC....................................: 91005.6
Likelihood comparison method...........: BIC
Stop condition.........................: test 3 nested models after local best
Current threshold......................: 0
Number of real partitions..............: 2
Partition 1............................: 17 element(s).
Partition 2............................: 14 element(s).
Parameter ignored......................: YN98.1_Full.theta_1
Parameter ignored......................: YN98.1_Full.theta1_1
Parameter ignored......................: YN98.1_Full.theta2_1
Parameter ignored......................: YN98.2_Full.theta_1
Parameter ignored......................: YN98.2_Full.theta1_1
Parameter ignored......................: YN98.2_Full.theta2_1
Parameter ignored......................: YN98.3_Full.theta_1
Parameter ignored......................: YN98.3_Full.theta1_1
Parameter ignored......................: YN98.3_Full.theta2_1
********************************

* New NH model - LogL..................: -45293.1
               - df....................: 43
               - LRT p-value...........: 0
               - AIC...................: 90672.2
               - AICc..................: 90674.6
               - BIC...................: 90903.6
Current threshold......................: 0.0006812
Number of real partitions..............: 3
Partition 1............................: 14 element(s).
Partition 2............................: 8 element(s).
Partition 3............................: 9 element(s).
Parameter ignored......................: YN98.1_Full.theta_1
Parameter ignored......................: YN98.1_Full.theta1_1
Parameter ignored......................: YN98.1_Full.theta2_1
Parameter ignored......................: YN98.2_Full.theta_1
Parameter ignored......................: YN98.2_Full.theta1_1
Parameter ignored......................: YN98.2_Full.theta2_1
Parameter ignored......................: YN98.3_Full.theta_1
Parameter ignored......................: YN98.3_Full.theta1_1
Parameter ignored......................: YN98.3_Full.theta2_1
*****************************

* New NH model - LogL..................: -45281.7
               - df....................: 44
               - LRT p-value...........: 1.7403e-06
               - AIC...................: 90651.3
               - AICc..................: 90653.9
               - BIC...................: 90888.1
Current threshold......................: 0.0888533
Number of real partitions..............: 4
Partition 1............................: 8 element(s).
Partition 2............................: 9 element(s).
Partition 3............................: 6 element(s).
Partition 4............................: 8 element(s).
Parameter ignored......................: YN98.1_Full.theta_1
Parameter ignored......................: YN98.1_Full.theta1_1
Parameter ignored......................: YN98.1_Full.theta2_1
Parameter ignored......................: YN98.2_Full.theta_1
Parameter ignored......................: YN98.2_Full.theta1_1
Parameter ignored......................: YN98.2_Full.theta2_1
Parameter ignored......................: YN98.3_Full.theta_1
Parameter ignored......................: YN98.3_Full.theta1_1
Parameter ignored......................: YN98.3_Full.theta2_1
*******************************

* New NH model - LogL..................: -45280.1
               - df....................: 45
               - LRT p-value...........: 0.074179
               - AIC...................: 90650.1
               - AICc..................: 90652.8
               - BIC...................: 90892.3
Current threshold......................: 0.205592
Number of real partitions..............: 5
Partition 1............................: 8 element(s).
Partition 2............................: 6 element(s).
Partition 3............................: 8 element(s).
Partition 4............................: 6 element(s).
Partition 5............................: 3 element(s).
Parameter ignored......................: YN98.1_Full.theta_1
Parameter ignored......................: YN98.1_Full.theta1_1
Parameter ignored......................: YN98.1_Full.theta2_1
Parameter ignored......................: YN98.2_Full.theta_1
Parameter ignored......................: YN98.2_Full.theta1_1
Parameter ignored......................: YN98.2_Full.theta2_1
Parameter ignored......................: YN98.3_Full.theta_1
Parameter ignored......................: YN98.3_Full.theta1_1
Parameter ignored......................: YN98.3_Full.theta2_1
******************************

* New NH model - LogL..................: -45279.6
               - df....................: 46
               - LRT p-value...........: 0.352981
               - AIC...................: 90651.3
               - AICc..................: 90654
               - BIC...................: 90898.8
Current threshold......................: 0.233595
Number of real partitions..............: 6
Partition 1............................: 6 element(s).
Partition 2............................: 8 element(s).
Partition 3............................: 6 element(s).
Partition 4............................: 3 element(s).
Partition 5............................: 4 element(s).
Partition 6............................: 4 element(s).
Parameter ignored......................: YN98.1_Full.theta_1
Parameter ignored......................: YN98.1_Full.theta1_1
Parameter ignored......................: YN98.1_Full.theta2_1
Parameter ignored......................: YN98.2_Full.theta_1
Parameter ignored......................: YN98.2_Full.theta1_1
Parameter ignored......................: YN98.2_Full.theta2_1
Parameter ignored......................: YN98.3_Full.theta_1
Parameter ignored......................: YN98.3_Full.theta1_1
Parameter ignored......................: YN98.3_Full.theta2_1
**********************************************

* New NH model - LogL..................: -45278
               - df....................: 47
               - LRT p-value...........: 0.0699994
               - AIC...................: 90650
               - AICc..................: 90652.9
               - BIC...................: 90902.9
Model description output to file.......: MantellidDataset.model_free_BIC_post.bpp
Output parameter table to..............: MantellidDataset.ml_nh_free_BIC_post.parameters.csv
Output partitions record to............: MantellidDataset.partitions_record_free_BIC_post.txt
Wrote tree to file ....................: MantellidDataset.ml_nh_free_BIC_post.nhx
Partitions output to file..............: MantellidDataset.partitions_free_BIC_post.dnd
PartNH's done. Bye.
Total execution time: 0.000000d, 4.000000h, 18.000000m, 34.000000s.
