******************************************************************
*                     PartNH, version 0.1.0                      *
* Authors: J. Dutheil                       Created on  09/12/10 *
*          B. Boussau                       Last Modif. 08/04/11 *
******************************************************************

Parsing options:
Parsing file PartNH.bpp for options.
Input cluster tree.....................: Mantellid.cluster_free.dnd
Input tree file........................: MantellidDataset.nhx
Alphabet type .........................: Codon(DNA)
Sequence format .......................: Fasta
Sequence file .........................: MantellidDataset.faln
Sites to use...........................: all
WARNING!!! Parameter input.sequence.max_gap_allowed not specified. Default used instead: 100%
Remove Stop Codons.....................: yes
Number of sequences....................: 17
Number of sites........................: 1606
Use observed frequencies for model.....: yes
WARNING!!! Parameter YN98.useObservedFreqs.pseudoCount not specified. Default used instead: 0
Parameter found........................: YN98.kappa=2
Parameter found........................: YN98.omega=0.5
Parameter found........................: YN98.freq_Codon.1_Full.theta=0.459638
Parameter found........................: YN98.freq_Codon.1_Full.theta1=0.569686
Parameter found........................: YN98.freq_Codon.1_Full.theta2=0.479348
Parameter found........................: YN98.freq_Codon.2_Full.theta=0.404291
Parameter found........................: YN98.freq_Codon.2_Full.theta1=0.316323
Parameter found........................: YN98.freq_Codon.2_Full.theta2=0.279422
Parameter found........................: YN98.freq_Codon.3_Full.theta=0.35275
Parameter found........................: YN98.freq_Codon.3_Full.theta1=0.539301
Parameter found........................: YN98.freq_Codon.3_Full.theta2=0.125542
Rate distribution......................: Uniform
Number of classes......................: 1
- Category 0 (Pr = 1) rate.............: 1
Initializing data structure............: Done.
Number of distinct sites...............: 1554
Output intermediate models.............: yes
Output log to..........................: MantellidDataset.model_free_AIC.log.txt
Message handler........................: MantellidDataset.free_AIC.message*
Profiler...............................: MantellidDataset.free_AIC.profile*
Parameter ignored......................: YN98.freq_Codon.1_Full.theta
Parameter ignored......................: YN98.freq_Codon.1_Full.theta1
Parameter ignored......................: YN98.freq_Codon.1_Full.theta2
Parameter ignored......................: YN98.freq_Codon.2_Full.theta
Parameter ignored......................: YN98.freq_Codon.2_Full.theta1
Parameter ignored......................: YN98.freq_Codon.2_Full.theta2
Parameter ignored......................: YN98.freq_Codon.3_Full.theta
Parameter ignored......................: YN98.freq_Codon.3_Full.theta1
Parameter ignored......................: YN98.freq_Codon.3_Full.theta2
Max # ML evaluations...................: 1000
Tolerance..............................: 1e-06
Reparametrization......................: no
***************************************

* Homogeneous model - LogL.............: -45437.4
                    - df...............: 42
Stationarity assumed...................: yes
Global parameter.......................: YN98.kappa
Global parameter.......................: YN98.freq*
AIC....................................: 90958.8
BIC....................................: 91184.8
Likelihood comparison method...........: AIC
Stop condition.........................: test 10 nested models after local best
Current threshold......................: 0
Number of real partitions..............: 2
Partition 1............................: 12 element(s).
Partition 2............................: 19 element(s).
Parameter ignored......................: YN98.freq_Codon.1_Full.theta_1
Parameter ignored......................: YN98.freq_Codon.1_Full.theta1_1
Parameter ignored......................: YN98.freq_Codon.1_Full.theta2_1
Parameter ignored......................: YN98.freq_Codon.2_Full.theta_1
Parameter ignored......................: YN98.freq_Codon.2_Full.theta1_1
Parameter ignored......................: YN98.freq_Codon.2_Full.theta2_1
Parameter ignored......................: YN98.freq_Codon.3_Full.theta_1
Parameter ignored......................: YN98.freq_Codon.3_Full.theta1_1
Parameter ignored......................: YN98.freq_Codon.3_Full.theta2_1
*****************************

* New NH model - LogL..................: -45388.4
               - df....................: 43
               - LRT p-value...........: 0
               - AIC...................: 90862.9
               - BIC...................: 91094.3
Current threshold......................: 8.22e-05
Number of real partitions..............: 3
Partition 1............................: 12 element(s).
Partition 2............................: 17 element(s).
Partition 3............................: 2 element(s).
Parameter ignored......................: YN98.freq_Codon.1_Full.theta_1
Parameter ignored......................: YN98.freq_Codon.1_Full.theta1_1
Parameter ignored......................: YN98.freq_Codon.1_Full.theta2_1
Parameter ignored......................: YN98.freq_Codon.2_Full.theta_1
Parameter ignored......................: YN98.freq_Codon.2_Full.theta1_1
Parameter ignored......................: YN98.freq_Codon.2_Full.theta2_1
Parameter ignored......................: YN98.freq_Codon.3_Full.theta_1
Parameter ignored......................: YN98.freq_Codon.3_Full.theta1_1
Parameter ignored......................: YN98.freq_Codon.3_Full.theta2_1
**********************************************

* New NH model - LogL..................: -45388.3
               - df....................: 44
               - LRT p-value...........: 0.550861
               - AIC...................: 90864.5
               - BIC...................: 91101.3
Current threshold......................: 0.025283
Number of real partitions..............: 4
Partition 1............................: 17 element(s).
Partition 2............................: 2 element(s).
Partition 3............................: 8 element(s).
Partition 4............................: 4 element(s).
Parameter ignored......................: YN98.freq_Codon.1_Full.theta_1
Parameter ignored......................: YN98.freq_Codon.1_Full.theta1_1
Parameter ignored......................: YN98.freq_Codon.1_Full.theta2_1
Parameter ignored......................: YN98.freq_Codon.2_Full.theta_1
Parameter ignored......................: YN98.freq_Codon.2_Full.theta1_1
Parameter ignored......................: YN98.freq_Codon.2_Full.theta2_1
Parameter ignored......................: YN98.freq_Codon.3_Full.theta_1
Parameter ignored......................: YN98.freq_Codon.3_Full.theta1_1
Parameter ignored......................: YN98.freq_Codon.3_Full.theta2_1
******************************

* New NH model - LogL..................: -45381.5
               - df....................: 45
               - LRT p-value...........: 0.000239045
               - AIC...................: 90853
               - BIC...................: 91095.2
Current threshold......................: 0.102182
Number of real partitions..............: 5
Partition 1............................: 2 element(s).
Partition 2............................: 8 element(s).
Partition 3............................: 4 element(s).
Partition 4............................: 11 element(s).
Partition 5............................: 6 element(s).
Parameter ignored......................: YN98.freq_Codon.1_Full.theta_1
Parameter ignored......................: YN98.freq_Codon.1_Full.theta1_1
Parameter ignored......................: YN98.freq_Codon.1_Full.theta2_1
Parameter ignored......................: YN98.freq_Codon.2_Full.theta_1
Parameter ignored......................: YN98.freq_Codon.2_Full.theta1_1
Parameter ignored......................: YN98.freq_Codon.2_Full.theta2_1
Parameter ignored......................: YN98.freq_Codon.3_Full.theta_1
Parameter ignored......................: YN98.freq_Codon.3_Full.theta1_1
Parameter ignored......................: YN98.freq_Codon.3_Full.theta2_1
***************************

* New NH model - LogL..................: -45381.1
               - df....................: 46
               - LRT p-value...........: 0.374541
               - AIC...................: 90854.2
               - BIC...................: 91101.8
Current threshold......................: 0.293339
Number of real partitions..............: 6
Partition 1............................: 2 element(s).
Partition 2............................: 4 element(s).
Partition 3............................: 11 element(s).
Partition 4............................: 6 element(s).
Partition 5............................: 5 element(s).
Partition 6............................: 3 element(s).
Parameter ignored......................: YN98.freq_Codon.1_Full.theta_1
Parameter ignored......................: YN98.freq_Codon.1_Full.theta1_1
Parameter ignored......................: YN98.freq_Codon.1_Full.theta2_1
Parameter ignored......................: YN98.freq_Codon.2_Full.theta_1
Parameter ignored......................: YN98.freq_Codon.2_Full.theta1_1
Parameter ignored......................: YN98.freq_Codon.2_Full.theta2_1
Parameter ignored......................: YN98.freq_Codon.3_Full.theta_1
Parameter ignored......................: YN98.freq_Codon.3_Full.theta1_1
Parameter ignored......................: YN98.freq_Codon.3_Full.theta2_1
********************************************************

* New NH model - LogL..................: -45380
               - df....................: 47
               - LRT p-value...........: 0.126395
               - AIC...................: 90853.9
               - BIC...................: 91106.8
Current threshold......................: 0.445083
Number of real partitions..............: 7
Partition 1............................: 2 element(s).
Partition 2............................: 4 element(s).
Partition 3............................: 6 element(s).
Partition 4............................: 5 element(s).
Partition 5............................: 3 element(s).
Partition 6............................: 7 element(s).
Partition 7............................: 4 element(s).
Parameter ignored......................: YN98.freq_Codon.1_Full.theta_1
Parameter ignored......................: YN98.freq_Codon.1_Full.theta1_1
Parameter ignored......................: YN98.freq_Codon.1_Full.theta2_1
Parameter ignored......................: YN98.freq_Codon.2_Full.theta_1
Parameter ignored......................: YN98.freq_Codon.2_Full.theta1_1
Parameter ignored......................: YN98.freq_Codon.2_Full.theta2_1
Parameter ignored......................: YN98.freq_Codon.3_Full.theta_1
Parameter ignored......................: YN98.freq_Codon.3_Full.theta1_1
Parameter ignored......................: YN98.freq_Codon.3_Full.theta2_1
****************************************************

* New NH model - LogL..................: -45374.9
               - df....................: 48
               - LRT p-value...........: 0.0014274
               - AIC...................: 90845.7
               - BIC...................: 91104
Current threshold......................: 0.48341
Number of real partitions..............: 8
Partition 1............................: 2 element(s).
Partition 2............................: 4 element(s).
Partition 3............................: 6 element(s).
Partition 4............................: 3 element(s).
Partition 5............................: 7 element(s).
Partition 6............................: 4 element(s).
Partition 7............................: 4 element(s).
Partition 8............................: 1 element(s).
Parameter ignored......................: YN98.freq_Codon.1_Full.theta_1
Parameter ignored......................: YN98.freq_Codon.1_Full.theta1_1
Parameter ignored......................: YN98.freq_Codon.1_Full.theta2_1
Parameter ignored......................: YN98.freq_Codon.2_Full.theta_1
Parameter ignored......................: YN98.freq_Codon.2_Full.theta1_1
Parameter ignored......................: YN98.freq_Codon.2_Full.theta2_1
Parameter ignored......................: YN98.freq_Codon.3_Full.theta_1
Parameter ignored......................: YN98.freq_Codon.3_Full.theta1_1
Parameter ignored......................: YN98.freq_Codon.3_Full.theta2_1
*********************************

* New NH model - LogL..................: -45374.9
               - df....................: 49
               - LRT p-value...........: 0.895854
               - AIC...................: 90847.7
               - BIC...................: 91111.4
Current threshold......................: 0.650594
Number of real partitions..............: 9
Partition 1............................: 4 element(s).
Partition 2............................: 6 element(s).
Partition 3............................: 3 element(s).
Partition 4............................: 7 element(s).
Partition 5............................: 4 element(s).
Partition 6............................: 4 element(s).
Partition 7............................: 1 element(s).
Partition 8............................: 1 element(s).
Partition 9............................: 1 element(s).
Parameter ignored......................: YN98.freq_Codon.1_Full.theta_1
Parameter ignored......................: YN98.freq_Codon.1_Full.theta1_1
Parameter ignored......................: YN98.freq_Codon.1_Full.theta2_1
Parameter ignored......................: YN98.freq_Codon.2_Full.theta_1
Parameter ignored......................: YN98.freq_Codon.2_Full.theta1_1
Parameter ignored......................: YN98.freq_Codon.2_Full.theta2_1
Parameter ignored......................: YN98.freq_Codon.3_Full.theta_1
Parameter ignored......................: YN98.freq_Codon.3_Full.theta1_1
Parameter ignored......................: YN98.freq_Codon.3_Full.theta2_1
**************************************************

* New NH model - LogL..................: -45368.2
               - df....................: 50
               - LRT p-value...........: 0.000260031
               - AIC...................: 90836.4
               - BIC...................: 91105.5
Current threshold......................: 0.666356
Number of real partitions..............: 10
Partition 1............................: 4 element(s).
Partition 2............................: 3 element(s).
Partition 3............................: 7 element(s).
Partition 4............................: 4 element(s).
Partition 5............................: 4 element(s).
Partition 6............................: 1 element(s).
Partition 7............................: 1 element(s).
Partition 8............................: 1 element(s).
Partition 9............................: 2 element(s).
Partition 10...........................: 4 element(s).
Parameter ignored......................: YN98.freq_Codon.1_Full.theta_1
Parameter ignored......................: YN98.freq_Codon.1_Full.theta1_1
Parameter ignored......................: YN98.freq_Codon.1_Full.theta2_1
Parameter ignored......................: YN98.freq_Codon.2_Full.theta_1
Parameter ignored......................: YN98.freq_Codon.2_Full.theta1_1
Parameter ignored......................: YN98.freq_Codon.2_Full.theta2_1
Parameter ignored......................: YN98.freq_Codon.3_Full.theta_1
Parameter ignored......................: YN98.freq_Codon.3_Full.theta1_1
Parameter ignored......................: YN98.freq_Codon.3_Full.theta2_1
*****************************

* New NH model - LogL..................: -45368
               - df....................: 51
               - LRT p-value...........: 0.532118
               - AIC...................: 90838
               - BIC...................: 91112.4
Current threshold......................: 0.722379
Number of real partitions..............: 11
Partition 1............................: 4 element(s).
Partition 2............................: 3 element(s).
Partition 3............................: 4 element(s).
Partition 4............................: 4 element(s).
Partition 5............................: 1 element(s).
Partition 6............................: 1 element(s).
Partition 7............................: 1 element(s).
Partition 8............................: 2 element(s).
Partition 9............................: 4 element(s).
Partition 10...........................: 4 element(s).
Partition 11...........................: 3 element(s).
Parameter ignored......................: YN98.freq_Codon.1_Full.theta_1
Parameter ignored......................: YN98.freq_Codon.1_Full.theta1_1
Parameter ignored......................: YN98.freq_Codon.1_Full.theta2_1
Parameter ignored......................: YN98.freq_Codon.2_Full.theta_1
Parameter ignored......................: YN98.freq_Codon.2_Full.theta1_1
Parameter ignored......................: YN98.freq_Codon.2_Full.theta2_1
Parameter ignored......................: YN98.freq_Codon.3_Full.theta_1
Parameter ignored......................: YN98.freq_Codon.3_Full.theta1_1
Parameter ignored......................: YN98.freq_Codon.3_Full.theta2_1
*************************************

* New NH model - LogL..................: -45364.6
               - df....................: 52
               - LRT p-value...........: 0.0094297
               - AIC...................: 90833.2
               - BIC...................: 91113.1
Current threshold......................: 0.810857
Number of real partitions..............: 12
Partition 1............................: 3 element(s).
Partition 2............................: 4 element(s).
Partition 3............................: 4 element(s).
Partition 4............................: 1 element(s).
Partition 5............................: 1 element(s).
Partition 6............................: 1 element(s).
Partition 7............................: 2 element(s).
Partition 8............................: 4 element(s).
Partition 9............................: 4 element(s).
Partition 10...........................: 3 element(s).
Partition 11...........................: 2 element(s).
Partition 12...........................: 2 element(s).
Parameter ignored......................: YN98.freq_Codon.1_Full.theta_1
Parameter ignored......................: YN98.freq_Codon.1_Full.theta1_1
Parameter ignored......................: YN98.freq_Codon.1_Full.theta2_1
Parameter ignored......................: YN98.freq_Codon.2_Full.theta_1
Parameter ignored......................: YN98.freq_Codon.2_Full.theta1_1
Parameter ignored......................: YN98.freq_Codon.2_Full.theta2_1
Parameter ignored......................: YN98.freq_Codon.3_Full.theta_1
Parameter ignored......................: YN98.freq_Codon.3_Full.theta1_1
Parameter ignored......................: YN98.freq_Codon.3_Full.theta2_1
****************************

* New NH model - LogL..................: -45364.5
               - df....................: 53
               - LRT p-value...........: 0.688263
               - AIC...................: 90835.1
               - BIC...................: 91120.3
Current threshold......................: 0.820996
Number of real partitions..............: 13
Partition 1............................: 3 element(s).
Partition 2............................: 4 element(s).
Partition 3............................: 4 element(s).
Partition 4............................: 1 element(s).
Partition 5............................: 1 element(s).
Partition 6............................: 1 element(s).
Partition 7............................: 2 element(s).
Partition 8............................: 4 element(s).
Partition 9............................: 3 element(s).
Partition 10...........................: 2 element(s).
Partition 11...........................: 2 element(s).
Partition 12...........................: 2 element(s).
Partition 13...........................: 2 element(s).
Parameter ignored......................: YN98.freq_Codon.1_Full.theta_1
Parameter ignored......................: YN98.freq_Codon.1_Full.theta1_1
Parameter ignored......................: YN98.freq_Codon.1_Full.theta2_1
Parameter ignored......................: YN98.freq_Codon.2_Full.theta_1
Parameter ignored......................: YN98.freq_Codon.2_Full.theta1_1
Parameter ignored......................: YN98.freq_Codon.2_Full.theta2_1
Parameter ignored......................: YN98.freq_Codon.3_Full.theta_1
Parameter ignored......................: YN98.freq_Codon.3_Full.theta1_1
Parameter ignored......................: YN98.freq_Codon.3_Full.theta2_1
*************************

* New NH model - LogL..................: -45364.5
               - df....................: 54
               - LRT p-value...........: 0.850757
               - AIC...................: 90837
               - BIC...................: 91127.7
Current threshold......................: 0.822785
Number of real partitions..............: 14
Partition 1............................: 4 element(s).
Partition 2............................: 4 element(s).
Partition 3............................: 1 element(s).
Partition 4............................: 1 element(s).
Partition 5............................: 1 element(s).
Partition 6............................: 2 element(s).
Partition 7............................: 4 element(s).
Partition 8............................: 3 element(s).
Partition 9............................: 2 element(s).
Partition 10...........................: 2 element(s).
Partition 11...........................: 2 element(s).
Partition 12...........................: 2 element(s).
Partition 13...........................: 2 element(s).
Partition 14...........................: 1 element(s).
Parameter ignored......................: YN98.freq_Codon.1_Full.theta_1
Parameter ignored......................: YN98.freq_Codon.1_Full.theta1_1
Parameter ignored......................: YN98.freq_Codon.1_Full.theta2_1
Parameter ignored......................: YN98.freq_Codon.2_Full.theta_1
Parameter ignored......................: YN98.freq_Codon.2_Full.theta1_1
Parameter ignored......................: YN98.freq_Codon.2_Full.theta2_1
Parameter ignored......................: YN98.freq_Codon.3_Full.theta_1
Parameter ignored......................: YN98.freq_Codon.3_Full.theta1_1
Parameter ignored......................: YN98.freq_Codon.3_Full.theta2_1
*********************************************************

* New NH model - LogL..................: -45364.4
               - df....................: 55
               - LRT p-value...........: 0.580253
               - AIC...................: 90838.7
               - BIC...................: 91134.7
Current threshold......................: 0.901603
Number of real partitions..............: 15
Partition 1............................: 4 element(s).
Partition 2............................: 4 element(s).
Partition 3............................: 1 element(s).
Partition 4............................: 1 element(s).
Partition 5............................: 1 element(s).
Partition 6............................: 2 element(s).
Partition 7............................: 3 element(s).
Partition 8............................: 2 element(s).
Partition 9............................: 2 element(s).
Partition 10...........................: 2 element(s).
Partition 11...........................: 2 element(s).
Partition 12...........................: 2 element(s).
Partition 13...........................: 1 element(s).
Partition 14...........................: 1 element(s).
Partition 15...........................: 3 element(s).
Parameter ignored......................: YN98.freq_Codon.1_Full.theta_1
Parameter ignored......................: YN98.freq_Codon.1_Full.theta1_1
Parameter ignored......................: YN98.freq_Codon.1_Full.theta2_1
Parameter ignored......................: YN98.freq_Codon.2_Full.theta_1
Parameter ignored......................: YN98.freq_Codon.2_Full.theta1_1
Parameter ignored......................: YN98.freq_Codon.2_Full.theta2_1
Parameter ignored......................: YN98.freq_Codon.3_Full.theta_1
Parameter ignored......................: YN98.freq_Codon.3_Full.theta1_1
Parameter ignored......................: YN98.freq_Codon.3_Full.theta2_1
**********************************

* New NH model - LogL..................: -45364.1
               - df....................: 56
               - LRT p-value...........: 0.442116
               - AIC...................: 90840.2
               - BIC...................: 91141.5
Current threshold......................: 0.914007
Number of real partitions..............: 16
Partition 1............................: 4 element(s).
Partition 2............................: 4 element(s).
Partition 3............................: 1 element(s).
Partition 4............................: 1 element(s).
Partition 5............................: 1 element(s).
Partition 6............................: 2 element(s).
Partition 7............................: 3 element(s).
Partition 8............................: 2 element(s).
Partition 9............................: 2 element(s).
Partition 10...........................: 2 element(s).
Partition 11...........................: 2 element(s).
Partition 12...........................: 1 element(s).
Partition 13...........................: 1 element(s).
Partition 14...........................: 3 element(s).
Partition 15...........................: 1 element(s).
Partition 16...........................: 1 element(s).
Parameter ignored......................: YN98.freq_Codon.1_Full.theta_1
Parameter ignored......................: YN98.freq_Codon.1_Full.theta1_1
Parameter ignored......................: YN98.freq_Codon.1_Full.theta2_1
Parameter ignored......................: YN98.freq_Codon.2_Full.theta_1
Parameter ignored......................: YN98.freq_Codon.2_Full.theta1_1
Parameter ignored......................: YN98.freq_Codon.2_Full.theta2_1
Parameter ignored......................: YN98.freq_Codon.3_Full.theta_1
Parameter ignored......................: YN98.freq_Codon.3_Full.theta1_1
Parameter ignored......................: YN98.freq_Codon.3_Full.theta2_1
****************************************************

* New NH model - LogL..................: -45363.7
               - df....................: 57
               - LRT p-value...........: 0.376794
               - AIC...................: 90841.4
               - BIC...................: 91148.1
Current threshold......................: 0.91925
Number of real partitions..............: 17
Partition 1............................: 4 element(s).
Partition 2............................: 1 element(s).
Partition 3............................: 1 element(s).
Partition 4............................: 1 element(s).
Partition 5............................: 2 element(s).
Partition 6............................: 3 element(s).
Partition 7............................: 2 element(s).
Partition 8............................: 2 element(s).
Partition 9............................: 2 element(s).
Partition 10...........................: 2 element(s).
Partition 11...........................: 1 element(s).
Partition 12...........................: 1 element(s).
Partition 13...........................: 3 element(s).
Partition 14...........................: 1 element(s).
Partition 15...........................: 1 element(s).
Partition 16...........................: 3 element(s).
Partition 17...........................: 1 element(s).
Parameter ignored......................: YN98.freq_Codon.1_Full.theta_1
Parameter ignored......................: YN98.freq_Codon.1_Full.theta1_1
Parameter ignored......................: YN98.freq_Codon.1_Full.theta2_1
Parameter ignored......................: YN98.freq_Codon.2_Full.theta_1
Parameter ignored......................: YN98.freq_Codon.2_Full.theta1_1
Parameter ignored......................: YN98.freq_Codon.2_Full.theta2_1
Parameter ignored......................: YN98.freq_Codon.3_Full.theta_1
Parameter ignored......................: YN98.freq_Codon.3_Full.theta1_1
Parameter ignored......................: YN98.freq_Codon.3_Full.theta2_1
******************************************************************************************

* New NH model - LogL..................: -45363.4
               - df....................: 58
               - LRT p-value...........: 0.471048
               - AIC...................: 90842.9
               - BIC...................: 91155
Current threshold......................: 0.926865
Number of real partitions..............: 18
Partition 1............................: 4 element(s).
Partition 2............................: 1 element(s).
Partition 3............................: 1 element(s).
Partition 4............................: 1 element(s).
Partition 5............................: 2 element(s).
Partition 6............................: 3 element(s).
Partition 7............................: 2 element(s).
Partition 8............................: 2 element(s).
Partition 9............................: 2 element(s).
Partition 10...........................: 2 element(s).
Partition 11...........................: 1 element(s).
Partition 12...........................: 1 element(s).
Partition 13...........................: 1 element(s).
Partition 14...........................: 1 element(s).
Partition 15...........................: 3 element(s).
Partition 16...........................: 1 element(s).
Partition 17...........................: 2 element(s).
Partition 18...........................: 1 element(s).
Parameter ignored......................: YN98.freq_Codon.1_Full.theta_1
Parameter ignored......................: YN98.freq_Codon.1_Full.theta1_1
Parameter ignored......................: YN98.freq_Codon.1_Full.theta2_1
Parameter ignored......................: YN98.freq_Codon.2_Full.theta_1
Parameter ignored......................: YN98.freq_Codon.2_Full.theta1_1
Parameter ignored......................: YN98.freq_Codon.2_Full.theta2_1
Parameter ignored......................: YN98.freq_Codon.3_Full.theta_1
Parameter ignored......................: YN98.freq_Codon.3_Full.theta1_1
Parameter ignored......................: YN98.freq_Codon.3_Full.theta2_1
***********************************************************************************

* New NH model - LogL..................: -45362.8
               - df....................: 59
               - LRT p-value...........: 0.26813
               - AIC...................: 90843.6
               - BIC...................: 91161.1
Current threshold......................: 0.933081
Number of real partitions..............: 19
Partition 1............................: 4 element(s).
Partition 2............................: 1 element(s).
Partition 3............................: 1 element(s).
Partition 4............................: 1 element(s).
Partition 5............................: 2 element(s).
Partition 6............................: 2 element(s).
Partition 7............................: 2 element(s).
Partition 8............................: 2 element(s).
Partition 9............................: 2 element(s).
Partition 10...........................: 1 element(s).
Partition 11...........................: 1 element(s).
Partition 12...........................: 1 element(s).
Partition 13...........................: 1 element(s).
Partition 14...........................: 3 element(s).
Partition 15...........................: 1 element(s).
Partition 16...........................: 2 element(s).
Partition 17...........................: 1 element(s).
Partition 18...........................: 1 element(s).
Partition 19...........................: 2 element(s).
Parameter ignored......................: YN98.freq_Codon.1_Full.theta_1
Parameter ignored......................: YN98.freq_Codon.1_Full.theta1_1
Parameter ignored......................: YN98.freq_Codon.1_Full.theta2_1
Parameter ignored......................: YN98.freq_Codon.2_Full.theta_1
Parameter ignored......................: YN98.freq_Codon.2_Full.theta1_1
Parameter ignored......................: YN98.freq_Codon.2_Full.theta2_1
Parameter ignored......................: YN98.freq_Codon.3_Full.theta_1
Parameter ignored......................: YN98.freq_Codon.3_Full.theta1_1
Parameter ignored......................: YN98.freq_Codon.3_Full.theta2_1
******************

* New NH model - LogL..................: -45362.8
               - df....................: 60
               - LRT p-value...........: 0.991168
               - AIC...................: 90845.6
               - BIC...................: 91168.5
Current threshold......................: 0.940296
Number of real partitions..............: 20
Partition 1............................: 4 element(s).
Partition 2............................: 1 element(s).
Partition 3............................: 1 element(s).
Partition 4............................: 1 element(s).
Partition 5............................: 2 element(s).
Partition 6............................: 2 element(s).
Partition 7............................: 2 element(s).
Partition 8............................: 2 element(s).
Partition 9............................: 1 element(s).
Partition 10...........................: 1 element(s).
Partition 11...........................: 1 element(s).
Partition 12...........................: 1 element(s).
Partition 13...........................: 3 element(s).
Partition 14...........................: 1 element(s).
Partition 15...........................: 2 element(s).
Partition 16...........................: 1 element(s).
Partition 17...........................: 1 element(s).
Partition 18...........................: 2 element(s).
Partition 19...........................: 1 element(s).
Partition 20...........................: 1 element(s).
Parameter ignored......................: YN98.freq_Codon.1_Full.theta_1
Parameter ignored......................: YN98.freq_Codon.1_Full.theta1_1
Parameter ignored......................: YN98.freq_Codon.1_Full.theta2_1
Parameter ignored......................: YN98.freq_Codon.2_Full.theta_1
Parameter ignored......................: YN98.freq_Codon.2_Full.theta1_1
Parameter ignored......................: YN98.freq_Codon.2_Full.theta2_1
Parameter ignored......................: YN98.freq_Codon.3_Full.theta_1
Parameter ignored......................: YN98.freq_Codon.3_Full.theta1_1
Parameter ignored......................: YN98.freq_Codon.3_Full.theta2_1
*******************************************

* New NH model - LogL..................: -45362.5
               - df....................: 61
               - LRT p-value...........: 0.427765
               - AIC...................: 90847
               - BIC...................: 91175.3
Current threshold......................: 0.949241
Number of real partitions..............: 21
Partition 1............................: 1 element(s).
Partition 2............................: 1 element(s).
Partition 3............................: 1 element(s).
Partition 4............................: 2 element(s).
Partition 5............................: 2 element(s).
Partition 6............................: 2 element(s).
Partition 7............................: 2 element(s).
Partition 8............................: 1 element(s).
Partition 9............................: 1 element(s).
Partition 10...........................: 1 element(s).
Partition 11...........................: 1 element(s).
Partition 12...........................: 3 element(s).
Partition 13...........................: 1 element(s).
Partition 14...........................: 2 element(s).
Partition 15...........................: 1 element(s).
Partition 16...........................: 1 element(s).
Partition 17...........................: 2 element(s).
Partition 18...........................: 1 element(s).
Partition 19...........................: 1 element(s).
Partition 20...........................: 1 element(s).
Partition 21...........................: 3 element(s).
Parameter ignored......................: YN98.freq_Codon.1_Full.theta_1
Parameter ignored......................: YN98.freq_Codon.1_Full.theta1_1
Parameter ignored......................: YN98.freq_Codon.1_Full.theta2_1
Parameter ignored......................: YN98.freq_Codon.2_Full.theta_1
Parameter ignored......................: YN98.freq_Codon.2_Full.theta1_1
Parameter ignored......................: YN98.freq_Codon.2_Full.theta2_1
Parameter ignored......................: YN98.freq_Codon.3_Full.theta_1
Parameter ignored......................: YN98.freq_Codon.3_Full.theta1_1
Parameter ignored......................: YN98.freq_Codon.3_Full.theta2_1
****************************************

* New NH model - LogL..................: -45362
               - df....................: 62
               - LRT p-value...........: 0.325306
               - AIC...................: 90848
               - BIC...................: 91181.7
Model description output to file.......: MantellidDataset.model_free_AIC.bpp
Output parameter table to..............: MantellidDataset.ml_nh_free_AIC.parameters.csv
Output partitions record to............: MantellidDataset.partitions_record_free_AIC.txt
Wrote tree to file ....................: MantellidDataset.ml_nh_free_AIC.nhx
Partitions output to file..............: MantellidDataset.partitions_free_AIC.dnd
PartNH's done. Bye.
Total execution time: 0.000000d, 9.000000h, 48.000000m, 4.000000s.
